<?xml version="1.0" encoding="UTF-8"?>
<testsuite xmlns:xsi="http://www.w3.org/2001/XMLSchema-instance" xsi:noNamespaceSchemaLocation="https://maven.apache.org/surefire/maven-surefire-plugin/xsd/surefire-test-report-3.0.xsd" version="3.0" name="TestSuite" time="478.365" tests="46" errors="0" skipped="0" failures="22">
  <properties>
    <property name="sun.desktop" value="windows"/>
    <property name="awt.toolkit" value="sun.awt.windows.WToolkit"/>
    <property name="file.encoding.pkg" value="sun.io"/>
    <property name="java.specification.version" value="1.8"/>
    <property name="webdriver.chrome.driver" value="C:/BrowserDriver/chromedriver.exe"/>
    <property name="sun.cpu.isalist" value="amd64"/>
    <property name="sun.jnu.encoding" value="Cp1252"/>
    <property name="java.class.path" value="G:\Abul Hossain Chowdhury\Projects\Ultimate_Cucumber_learning\target\test-classes;G:\Abul Hossain Chowdhury\Projects\Ultimate_Cucumber_learning\target\classes;C:\Users\h.abul\.m2\repository\io\cucumber\cucumber-java\7.11.2\cucumber-java-7.11.2.jar;C:\Users\h.abul\.m2\repository\org\apiguardian\apiguardian-api\1.1.2\apiguardian-api-1.1.2.jar;C:\Users\h.abul\.m2\repository\io\cucumber\cucumber-core\7.11.2\cucumber-core-7.11.2.jar;C:\Users\h.abul\.m2\repository\io\cucumber\cucumber-gherkin\7.11.2\cucumber-gherkin-7.11.2.jar;C:\Users\h.abul\.m2\repository\io\cucumber\cucumber-gherkin-messages\7.11.2\cucumber-gherkin-messages-7.11.2.jar;C:\Users\h.abul\.m2\repository\io\cucumber\gherkin\26.0.3\gherkin-26.0.3.jar;C:\Users\h.abul\.m2\repository\io\cucumber\messages\21.0.1\messages-21.0.1.jar;C:\Users\h.abul\.m2\repository\io\cucumber\tag-expressions\5.0.1\tag-expressions-5.0.1.jar;C:\Users\h.abul\.m2\repository\io\cucumber\cucumber-expressions\16.1.2\cucumber-expressions-16.1.2.jar;C:\Users\h.abul\.m2\repository\io\cucumber\datatable\7.11.2\datatable-7.11.2.jar;C:\Users\h.abul\.m2\repository\io\cucumber\cucumber-plugin\7.11.2\cucumber-plugin-7.11.2.jar;C:\Users\h.abul\.m2\repository\io\cucumber\docstring\7.11.2\docstring-7.11.2.jar;C:\Users\h.abul\.m2\repository\io\cucumber\html-formatter\20.2.1\html-formatter-20.2.1.jar;C:\Users\h.abul\.m2\repository\io\cucumber\junit-xml-formatter\0.1.0\junit-xml-formatter-0.1.0.jar;C:\Users\h.abul\.m2\repository\io\cucumber\ci-environment\9.1.0\ci-environment-9.1.0.jar;C:\Users\h.abul\.m2\repository\io\cucumber\cucumber-testng\7.11.2\cucumber-testng-7.11.2.jar;C:\Users\h.abul\.m2\repository\org\seleniumhq\selenium\selenium-java\3.141.59\selenium-java-3.141.59.jar;C:\Users\h.abul\.m2\repository\org\seleniumhq\selenium\selenium-api\3.141.59\selenium-api-3.141.59.jar;C:\Users\h.abul\.m2\repository\org\seleniumhq\selenium\selenium-chrome-driver\3.141.59\selenium-chrome-driver-3.141.59.jar;C:\Users\h.abul\.m2\repository\org\seleniumhq\selenium\selenium-edge-driver\3.141.59\selenium-edge-driver-3.141.59.jar;C:\Users\h.abul\.m2\repository\org\seleniumhq\selenium\selenium-firefox-driver\3.141.59\selenium-firefox-driver-3.141.59.jar;C:\Users\h.abul\.m2\repository\org\seleniumhq\selenium\selenium-ie-driver\3.141.59\selenium-ie-driver-3.141.59.jar;C:\Users\h.abul\.m2\repository\org\seleniumhq\selenium\selenium-opera-driver\3.141.59\selenium-opera-driver-3.141.59.jar;C:\Users\h.abul\.m2\repository\org\seleniumhq\selenium\selenium-remote-driver\3.141.59\selenium-remote-driver-3.141.59.jar;C:\Users\h.abul\.m2\repository\org\seleniumhq\selenium\selenium-safari-driver\3.141.59\selenium-safari-driver-3.141.59.jar;C:\Users\h.abul\.m2\repository\org\seleniumhq\selenium\selenium-support\3.141.59\selenium-support-3.141.59.jar;C:\Users\h.abul\.m2\repository\net\bytebuddy\byte-buddy\1.8.15\byte-buddy-1.8.15.jar;C:\Users\h.abul\.m2\repository\org\apache\commons\commons-exec\1.3\commons-exec-1.3.jar;C:\Users\h.abul\.m2\repository\com\google\guava\guava\25.0-jre\guava-25.0-jre.jar;C:\Users\h.abul\.m2\repository\org\checkerframework\checker-compat-qual\2.0.0\checker-compat-qual-2.0.0.jar;C:\Users\h.abul\.m2\repository\com\google\errorprone\error_prone_annotations\2.1.3\error_prone_annotations-2.1.3.jar;C:\Users\h.abul\.m2\repository\com\google\j2objc\j2objc-annotations\1.1\j2objc-annotations-1.1.jar;C:\Users\h.abul\.m2\repository\org\codehaus\mojo\animal-sniffer-annotations\1.14\animal-sniffer-annotations-1.14.jar;C:\Users\h.abul\.m2\repository\com\squareup\okhttp3\okhttp\3.11.0\okhttp-3.11.0.jar;C:\Users\h.abul\.m2\repository\com\squareup\okio\okio\1.14.0\okio-1.14.0.jar;C:\Users\h.abul\.m2\repository\io\github\bonigarcia\webdrivermanager\5.3.0\webdrivermanager-5.3.0.jar;C:\Users\h.abul\.m2\repository\com\google\code\gson\gson\2.9.1\gson-2.9.1.jar;C:\Users\h.abul\.m2\repository\com\github\docker-java\docker-java\3.2.13\docker-java-3.2.13.jar;C:\Users\h.abul\.m2\repository\com\github\docker-java\docker-java-core\3.2.13\docker-java-core-3.2.13.jar;C:\Users\h.abul\.m2\repository\com\github\docker-java\docker-java-api\3.2.13\docker-java-api-3.2.13.jar;C:\Users\h.abul\.m2\repository\com\fasterxml\jackson\core\jackson-annotations\2.10.3\jackson-annotations-2.10.3.jar;C:\Users\h.abul\.m2\repository\commons-io\commons-io\2.6\commons-io-2.6.jar;C:\Users\h.abul\.m2\repository\org\apache\commons\commons-compress\1.21\commons-compress-1.21.jar;C:\Users\h.abul\.m2\repository\com\fasterxml\jackson\core\jackson-databind\2.10.3\jackson-databind-2.10.3.jar;C:\Users\h.abul\.m2\repository\com\fasterxml\jackson\core\jackson-core\2.10.3\jackson-core-2.10.3.jar;C:\Users\h.abul\.m2\repository\org\bouncycastle\bcpkix-jdk15on\1.64\bcpkix-jdk15on-1.64.jar;C:\Users\h.abul\.m2\repository\org\bouncycastle\bcprov-jdk15on\1.64\bcprov-jdk15on-1.64.jar;C:\Users\h.abul\.m2\repository\org\slf4j\jcl-over-slf4j\1.7.30\jcl-over-slf4j-1.7.30.jar;C:\Users\h.abul\.m2\repository\com\github\docker-java\docker-java-transport-httpclient5\3.2.13\docker-java-transport-httpclient5-3.2.13.jar;C:\Users\h.abul\.m2\repository\com\github\docker-java\docker-java-transport\3.2.13\docker-java-transport-3.2.13.jar;C:\Users\h.abul\.m2\repository\net\java\dev\jna\jna\5.8.0\jna-5.8.0.jar;C:\Users\h.abul\.m2\repository\org\brotli\dec\0.1.2\dec-0.1.2.jar;C:\Users\h.abul\.m2\repository\org\apache\commons\commons-lang3\3.12.0\commons-lang3-3.12.0.jar;C:\Users\h.abul\.m2\repository\org\apache\httpcomponents\client5\httpclient5\5.1.3\httpclient5-5.1.3.jar;C:\Users\h.abul\.m2\repository\org\apache\httpcomponents\core5\httpcore5\5.1.3\httpcore5-5.1.3.jar;C:\Users\h.abul\.m2\repository\org\apache\httpcomponents\core5\httpcore5-h2\5.1.3\httpcore5-h2-5.1.3.jar;C:\Users\h.abul\.m2\repository\commons-codec\commons-codec\1.15\commons-codec-1.15.jar;C:\Users\h.abul\.m2\repository\org\testng\testng\7.5.1\testng-7.5.1.jar;C:\Users\h.abul\.m2\repository\com\google\code\findbugs\jsr305\3.0.1\jsr305-3.0.1.jar;C:\Users\h.abul\.m2\repository\com\beust\jcommander\1.78\jcommander-1.78.jar;C:\Users\h.abul\.m2\repository\org\webjars\jquery\3.5.1\jquery-3.5.1.jar;C:\Users\h.abul\.m2\repository\org\slf4j\slf4j-api\2.0.7\slf4j-api-2.0.7.jar;C:\Users\h.abul\.m2\repository\com\googlecode\json-simple\json-simple\1.1.1\json-simple-1.1.1.jar;C:\Users\h.abul\.m2\repository\junit\junit\4.10\junit-4.10.jar;C:\Users\h.abul\.m2\repository\org\hamcrest\hamcrest-core\1.1\hamcrest-core-1.1.jar;"/>
    <property name="java.vm.vendor" value="Oracle Corporation"/>
    <property name="sun.arch.data.model" value="64"/>
    <property name="user.variant" value=""/>
    <property name="java.vendor.url" value="http://java.oracle.com/"/>
    <property name="user.timezone" value="Asia/Dhaka"/>
    <property name="java.vm.specification.version" value="1.8"/>
    <property name="os.name" value="Windows 10"/>
    <property name="user.country" value="US"/>
    <property name="sun.java.launcher" value="SUN_STANDARD"/>
    <property name="sun.boot.library.path" value="C:\Program Files\Java\jdk1.8.0_202\jre\bin"/>
    <property name="sun.java.command" value="C:\Users\h.abul\AppData\Local\Temp\surefire7479400928473994554\surefirebooter1519451543976166407.jar C:\Users\h.abul\AppData\Local\Temp\surefire7479400928473994554 2024-01-08T16-11-31_348-jvmRun1 surefire8825744929838507679tmp surefire_02378408586053636893tmp"/>
    <property name="surefire.test.class.path" value="G:\Abul Hossain Chowdhury\Projects\Ultimate_Cucumber_learning\target\test-classes;G:\Abul Hossain Chowdhury\Projects\Ultimate_Cucumber_learning\target\classes;C:\Users\h.abul\.m2\repository\io\cucumber\cucumber-java\7.11.2\cucumber-java-7.11.2.jar;C:\Users\h.abul\.m2\repository\org\apiguardian\apiguardian-api\1.1.2\apiguardian-api-1.1.2.jar;C:\Users\h.abul\.m2\repository\io\cucumber\cucumber-core\7.11.2\cucumber-core-7.11.2.jar;C:\Users\h.abul\.m2\repository\io\cucumber\cucumber-gherkin\7.11.2\cucumber-gherkin-7.11.2.jar;C:\Users\h.abul\.m2\repository\io\cucumber\cucumber-gherkin-messages\7.11.2\cucumber-gherkin-messages-7.11.2.jar;C:\Users\h.abul\.m2\repository\io\cucumber\gherkin\26.0.3\gherkin-26.0.3.jar;C:\Users\h.abul\.m2\repository\io\cucumber\messages\21.0.1\messages-21.0.1.jar;C:\Users\h.abul\.m2\repository\io\cucumber\tag-expressions\5.0.1\tag-expressions-5.0.1.jar;C:\Users\h.abul\.m2\repository\io\cucumber\cucumber-expressions\16.1.2\cucumber-expressions-16.1.2.jar;C:\Users\h.abul\.m2\repository\io\cucumber\datatable\7.11.2\datatable-7.11.2.jar;C:\Users\h.abul\.m2\repository\io\cucumber\cucumber-plugin\7.11.2\cucumber-plugin-7.11.2.jar;C:\Users\h.abul\.m2\repository\io\cucumber\docstring\7.11.2\docstring-7.11.2.jar;C:\Users\h.abul\.m2\repository\io\cucumber\html-formatter\20.2.1\html-formatter-20.2.1.jar;C:\Users\h.abul\.m2\repository\io\cucumber\junit-xml-formatter\0.1.0\junit-xml-formatter-0.1.0.jar;C:\Users\h.abul\.m2\repository\io\cucumber\ci-environment\9.1.0\ci-environment-9.1.0.jar;C:\Users\h.abul\.m2\repository\io\cucumber\cucumber-testng\7.11.2\cucumber-testng-7.11.2.jar;C:\Users\h.abul\.m2\repository\org\seleniumhq\selenium\selenium-java\3.141.59\selenium-java-3.141.59.jar;C:\Users\h.abul\.m2\repository\org\seleniumhq\selenium\selenium-api\3.141.59\selenium-api-3.141.59.jar;C:\Users\h.abul\.m2\repository\org\seleniumhq\selenium\selenium-chrome-driver\3.141.59\selenium-chrome-driver-3.141.59.jar;C:\Users\h.abul\.m2\repository\org\seleniumhq\selenium\selenium-edge-driver\3.141.59\selenium-edge-driver-3.141.59.jar;C:\Users\h.abul\.m2\repository\org\seleniumhq\selenium\selenium-firefox-driver\3.141.59\selenium-firefox-driver-3.141.59.jar;C:\Users\h.abul\.m2\repository\org\seleniumhq\selenium\selenium-ie-driver\3.141.59\selenium-ie-driver-3.141.59.jar;C:\Users\h.abul\.m2\repository\org\seleniumhq\selenium\selenium-opera-driver\3.141.59\selenium-opera-driver-3.141.59.jar;C:\Users\h.abul\.m2\repository\org\seleniumhq\selenium\selenium-remote-driver\3.141.59\selenium-remote-driver-3.141.59.jar;C:\Users\h.abul\.m2\repository\org\seleniumhq\selenium\selenium-safari-driver\3.141.59\selenium-safari-driver-3.141.59.jar;C:\Users\h.abul\.m2\repository\org\seleniumhq\selenium\selenium-support\3.141.59\selenium-support-3.141.59.jar;C:\Users\h.abul\.m2\repository\net\bytebuddy\byte-buddy\1.8.15\byte-buddy-1.8.15.jar;C:\Users\h.abul\.m2\repository\org\apache\commons\commons-exec\1.3\commons-exec-1.3.jar;C:\Users\h.abul\.m2\repository\com\google\guava\guava\25.0-jre\guava-25.0-jre.jar;C:\Users\h.abul\.m2\repository\org\checkerframework\checker-compat-qual\2.0.0\checker-compat-qual-2.0.0.jar;C:\Users\h.abul\.m2\repository\com\google\errorprone\error_prone_annotations\2.1.3\error_prone_annotations-2.1.3.jar;C:\Users\h.abul\.m2\repository\com\google\j2objc\j2objc-annotations\1.1\j2objc-annotations-1.1.jar;C:\Users\h.abul\.m2\repository\org\codehaus\mojo\animal-sniffer-annotations\1.14\animal-sniffer-annotations-1.14.jar;C:\Users\h.abul\.m2\repository\com\squareup\okhttp3\okhttp\3.11.0\okhttp-3.11.0.jar;C:\Users\h.abul\.m2\repository\com\squareup\okio\okio\1.14.0\okio-1.14.0.jar;C:\Users\h.abul\.m2\repository\io\github\bonigarcia\webdrivermanager\5.3.0\webdrivermanager-5.3.0.jar;C:\Users\h.abul\.m2\repository\com\google\code\gson\gson\2.9.1\gson-2.9.1.jar;C:\Users\h.abul\.m2\repository\com\github\docker-java\docker-java\3.2.13\docker-java-3.2.13.jar;C:\Users\h.abul\.m2\repository\com\github\docker-java\docker-java-core\3.2.13\docker-java-core-3.2.13.jar;C:\Users\h.abul\.m2\repository\com\github\docker-java\docker-java-api\3.2.13\docker-java-api-3.2.13.jar;C:\Users\h.abul\.m2\repository\com\fasterxml\jackson\core\jackson-annotations\2.10.3\jackson-annotations-2.10.3.jar;C:\Users\h.abul\.m2\repository\commons-io\commons-io\2.6\commons-io-2.6.jar;C:\Users\h.abul\.m2\repository\org\apache\commons\commons-compress\1.21\commons-compress-1.21.jar;C:\Users\h.abul\.m2\repository\com\fasterxml\jackson\core\jackson-databind\2.10.3\jackson-databind-2.10.3.jar;C:\Users\h.abul\.m2\repository\com\fasterxml\jackson\core\jackson-core\2.10.3\jackson-core-2.10.3.jar;C:\Users\h.abul\.m2\repository\org\bouncycastle\bcpkix-jdk15on\1.64\bcpkix-jdk15on-1.64.jar;C:\Users\h.abul\.m2\repository\org\bouncycastle\bcprov-jdk15on\1.64\bcprov-jdk15on-1.64.jar;C:\Users\h.abul\.m2\repository\org\slf4j\jcl-over-slf4j\1.7.30\jcl-over-slf4j-1.7.30.jar;C:\Users\h.abul\.m2\repository\com\github\docker-java\docker-java-transport-httpclient5\3.2.13\docker-java-transport-httpclient5-3.2.13.jar;C:\Users\h.abul\.m2\repository\com\github\docker-java\docker-java-transport\3.2.13\docker-java-transport-3.2.13.jar;C:\Users\h.abul\.m2\repository\net\java\dev\jna\jna\5.8.0\jna-5.8.0.jar;C:\Users\h.abul\.m2\repository\org\brotli\dec\0.1.2\dec-0.1.2.jar;C:\Users\h.abul\.m2\repository\org\apache\commons\commons-lang3\3.12.0\commons-lang3-3.12.0.jar;C:\Users\h.abul\.m2\repository\org\apache\httpcomponents\client5\httpclient5\5.1.3\httpclient5-5.1.3.jar;C:\Users\h.abul\.m2\repository\org\apache\httpcomponents\core5\httpcore5\5.1.3\httpcore5-5.1.3.jar;C:\Users\h.abul\.m2\repository\org\apache\httpcomponents\core5\httpcore5-h2\5.1.3\httpcore5-h2-5.1.3.jar;C:\Users\h.abul\.m2\repository\commons-codec\commons-codec\1.15\commons-codec-1.15.jar;C:\Users\h.abul\.m2\repository\org\testng\testng\7.5.1\testng-7.5.1.jar;C:\Users\h.abul\.m2\repository\com\google\code\findbugs\jsr305\3.0.1\jsr305-3.0.1.jar;C:\Users\h.abul\.m2\repository\com\beust\jcommander\1.78\jcommander-1.78.jar;C:\Users\h.abul\.m2\repository\org\webjars\jquery\3.5.1\jquery-3.5.1.jar;C:\Users\h.abul\.m2\repository\org\slf4j\slf4j-api\2.0.7\slf4j-api-2.0.7.jar;C:\Users\h.abul\.m2\repository\com\googlecode\json-simple\json-simple\1.1.1\json-simple-1.1.1.jar;C:\Users\h.abul\.m2\repository\junit\junit\4.10\junit-4.10.jar;C:\Users\h.abul\.m2\repository\org\hamcrest\hamcrest-core\1.1\hamcrest-core-1.1.jar;"/>
    <property name="sun.cpu.endian" value="little"/>
    <property name="user.home" value="C:\Users\h.abul"/>
    <property name="user.language" value="en"/>
    <property name="java.specification.vendor" value="Oracle Corporation"/>
    <property name="java.home" value="C:\Program Files\Java\jdk1.8.0_202\jre"/>
    <property name="basedir" value="G:\Abul Hossain Chowdhury\Projects\Ultimate_Cucumber_learning"/>
    <property name="file.separator" value="\"/>
    <property name="line.separator" value="&#10;"/>
    <property name="java.vm.specification.vendor" value="Oracle Corporation"/>
    <property name="java.specification.name" value="Java Platform API Specification"/>
    <property name="java.awt.graphicsenv" value="sun.awt.Win32GraphicsEnvironment"/>
    <property name="surefire.real.class.path" value="C:\Users\h.abul\AppData\Local\Temp\surefire7479400928473994554\surefirebooter1519451543976166407.jar"/>
    <property name="sun.boot.class.path" value="C:\Program Files\Java\jdk1.8.0_202\jre\lib\resources.jar;C:\Program Files\Java\jdk1.8.0_202\jre\lib\rt.jar;C:\Program Files\Java\jdk1.8.0_202\jre\lib\sunrsasign.jar;C:\Program Files\Java\jdk1.8.0_202\jre\lib\jsse.jar;C:\Program Files\Java\jdk1.8.0_202\jre\lib\jce.jar;C:\Program Files\Java\jdk1.8.0_202\jre\lib\charsets.jar;C:\Program Files\Java\jdk1.8.0_202\jre\lib\jfr.jar;C:\Program Files\Java\jdk1.8.0_202\jre\classes"/>
    <property name="user.script" value=""/>
    <property name="sun.management.compiler" value="HotSpot 64-Bit Tiered Compilers"/>
    <property name="java.runtime.version" value="1.8.0_202-b08"/>
    <property name="user.name" value="h.abul"/>
    <property name="path.separator" value=";"/>
    <property name="os.version" value="10.0"/>
    <property name="java.endorsed.dirs" value="C:\Program Files\Java\jdk1.8.0_202\jre\lib\endorsed"/>
    <property name="java.runtime.name" value="Java(TM) SE Runtime Environment"/>
    <property name="file.encoding" value="Cp1252"/>
    <property name="java.vm.name" value="Java HotSpot(TM) 64-Bit Server VM"/>
    <property name="localRepository" value="C:\Users\h.abul\.m2\repository"/>
    <property name="java.vendor.url.bug" value="http://bugreport.sun.com/bugreport/"/>
    <property name="java.io.tmpdir" value="C:\Users\H7D10~1.ABU\AppData\Local\Temp\"/>
    <property name="java.version" value="1.8.0_202"/>
    <property name="user.dir" value="G:\Abul Hossain Chowdhury\Projects\Ultimate_Cucumber_learning"/>
    <property name="os.arch" value="amd64"/>
    <property name="java.vm.specification.name" value="Java Virtual Machine Specification"/>
    <property name="java.awt.printerjob" value="sun.awt.windows.WPrinterJob"/>
    <property name="sun.os.patch.level" value=""/>
    <property name="java.library.path" value="C:\Program Files\Java\jdk1.8.0_202\jre\bin;C:\Windows\Sun\Java\bin;C:\Windows\system32;C:\Windows;C:\Program Files (x86)\Common Files\Oracle\Java\javapath;C:\Windows\system32;C:\Windows;C:\Windows\System32\Wbem;C:\Windows\System32\WindowsPowerShell\v1.0\;C:\Windows\System32\OpenSSH\;C:\Program Files\Git\cmd;C:\Program Files\apache-maven-3.9.3\bin;C:\Program Files\Java\jdk1.8.0_202;C:\Users\h.abul\AppData\Local\Microsoft\WindowsApps;C:\Users\h.abul\AppData\Local\GitHubDesktop\bin;C:\Users\h.abul\AppData\Local\Programs\Microsoft VS Code\bin;."/>
    <property name="java.vm.info" value="mixed mode"/>
    <property name="java.vendor" value="Oracle Corporation"/>
    <property name="java.vm.version" value="25.202-b08"/>
    <property name="java.ext.dirs" value="C:\Program Files\Java\jdk1.8.0_202\jre\lib\ext;C:\Windows\Sun\Java\lib\ext"/>
    <property name="sun.io.unicode.encoding" value="UnicodeLittle"/>
    <property name="java.class.version" value="52.0"/>
  </properties>
  <testcase name="runScenario[&quot;Load dashboard for AIR&quot;, &quot;Dashboard Test&quot;](1)" classname="org.example.Runner.DashboardTestRunner" time="69.542">
    <system-out><![CDATA[
Scenario: Load dashboard for AIR      &amp#27;[90m# ///G:/Abul Hossain Chowdhury/Projects/Cucumber_For_AIR/src/test/resources/Features/Dashboard.feature:3&amp#27;[0m
  &amp#27;[32mGiven &amp#27;[0m&amp#27;[32mlogin for accessing dashboard&amp#27;[0m &amp#27;[90m# org.example.StepDefinitions.Dashboard.dashboard()&amp#27;[0m
  &amp#27;[32mWhen &amp#27;[0m&amp#27;[32mclick the Dashboard&amp#27;[0m            &amp#27;[90m# org.example.StepDefinitions.Dashboard.clickDashboard()&amp#27;[0m
  &amp#27;[32mThen &amp#27;[0m&amp#27;[32mClose Driver for dashboard&amp#27;[0m     &amp#27;[90m# org.example.StepDefinitions.Dashboard.closeDriver()&amp#27;[0m
]]></system-out>
    <system-err><![CDATA[Starting ChromeDriver 116.0.5845.96 (1a391816688002153ef791ffe60d9e899a71a037-refs/branch-heads/5845@{#1382}) on port 38660
Only local connections are allowed.
Please see https://chromedriver.chromium.org/security-considerations for suggestions on keeping ChromeDriver safe.
ChromeDriver was started successfully.
Jan 08, 2024 4:12:13 PM org.openqa.selenium.remote.ProtocolHandshake createSession
INFO: Detected dialect: W3C
]]></system-err>
  </testcase>
  <testcase name="runScenario[&quot;Load Contacts for AIR&quot;, &quot;Contacts Test&quot;](1)" classname="org.example.Runner.ContactsTestRunner" time="50.189">
    <system-out><![CDATA[
Scenario: Load Contacts for AIR      &amp#27;[90m# ///G:/Abul Hossain Chowdhury/Projects/Cucumber_For_AIR/src/test/resources/Features/Contacts.feature:3&amp#27;[0m
  &amp#27;[32mGiven &amp#27;[0m&amp#27;[32mlogin for accessing Contacts&amp#27;[0m &amp#27;[90m# org.example.StepDefinitions.Contacts.contacts()&amp#27;[0m
  &amp#27;[32mWhen &amp#27;[0m&amp#27;[32msearch for employee&amp#27;[0m           &amp#27;[90m# org.example.StepDefinitions.Contacts.search_for_employee()&amp#27;[0m
  &amp#27;[32mThen &amp#27;[0m&amp#27;[32mclose Contacts&amp#27;[0m                &amp#27;[90m# org.example.StepDefinitions.Contacts.close()&amp#27;[0m
]]></system-out>
    <system-err><![CDATA[&amp#27;[32m&amp#27;[1m┌──────────────────────────────────────────────────────────────────────────┐&amp#27;[0m
&amp#27;[32m&amp#27;[1m│&amp#27;[0m View your Cucumber Report at:                                            &amp#27;[32m&amp#27;[1m│&amp#27;[0m
&amp#27;[32m&amp#27;[1m│&amp#27;[0m &amp#27;[1m&amp#27;[36m&amp#27;[4mhttps://reports.cucumber.io/reports/43cee93d-5a45-43a0-8f10-31672fbb5d2a&amp#27;[0m &amp#27;[32m&amp#27;[1m│&amp#27;[0m
&amp#27;[32m&amp#27;[1m│&amp#27;[0m                                                                          &amp#27;[32m&amp#27;[1m│&amp#27;[0m
&amp#27;[32m&amp#27;[1m│&amp#27;[0m &amp#27;[1mThis report will self-destruct in 24h.&amp#27;[0m                                   &amp#27;[32m&amp#27;[1m│&amp#27;[0m
&amp#27;[32m&amp#27;[1m│&amp#27;[0m Keep reports forever: &amp#27;[4m&amp#27;[1m&amp#27;[36mhttps://reports.cucumber.io/profile&amp#27;[0m                &amp#27;[32m&amp#27;[1m│&amp#27;[0m
&amp#27;[32m&amp#27;[1m└──────────────────────────────────────────────────────────────────────────┘&amp#27;[0mStarting ChromeDriver 116.0.5845.96 (1a391816688002153ef791ffe60d9e899a71a037-refs/branch-heads/5845@{#1382}) on port 9789
Only local connections are allowed.
Please see https://chromedriver.chromium.org/security-considerations for suggestions on keeping ChromeDriver safe.
ChromeDriver was started successfully.
Jan 08, 2024 4:13:29 PM org.openqa.selenium.remote.ProtocolHandshake createSession
INFO: Detected dialect: W3C
]]></system-err>
  </testcase>
  <testcase name="runScenario[&quot;Search a PreInvoice for AIR&quot;, &quot;PreInvoice Test&quot;](1)" classname="org.example.Runner.PreInvoiceTestRunner" time="64.584">
    <system-out><![CDATA[
Scenario: Search a PreInvoice for AIR &amp#27;[90m# ///G:/Abul Hossain Chowdhury/Projects/Cucumber_For_AIR/src/test/resources/Features/PreInvoice.feature:4&amp#27;[0m
  &amp#27;[32mGiven &amp#27;[0m&amp#27;[32mLogin to Search PreInvoice&amp#27;[0m    &amp#27;[90m# org.example.StepDefinitions.PreInvoice.login_for_accessing_pre_invoice()&amp#27;[0m
  &amp#27;[32mWhen &amp#27;[0m&amp#27;[32msearch for preInvoice&amp#27;[0m          &amp#27;[90m# org.example.StepDefinitions.PreInvoice.search_for_pre_invoice()&amp#27;[0m
  &amp#27;[32mAnd &amp#27;[0m&amp#27;[32mdescription of a preinvoice&amp#27;[0m     &amp#27;[90m# org.example.StepDefinitions.PreInvoice.description_of_a_preinvoice()&amp#27;[0m
  &amp#27;[32mThen &amp#27;[0m&amp#27;[32mclose PreInvoice for search&amp#27;[0m    &amp#27;[90m# org.example.StepDefinitions.PreInvoice.closePreInvoice()&amp#27;[0m
]]></system-out>
    <system-err><![CDATA[&amp#27;[32m&amp#27;[1m┌──────────────────────────────────────────────────────────────────────────┐&amp#27;[0m
&amp#27;[32m&amp#27;[1m│&amp#27;[0m View your Cucumber Report at:                                            &amp#27;[32m&amp#27;[1m│&amp#27;[0m
&amp#27;[32m&amp#27;[1m│&amp#27;[0m &amp#27;[1m&amp#27;[36m&amp#27;[4mhttps://reports.cucumber.io/reports/0ed954bf-d92c-4233-b64e-83b0cc10b1b2&amp#27;[0m &amp#27;[32m&amp#27;[1m│&amp#27;[0m
&amp#27;[32m&amp#27;[1m│&amp#27;[0m                                                                          &amp#27;[32m&amp#27;[1m│&amp#27;[0m
&amp#27;[32m&amp#27;[1m│&amp#27;[0m &amp#27;[1mThis report will self-destruct in 24h.&amp#27;[0m                                   &amp#27;[32m&amp#27;[1m│&amp#27;[0m
&amp#27;[32m&amp#27;[1m│&amp#27;[0m Keep reports forever: &amp#27;[4m&amp#27;[1m&amp#27;[36mhttps://reports.cucumber.io/profile&amp#27;[0m                &amp#27;[32m&amp#27;[1m│&amp#27;[0m
&amp#27;[32m&amp#27;[1m└──────────────────────────────────────────────────────────────────────────┘&amp#27;[0mStarting ChromeDriver 116.0.5845.96 (1a391816688002153ef791ffe60d9e899a71a037-refs/branch-heads/5845@{#1382}) on port 14787
Only local connections are allowed.
Please see https://chromedriver.chromium.org/security-considerations for suggestions on keeping ChromeDriver safe.
ChromeDriver was started successfully.
Jan 08, 2024 4:14:33 PM org.openqa.selenium.remote.ProtocolHandshake createSession
INFO: Detected dialect: W3C
]]></system-err>
  </testcase>
  <testcase name="runScenario[&quot;Create a new preInvoice&quot;, &quot;PreInvoice Test&quot;](2)" classname="org.example.Runner.PreInvoiceTestRunner" time="175.919">
    <failure message="stale element reference: stale element not found&#10;  (Session info: chrome=116.0.5845.96)&#10;For documentation on this error, please visit: https://www.seleniumhq.org/exceptions/stale_element_reference.html&#10;Build info: version: &apos;3.141.59&apos;, revision: &apos;e82be7d358&apos;, time: &apos;2018-11-14T08:17:03&apos;&#10;System info: host: &apos;HO-P-FAHIM-IT&apos;, ip: &apos;10.101.18.47&apos;, os.name: &apos;Windows 10&apos;, os.arch: &apos;amd64&apos;, os.version: &apos;10.0&apos;, java.version: &apos;1.8.0_202&apos;&#10;Driver info: org.openqa.selenium.chrome.ChromeDriver&#10;Capabilities {acceptInsecureCerts: false, browserName: chrome, browserVersion: 116.0.5845.96, chrome: {chromedriverVersion: 116.0.5845.96 (1a3918166880..., userDataDir: C:\Users\H7D10~1.ABU\AppDat...}, fedcm:accounts: true, goog:chromeOptions: {debuggerAddress: localhost:50548}, javascriptEnabled: true, networkConnectionEnabled: false, pageLoadStrategy: normal, platform: WINDOWS, platformName: WINDOWS, proxy: Proxy(), setWindowRect: true, strictFileInteractability: false, timeouts: {implicit: 0, pageLoad: 300000, script: 30000}, unhandledPromptBehavior: dismiss and notify, webauthn:extension:credBlob: true, webauthn:extension:largeBlob: true, webauthn:extension:minPinLength: true, webauthn:extension:prf: true, webauthn:virtualAuthenticators: true}&#10;Session ID: ff31c7669192fcabbdcec1c42fe160fe&#10;*** Element info: {Using=tag name, value=option}" type="org.openqa.selenium.StaleElementReferenceException"><![CDATA[org.openqa.selenium.StaleElementReferenceException: 
stale element reference: stale element not found
  (Session info: chrome=116.0.5845.96)
For documentation on this error, please visit: https://www.seleniumhq.org/exceptions/stale_element_reference.html
Build info: version: '3.141.59', revision: 'e82be7d358', time: '2018-11-14T08:17:03'
System info: host: 'HO-P-FAHIM-IT', ip: '10.101.18.47', os.name: 'Windows 10', os.arch: 'amd64', os.version: '10.0', java.version: '1.8.0_202'
Driver info: org.openqa.selenium.chrome.ChromeDriver
Capabilities {acceptInsecureCerts: false, browserName: chrome, browserVersion: 116.0.5845.96, chrome: {chromedriverVersion: 116.0.5845.96 (1a3918166880..., userDataDir: C:\Users\H7D10~1.ABU\AppDat...}, fedcm:accounts: true, goog:chromeOptions: {debuggerAddress: localhost:50548}, javascriptEnabled: true, networkConnectionEnabled: false, pageLoadStrategy: normal, platform: WINDOWS, platformName: WINDOWS, proxy: Proxy(), setWindowRect: true, strictFileInteractability: false, timeouts: {implicit: 0, pageLoad: 300000, script: 30000}, unhandledPromptBehavior: dismiss and notify, webauthn:extension:credBlob: true, webauthn:extension:largeBlob: true, webauthn:extension:minPinLength: true, webauthn:extension:prf: true, webauthn:virtualAuthenticators: true}
Session ID: ff31c7669192fcabbdcec1c42fe160fe
*** Element info: {Using=tag name, value=option}
]]></failure>
    <system-out><![CDATA[
Scenario: Create a new preInvoice         &amp#27;[90m# ///G:/Abul Hossain Chowdhury/Projects/Cucumber_For_AIR/src/test/resources/Features/PreInvoice.feature:10&amp#27;[0m
  &amp#27;[32mGiven &amp#27;[0m&amp#27;[32mlogin for creating new preInvoice&amp#27;[0m &amp#27;[90m# org.example.StepDefinitions.PreInvoice.login_for_creating_new_pre_invoice()&amp#27;[0m
15
this is the found string: Offer Type: Product
  &amp#27;[31mAnd &amp#27;[0m&amp#27;[31mcreate new preInvoice&amp#27;[0m               &amp#27;[90m# org.example.StepDefinitions.PreInvoice.create_new_pre_invoice()&amp#27;[0m
      &amp#27;[31morg.openqa.selenium.StaleElementReferenceException: stale element reference: stale element not found
  (Session info: chrome=116.0.5845.96)
For documentation on this error, please visit: https://www.seleniumhq.org/exceptions/stale_element_reference.html
Build info: version: '3.141.59', revision: 'e82be7d358', time: '2018-11-14T08:17:03'
System info: host: 'HO-P-FAHIM-IT', ip: '10.101.18.47', os.name: 'Windows 10', os.arch: 'amd64', os.version: '10.0', java.version: '1.8.0_202'
Driver info: org.openqa.selenium.chrome.ChromeDriver
Capabilities {acceptInsecureCerts: false, browserName: chrome, browserVersion: 116.0.5845.96, chrome: {chromedriverVersion: 116.0.5845.96 (1a3918166880..., userDataDir: C:\Users\H7D10~1.ABU\AppDat...}, fedcm:accounts: true, goog:chromeOptions: {debuggerAddress: localhost:50548}, javascriptEnabled: true, networkConnectionEnabled: false, pageLoadStrategy: normal, platform: WINDOWS, platformName: WINDOWS, proxy: Proxy(), setWindowRect: true, strictFileInteractability: false, timeouts: {implicit: 0, pageLoad: 300000, script: 30000}, unhandledPromptBehavior: dismiss and notify, webauthn:extension:credBlob: true, webauthn:extension:largeBlob: true, webauthn:extension:minPinLength: true, webauthn:extension:prf: true, webauthn:virtualAuthenticators: true}
Session ID: ff31c7669192fcabbdcec1c42fe160fe
*** Element info: {Using=tag name, value=option}
	at sun.reflect.NativeConstructorAccessorImpl.newInstance0(Native Method)
	at sun.reflect.NativeConstructorAccessorImpl.newInstance(NativeConstructorAccessorImpl.java:62)
	at sun.reflect.DelegatingConstructorAccessorImpl.newInstance(DelegatingConstructorAccessorImpl.java:45)
	at java.lang.reflect.Constructor.newInstance(Constructor.java:423)
	at org.openqa.selenium.remote.http.W3CHttpResponseCodec.createException(W3CHttpResponseCodec.java:187)
	at org.openqa.selenium.remote.http.W3CHttpResponseCodec.decode(W3CHttpResponseCodec.java:122)
	at org.openqa.selenium.remote.http.W3CHttpResponseCodec.decode(W3CHttpResponseCodec.java:49)
	at org.openqa.selenium.remote.HttpCommandExecutor.execute(HttpCommandExecutor.java:158)
	at org.openqa.selenium.remote.service.DriverCommandExecutor.execute(DriverCommandExecutor.java:83)
	at org.openqa.selenium.remote.RemoteWebDriver.execute(RemoteWebDriver.java:552)
	at org.openqa.selenium.remote.RemoteWebElement.execute(RemoteWebElement.java:285)
	at org.openqa.selenium.remote.RemoteWebElement.findElements(RemoteWebElement.java:204)
	at org.openqa.selenium.remote.RemoteWebElement.findElementsByTagName(RemoteWebElement.java:281)
	at org.openqa.selenium.By$ByTagName.findElements(By.java:312)
	at org.openqa.selenium.remote.RemoteWebElement.findElements(RemoteWebElement.java:177)
	at org.openqa.selenium.support.ui.Select.getOptions(Select.java:78)
	at org.openqa.selenium.support.ui.Select.setSelectedByIndex(Select.java:291)
	at org.openqa.selenium.support.ui.Select.selectByIndex(Select.java:172)
	at org.example.StepDefinitions.PreInvoice.create_new_pre_invoice(PreInvoice.java:186)
	at âœ½.create new preInvoice(file:///G:/Abul%20Hossain%20Chowdhury/Projects/Cucumber_For_AIR/src/test/resources/Features/PreInvoice.feature:12)
&amp#27;[0m
  &amp#27;[36mThen &amp#27;[0m&amp#27;[36mclose the PreInvoice window&amp#27;[0m        &amp#27;[90m# org.example.StepDefinitions.PreInvoice.close_the_pre_invoice_window()&amp#27;[0m
]]></system-out>
    <system-err><![CDATA[Starting ChromeDriver 116.0.5845.96 (1a391816688002153ef791ffe60d9e899a71a037-refs/branch-heads/5845@{#1382}) on port 47325
Only local connections are allowed.
Please see https://chromedriver.chromium.org/security-considerations for suggestions on keeping ChromeDriver safe.
ChromeDriver was started successfully.
Jan 08, 2024 4:15:37 PM org.openqa.selenium.remote.ProtocolHandshake createSession
INFO: Detected dialect: W3C
]]></system-err>
  </testcase>
  <testcase name="runScenario[&quot;Search a Previous Pending Delivery for AIR&quot;, &quot;Previous Pending Delivery Test&quot;](1)" classname="org.example.Runner.PreviousPendingDeliveryTestRunner" time="95.107">
    <system-out><![CDATA[
Scenario: Search a Previous Pending Delivery for AIR &amp#27;[90m# ///G:/Abul Hossain Chowdhury/Projects/Cucumber_For_AIR/src/test/resources/Features/PreviousPendingDelivery.feature:4&amp#27;[0m
  &amp#27;[32mGiven &amp#27;[0m&amp#27;[32mLogin to Search Previous Pending Delivery&amp#27;[0m    &amp#27;[90m# org.example.StepDefinitions.PreviousPendingDelivery.login_to_search_previous_pending_delivery()&amp#27;[0m
  &amp#27;[32mWhen &amp#27;[0m&amp#27;[32msearch for Previous Pending Delivery&amp#27;[0m          &amp#27;[90m# org.example.StepDefinitions.PreviousPendingDelivery.search_for_previous_pending_delivery()&amp#27;[0m
  &amp#27;[32mAnd &amp#27;[0m&amp#27;[32mdescription of a Previous Pending Delivery&amp#27;[0m     &amp#27;[90m# org.example.StepDefinitions.PreviousPendingDelivery.description_of_a_previous_pending_delivery()&amp#27;[0m
  &amp#27;[32mThen &amp#27;[0m&amp#27;[32mclose Previous Pending Delivery for search&amp#27;[0m    &amp#27;[90m# org.example.StepDefinitions.PreviousPendingDelivery.close_previous_pending_delivery_for_search()&amp#27;[0m
]]></system-out>
    <system-err><![CDATA[&amp#27;[32m&amp#27;[1m┌──────────────────────────────────────────────────────────────────────────┐&amp#27;[0m
&amp#27;[32m&amp#27;[1m│&amp#27;[0m View your Cucumber Report at:                                            &amp#27;[32m&amp#27;[1m│&amp#27;[0m
&amp#27;[32m&amp#27;[1m│&amp#27;[0m &amp#27;[1m&amp#27;[36m&amp#27;[4mhttps://reports.cucumber.io/reports/78d9d3ac-4ef7-4dd9-9fd5-66ee3ccd0302&amp#27;[0m &amp#27;[32m&amp#27;[1m│&amp#27;[0m
&amp#27;[32m&amp#27;[1m│&amp#27;[0m                                                                          &amp#27;[32m&amp#27;[1m│&amp#27;[0m
&amp#27;[32m&amp#27;[1m│&amp#27;[0m &amp#27;[1mThis report will self-destruct in 24h.&amp#27;[0m                                   &amp#27;[32m&amp#27;[1m│&amp#27;[0m
&amp#27;[32m&amp#27;[1m│&amp#27;[0m Keep reports forever: &amp#27;[4m&amp#27;[1m&amp#27;[36mhttps://reports.cucumber.io/profile&amp#27;[0m                &amp#27;[32m&amp#27;[1m│&amp#27;[0m
&amp#27;[32m&amp#27;[1m└──────────────────────────────────────────────────────────────────────────┘&amp#27;[0mStarting ChromeDriver 116.0.5845.96 (1a391816688002153ef791ffe60d9e899a71a037-refs/branch-heads/5845@{#1382}) on port 2403
Only local connections are allowed.
Please see https://chromedriver.chromium.org/security-considerations for suggestions on keeping ChromeDriver safe.
ChromeDriver was started successfully.
Jan 08, 2024 4:18:48 PM org.openqa.selenium.remote.ProtocolHandshake createSession
INFO: Detected dialect: W3C
]]></system-err>
  </testcase>
  <testcase name="runScenario[&quot;Create a new Previous Pending Delivery&quot;, &quot;Previous Pending Delivery Test&quot;](2)" classname="org.example.Runner.PreviousPendingDeliveryTestRunner" time="143.047">
    <system-out><![CDATA[
Scenario: Create a new Previous Pending Delivery         &amp#27;[90m# ///G:/Abul Hossain Chowdhury/Projects/Cucumber_For_AIR/src/test/resources/Features/PreviousPendingDelivery.feature:10&amp#27;[0m
  &amp#27;[32mGiven &amp#27;[0m&amp#27;[32mlogin for creating new Previous Pending Delivery&amp#27;[0m &amp#27;[90m# org.example.StepDefinitions.PreviousPendingDelivery.login_for_creating_new_previous_pending_delivery()&amp#27;[0m
88003 ~~ Regular Kulfi -- 39.00ml (MINI -- STICK)
88151 ~~ Chocobar - Mini -- 46.00ml (MINI -- STICK)
88162 ~~ Crunchie Bar - Mini -- 52.00ml (MINI -- STICK)
88204 ~~ Lolly - 2 in 1 -- 62.00ml (REGULAR -- STICK)
88197 ~~ Dudh Malai -- 55.00ml (REGULAR -- STICK)
88206 ~~ Single Sundae - Vanilla with Coffee Ripple -- 100.00ml (REGULAR -- SUNDAE)
88191 ~~ Caramel Choco Crunch Cup -- 120.00ml (PREMIUM -- CUP)
88192 ~~ Mawa Kulfi Cup -- 120.00ml (PREMIUM -- CUP)
88200 ~~ Butterscotch with Cashew Crackles Cup -- 120.00ml (PREMIUM -- CUP)
88212 ~~ Chocolate -- 500.00ml (REGULAR -- LTR CONTAINER)
88251 ~~ Crunchie Bar (N) -- 82.00ml (REGULAR -- STICK)
88257 ~~ Doi Cup (N) -- 120.00ml (PREMIUM -- CUP)
88280 ~~ Mawa Kulfi - 1 Liter (N) -- 1000.00ml (PREMIUM -- LTR CONTAINER)
88153 ~~ Shell & Core -- 62.00ml (REGULAR -- STICK)
88203 ~~ Lolly - Orange -- 62.00ml (REGULAR -- STICK)
Confirmation Message: ["LowStock:Lolly-2in1-0ctn0pcs","LowStock:CaramelChocoCrunchCup-8ctn0pcs","LowStock:MawaKulfiCup-8ctn0pcs","LowStock:Shell&Core-0ctn0pcs"]
  &amp#27;[32mAnd &amp#27;[0m&amp#27;[32mcreate new Previous Pending Delivery&amp#27;[0m               &amp#27;[90m# org.example.StepDefinitions.PreviousPendingDelivery.create_new_previous_pending_delivery()&amp#27;[0m
  &amp#27;[32mThen &amp#27;[0m&amp#27;[32mclose the Previous Pending Delivery window&amp#27;[0m        &amp#27;[90m# org.example.StepDefinitions.PreviousPendingDelivery.close_the_previous_pending_delivery_window()&amp#27;[0m
]]></system-out>
    <system-err><![CDATA[Starting ChromeDriver 116.0.5845.96 (1a391816688002153ef791ffe60d9e899a71a037-refs/branch-heads/5845@{#1382}) on port 33970
Only local connections are allowed.
Please see https://chromedriver.chromium.org/security-considerations for suggestions on keeping ChromeDriver safe.
ChromeDriver was started successfully.
Jan 08, 2024 4:20:23 PM org.openqa.selenium.remote.ProtocolHandshake createSession
INFO: Detected dialect: W3C
]]></system-err>
  </testcase>
  <testcase name="runScenario[&quot;Search an Order for AIR&quot;, &quot;Order Test&quot;](1)" classname="org.example.Runner.OrderTestRunner" time="60.904">
    <system-out><![CDATA[
Scenario: Search an Order for AIR &amp#27;[90m# ///G:/Abul Hossain Chowdhury/Projects/Cucumber_For_AIR/src/test/resources/Features/Order.feature:4&amp#27;[0m
  &amp#27;[32mGiven &amp#27;[0m&amp#27;[32mLogin to Search Order&amp#27;[0m     &amp#27;[90m# org.example.StepDefinitions.Order.login_to_search_order()&amp#27;[0m
  &amp#27;[32mWhen &amp#27;[0m&amp#27;[32msearch for Order&amp#27;[0m           &amp#27;[90m# org.example.StepDefinitions.Order.search_for_order()&amp#27;[0m
  &amp#27;[32mAnd &amp#27;[0m&amp#27;[32mdescription of a Order&amp#27;[0m      &amp#27;[90m# org.example.StepDefinitions.Order.description_of_a_order()&amp#27;[0m
  &amp#27;[32mThen &amp#27;[0m&amp#27;[32mclose Order for search&amp#27;[0m     &amp#27;[90m# org.example.StepDefinitions.Order.close_order_for_search()&amp#27;[0m
]]></system-out>
    <system-err><![CDATA[&amp#27;[32m&amp#27;[1m┌──────────────────────────────────────────────────────────────────────────┐&amp#27;[0m
&amp#27;[32m&amp#27;[1m│&amp#27;[0m View your Cucumber Report at:                                            &amp#27;[32m&amp#27;[1m│&amp#27;[0m
&amp#27;[32m&amp#27;[1m│&amp#27;[0m &amp#27;[1m&amp#27;[36m&amp#27;[4mhttps://reports.cucumber.io/reports/6ff2f1b4-06f8-4faf-b335-2215ca2fc389&amp#27;[0m &amp#27;[32m&amp#27;[1m│&amp#27;[0m
&amp#27;[32m&amp#27;[1m│&amp#27;[0m                                                                          &amp#27;[32m&amp#27;[1m│&amp#27;[0m
&amp#27;[32m&amp#27;[1m│&amp#27;[0m &amp#27;[1mThis report will self-destruct in 24h.&amp#27;[0m                                   &amp#27;[32m&amp#27;[1m│&amp#27;[0m
&amp#27;[32m&amp#27;[1m│&amp#27;[0m Keep reports forever: &amp#27;[4m&amp#27;[1m&amp#27;[36mhttps://reports.cucumber.io/profile&amp#27;[0m                &amp#27;[32m&amp#27;[1m│&amp#27;[0m
&amp#27;[32m&amp#27;[1m└──────────────────────────────────────────────────────────────────────────┘&amp#27;[0mStarting ChromeDriver 116.0.5845.96 (1a391816688002153ef791ffe60d9e899a71a037-refs/branch-heads/5845@{#1382}) on port 34804
Only local connections are allowed.
Please see https://chromedriver.chromium.org/security-considerations for suggestions on keeping ChromeDriver safe.
ChromeDriver was started successfully.
Jan 08, 2024 4:23:01 PM org.openqa.selenium.remote.ProtocolHandshake createSession
INFO: Detected dialect: W3C
]]></system-err>
  </testcase>
  <testcase name="runScenario[&quot;Create a new Order&quot;, &quot;Order Test&quot;](2)" classname="org.example.Runner.OrderTestRunner" time="96.249">
    <failure message="Expected condition failed: waiting for visibility of element located by By.xpath: //*[@id=&quot;c_inv_items_list&quot;]/tr[10]/td[5]/input (tried for 5 second(s) with 500 milliseconds interval)" type="org.openqa.selenium.TimeoutException"><![CDATA[org.openqa.selenium.TimeoutException: Expected condition failed: waiting for visibility of element located by By.xpath: //*[@id="c_inv_items_list"]/tr[10]/td[5]/input (tried for 5 second(s) with 500 milliseconds interval)
Caused by: org.openqa.selenium.NoSuchElementException: 
no such element: Unable to locate element: {"method":"xpath","selector":"//*[@id="c_inv_items_list"]/tr[10]/td[5]/input"}
  (Session info: chrome=116.0.5845.96)
For documentation on this error, please visit: https://www.seleniumhq.org/exceptions/no_such_element.html
Build info: version: '3.141.59', revision: 'e82be7d358', time: '2018-11-14T08:17:03'
System info: host: 'HO-P-FAHIM-IT', ip: '10.101.18.47', os.name: 'Windows 10', os.arch: 'amd64', os.version: '10.0', java.version: '1.8.0_202'
Driver info: org.openqa.selenium.chrome.ChromeDriver
Capabilities {acceptInsecureCerts: false, browserName: chrome, browserVersion: 116.0.5845.96, chrome: {chromedriverVersion: 116.0.5845.96 (1a3918166880..., userDataDir: C:\Users\H7D10~1.ABU\AppDat...}, fedcm:accounts: true, goog:chromeOptions: {debuggerAddress: localhost:50767}, javascriptEnabled: true, networkConnectionEnabled: false, pageLoadStrategy: normal, platform: WINDOWS, platformName: WINDOWS, proxy: Proxy(), setWindowRect: true, strictFileInteractability: false, timeouts: {implicit: 0, pageLoad: 300000, script: 30000}, unhandledPromptBehavior: dismiss and notify, webauthn:extension:credBlob: true, webauthn:extension:largeBlob: true, webauthn:extension:minPinLength: true, webauthn:extension:prf: true, webauthn:virtualAuthenticators: true}
Session ID: 2058d558d9f301655395cdd5b78de4bc
*** Element info: {Using=xpath, value=//*[@id="c_inv_items_list"]/tr[10]/td[5]/input}
]]></failure>
    <system-out><![CDATA[
Scenario: Create a new Order         &amp#27;[90m# ///G:/Abul Hossain Chowdhury/Projects/Cucumber_For_AIR/src/test/resources/Features/Order.feature:10&amp#27;[0m
  &amp#27;[32mGiven &amp#27;[0m&amp#27;[32mlogin for creating new Order&amp#27;[0m &amp#27;[90m# org.example.StepDefinitions.Order.login_for_creating_new_order()&amp#27;[0m
88003 ~~ Regular Kulfi -- 39.00ml (MINI -- STICK)
88151 ~~ Chocobar - Mini -- 46.00ml (MINI -- STICK)
88162 ~~ Crunchie Bar - Mini -- 52.00ml (MINI -- STICK)
88204 ~~ Lolly - 2 in 1 -- 62.00ml (REGULAR -- STICK)
88197 ~~ Dudh Malai -- 55.00ml (REGULAR -- STICK)
88206 ~~ Single Sundae - Vanilla with Coffee Ripple -- 100.00ml (REGULAR -- SUNDAE)
88191 ~~ Caramel Choco Crunch Cup -- 120.00ml (PREMIUM -- CUP)
88192 ~~ Mawa Kulfi Cup -- 120.00ml (PREMIUM -- CUP)
88200 ~~ Butterscotch with Cashew Crackles Cup -- 120.00ml (PREMIUM -- CUP)
88212 ~~ Chocolate -- 500.00ml (REGULAR -- LTR CONTAINER)
88251 ~~ Crunchie Bar (N) -- 82.00ml (REGULAR -- STICK)
88257 ~~ Doi Cup (N) -- 120.00ml (PREMIUM -- CUP)
88280 ~~ Mawa Kulfi - 1 Liter (N) -- 1000.00ml (PREMIUM -- LTR CONTAINER)
88153 ~~ Shell & Core -- 62.00ml (REGULAR -- STICK)
88203 ~~ Lolly - Orange -- 62.00ml (REGULAR -- STICK)
  &amp#27;[31mAnd &amp#27;[0m&amp#27;[31mcreate new Order&amp#27;[0m               &amp#27;[90m# org.example.StepDefinitions.Order.create_new_order()&amp#27;[0m
      &amp#27;[31morg.openqa.selenium.TimeoutException: Expected condition failed: waiting for visibility of element located by By.xpath: //*[@id="c_inv_items_list"]/tr[10]/td[5]/input (tried for 5 second(s) with 500 milliseconds interval)
	at org.openqa.selenium.support.ui.WebDriverWait.timeoutException(WebDriverWait.java:95)
	at org.openqa.selenium.support.ui.FluentWait.until(FluentWait.java:272)
	at org.example.BrowserUtils.waitByxpath(BrowserUtils.java:65)
	at org.example.StepDefinitions.Order.create_new_order(Order.java:131)
	at âœ½.create new Order(file:///G:/Abul%20Hossain%20Chowdhury/Projects/Cucumber_For_AIR/src/test/resources/Features/Order.feature:12)
Caused by: org.openqa.selenium.NoSuchElementException: no such element: Unable to locate element: {"method":"xpath","selector":"//*[@id="c_inv_items_list"]/tr[10]/td[5]/input"}
  (Session info: chrome=116.0.5845.96)
For documentation on this error, please visit: https://www.seleniumhq.org/exceptions/no_such_element.html
Build info: version: '3.141.59', revision: 'e82be7d358', time: '2018-11-14T08:17:03'
System info: host: 'HO-P-FAHIM-IT', ip: '10.101.18.47', os.name: 'Windows 10', os.arch: 'amd64', os.version: '10.0', java.version: '1.8.0_202'
Driver info: org.openqa.selenium.chrome.ChromeDriver
Capabilities {acceptInsecureCerts: false, browserName: chrome, browserVersion: 116.0.5845.96, chrome: {chromedriverVersion: 116.0.5845.96 (1a3918166880..., userDataDir: C:\Users\H7D10~1.ABU\AppDat...}, fedcm:accounts: true, goog:chromeOptions: {debuggerAddress: localhost:50767}, javascriptEnabled: true, networkConnectionEnabled: false, pageLoadStrategy: normal, platform: WINDOWS, platformName: WINDOWS, proxy: Proxy(), setWindowRect: true, strictFileInteractability: false, timeouts: {implicit: 0, pageLoad: 300000, script: 30000}, unhandledPromptBehavior: dismiss and notify, webauthn:extension:credBlob: true, webauthn:extension:largeBlob: true, webauthn:extension:minPinLength: true, webauthn:extension:prf: true, webauthn:virtualAuthenticators: true}
Session ID: 2058d558d9f301655395cdd5b78de4bc
*** Element info: {Using=xpath, value=//*[@id="c_inv_items_list"]/tr[10]/td[5]/input}
	at sun.reflect.NativeConstructorAccessorImpl.newInstance0(Native Method)
	at sun.reflect.NativeConstructorAccessorImpl.newInstance(NativeConstructorAccessorImpl.java:62)
	at sun.reflect.DelegatingConstructorAccessorImpl.newInstance(DelegatingConstructorAccessorImpl.java:45)
	at java.lang.reflect.Constructor.newInstance(Constructor.java:423)
	at org.openqa.selenium.remote.http.W3CHttpResponseCodec.createException(W3CHttpResponseCodec.java:187)
	at org.openqa.selenium.remote.http.W3CHttpResponseCodec.decode(W3CHttpResponseCodec.java:122)
	at org.openqa.selenium.remote.http.W3CHttpResponseCodec.decode(W3CHttpResponseCodec.java:49)
	at org.openqa.selenium.remote.HttpCommandExecutor.execute(HttpCommandExecutor.java:158)
	at org.openqa.selenium.remote.service.DriverCommandExecutor.execute(DriverCommandExecutor.java:83)
	at org.openqa.selenium.remote.RemoteWebDriver.execute(RemoteWebDriver.java:552)
	at org.openqa.selenium.remote.RemoteWebDriver.findElement(RemoteWebDriver.java:323)
	at org.openqa.selenium.remote.RemoteWebDriver.findElementByXPath(RemoteWebDriver.java:428)
	at org.openqa.selenium.By$ByXPath.findElement(By.java:353)
	at org.openqa.selenium.remote.RemoteWebDriver.findElement(RemoteWebDriver.java:315)
	at org.openqa.selenium.support.ui.ExpectedConditions$7.apply(ExpectedConditions.java:205)
	at org.openqa.selenium.support.ui.ExpectedConditions$7.apply(ExpectedConditions.java:201)
	at org.openqa.selenium.support.ui.FluentWait.until(FluentWait.java:249)
	at org.example.BrowserUtils.waitByxpath(BrowserUtils.java:65)
	at org.example.StepDefinitions.Order.create_new_order(Order.java:131)
	at sun.reflect.NativeMethodAccessorImpl.invoke0(Native Method)
	at sun.reflect.NativeMethodAccessorImpl.invoke(NativeMethodAccessorImpl.java:62)
	at sun.reflect.DelegatingMethodAccessorImpl.invoke(DelegatingMethodAccessorImpl.java:43)
	at java.lang.reflect.Method.invoke(Method.java:498)
	at io.cucumber.java.Invoker.doInvoke(Invoker.java:66)
	at io.cucumber.java.Invoker.invoke(Invoker.java:24)
	at io.cucumber.java.AbstractGlueDefinition.invokeMethod(AbstractGlueDefinition.java:47)
	at io.cucumber.java.JavaStepDefinition.execute(JavaStepDefinition.java:29)
	at io.cucumber.core.runner.CoreStepDefinition.execute(CoreStepDefinition.java:66)
	at io.cucumber.core.runner.PickleStepDefinitionMatch.runStep(PickleStepDefinitionMatch.java:63)
	at io.cucumber.core.runner.ExecutionMode$1.execute(ExecutionMode.java:10)
	at io.cucumber.core.runner.TestStep.executeStep(TestStep.java:84)
	at io.cucumber.core.runner.TestStep.run(TestStep.java:56)
	at io.cucumber.core.runner.PickleStepTestStep.run(PickleStepTestStep.java:51)
	at io.cucumber.core.runner.TestCase.run(TestCase.java:84)
	at io.cucumber.core.runner.Runner.runPickle(Runner.java:75)
	at io.cucumber.testng.TestNGCucumberRunner.lambda$runScenario$1(TestNGCucumberRunner.java:132)
	at io.cucumber.core.runtime.CucumberExecutionContext.lambda$runTestCase$5(CucumberExecutionContext.java:130)
	at io.cucumber.core.runtime.RethrowingThrowableCollector.executeAndThrow(RethrowingThrowableCollector.java:23)
	at io.cucumber.core.runtime.CucumberExecutionContext.runTestCase(CucumberExecutionContext.java:130)
	at io.cucumber.testng.TestNGCucumberRunner.runScenario(TestNGCucumberRunner.java:129)
	at io.cucumber.testng.AbstractTestNGCucumberTests.runScenario(AbstractTestNGCucumberTests.java:35)
	at sun.reflect.NativeMethodAccessorImpl.invoke0(Native Method)
	at sun.reflect.NativeMethodAccessorImpl.invoke(NativeMethodAccessorImpl.java:62)
	at sun.reflect.DelegatingMethodAccessorImpl.invoke(DelegatingMethodAccessorImpl.java:43)
	at java.lang.reflect.Method.invoke(Method.java:498)
	at org.testng.internal.invokers.MethodInvocationHelper.invokeMethod(MethodInvocationHelper.java:136)
	at org.testng.internal.invokers.TestInvoker.invokeMethod(TestInvoker.java:658)
	at org.testng.internal.invokers.TestInvoker.invokeTestMethod(TestInvoker.java:219)
	at org.testng.internal.invokers.MethodRunner.runInSequence(MethodRunner.java:50)
	at org.testng.internal.invokers.TestInvoker$MethodInvocationAgent.invoke(TestInvoker.java:923)
	at org.testng.internal.invokers.TestInvoker.invokeTestMethods(TestInvoker.java:192)
	at org.testng.internal.invokers.TestMethodWorker.invokeTestMethods(TestMethodWorker.java:146)
	at org.testng.internal.invokers.TestMethodWorker.run(TestMethodWorker.java:128)
	at java.util.ArrayList.forEach(ArrayList.java:1257)
	at org.testng.TestRunner.privateRun(TestRunner.java:808)
	at org.testng.TestRunner.run(TestRunner.java:603)
	at org.testng.SuiteRunner.runTest(SuiteRunner.java:429)
	at org.testng.SuiteRunner.runSequentially(SuiteRunner.java:423)
	at org.testng.SuiteRunner.privateRun(SuiteRunner.java:383)
	at org.testng.SuiteRunner.run(SuiteRunner.java:326)
	at org.testng.SuiteRunnerWorker.runSuite(SuiteRunnerWorker.java:52)
	at org.testng.SuiteRunnerWorker.run(SuiteRunnerWorker.java:95)
	at org.testng.TestNG.runSuitesSequentially(TestNG.java:1249)
	at org.testng.TestNG.runSuitesLocally(TestNG.java:1169)
	at org.testng.TestNG.runSuites(TestNG.java:1092)
	at org.testng.TestNG.run(TestNG.java:1060)
	at org.apache.maven.surefire.testng.TestNGExecutor.run(TestNGExecutor.java:284)
	at org.apache.maven.surefire.testng.TestNGXmlTestSuite.execute(TestNGXmlTestSuite.java:75)
	at org.apache.maven.surefire.testng.TestNGProvider.invoke(TestNGProvider.java:119)
	at org.apache.maven.surefire.booter.ForkedBooter.runSuitesInProcess(ForkedBooter.java:428)
	at org.apache.maven.surefire.booter.ForkedBooter.execute(ForkedBooter.java:162)
	at org.apache.maven.surefire.booter.ForkedBooter.run(ForkedBooter.java:562)
	at org.apache.maven.surefire.booter.ForkedBooter.main(ForkedBooter.java:548)
&amp#27;[0m
  &amp#27;[36mThen &amp#27;[0m&amp#27;[36mclose the Order window&amp#27;[0m        &amp#27;[90m# org.example.StepDefinitions.Order.close_the_order_window()&amp#27;[0m
]]></system-out>
    <system-err><![CDATA[Starting ChromeDriver 116.0.5845.96 (1a391816688002153ef791ffe60d9e899a71a037-refs/branch-heads/5845@{#1382}) on port 10509
Only local connections are allowed.
Please see https://chromedriver.chromium.org/security-considerations for suggestions on keeping ChromeDriver safe.
ChromeDriver was started successfully.
Jan 08, 2024 4:24:01 PM org.openqa.selenium.remote.ProtocolHandshake createSession
INFO: Detected dialect: W3C
]]></system-err>
  </testcase>
  <testcase name="runScenario[&quot;Search an CancelOrder for AIR&quot;, &quot;CancelOrder Test&quot;](1)" classname="org.example.Runner.CancelOrderTestRunner" time="59.175">
    <system-out><![CDATA[
Scenario: Search an CancelOrder for AIR &amp#27;[90m# ///G:/Abul Hossain Chowdhury/Projects/Cucumber_For_AIR/src/test/resources/Features/CancelOrder.feature:4&amp#27;[0m
  &amp#27;[32mGiven &amp#27;[0m&amp#27;[32mLogin to Search CancelOrder&amp#27;[0m     &amp#27;[90m# org.example.StepDefinitions.CancelOrder.login_to_search_cancel_order()&amp#27;[0m
  &amp#27;[32mWhen &amp#27;[0m&amp#27;[32msearch for CancelOrder&amp#27;[0m           &amp#27;[90m# org.example.StepDefinitions.CancelOrder.search_for_cancel_order()&amp#27;[0m
  &amp#27;[32mAnd &amp#27;[0m&amp#27;[32mdescription of a cancelled Order&amp#27;[0m  &amp#27;[90m# org.example.StepDefinitions.CancelOrder.description_of_a_order_to_cancel()&amp#27;[0m
  &amp#27;[32mThen &amp#27;[0m&amp#27;[32mclose CancelOrder for search&amp#27;[0m     &amp#27;[90m# org.example.StepDefinitions.CancelOrder.close_cancel_order_for_search()&amp#27;[0m
]]></system-out>
    <system-err><![CDATA[&amp#27;[32m&amp#27;[1m┌──────────────────────────────────────────────────────────────────────────┐&amp#27;[0m
&amp#27;[32m&amp#27;[1m│&amp#27;[0m View your Cucumber Report at:                                            &amp#27;[32m&amp#27;[1m│&amp#27;[0m
&amp#27;[32m&amp#27;[1m│&amp#27;[0m &amp#27;[1m&amp#27;[36m&amp#27;[4mhttps://reports.cucumber.io/reports/1539c0bc-b658-42e5-9810-b05145e5e7cc&amp#27;[0m &amp#27;[32m&amp#27;[1m│&amp#27;[0m
&amp#27;[32m&amp#27;[1m│&amp#27;[0m                                                                          &amp#27;[32m&amp#27;[1m│&amp#27;[0m
&amp#27;[32m&amp#27;[1m│&amp#27;[0m &amp#27;[1mThis report will self-destruct in 24h.&amp#27;[0m                                   &amp#27;[32m&amp#27;[1m│&amp#27;[0m
&amp#27;[32m&amp#27;[1m│&amp#27;[0m Keep reports forever: &amp#27;[4m&amp#27;[1m&amp#27;[36mhttps://reports.cucumber.io/profile&amp#27;[0m                &amp#27;[32m&amp#27;[1m│&amp#27;[0m
&amp#27;[32m&amp#27;[1m└──────────────────────────────────────────────────────────────────────────┘&amp#27;[0mStarting ChromeDriver 116.0.5845.96 (1a391816688002153ef791ffe60d9e899a71a037-refs/branch-heads/5845@{#1382}) on port 13839
Only local connections are allowed.
Please see https://chromedriver.chromium.org/security-considerations for suggestions on keeping ChromeDriver safe.
ChromeDriver was started successfully.
Jan 08, 2024 4:25:52 PM org.openqa.selenium.remote.ProtocolHandshake createSession
INFO: Detected dialect: W3C
]]></system-err>
  </testcase>
  <testcase name="runScenario[&quot;Create a new cancelled Order&quot;, &quot;CancelOrder Test&quot;](2)" classname="org.example.Runner.CancelOrderTestRunner" time="33.399">
    <failure message="Expected condition failed: waiting for visibility of element located by By.xpath: //*[@id=&quot;c_inv_items_list&quot;]/tr[1]/td[5]/input (tried for 5 second(s) with 500 milliseconds interval)&#10;Build info: version: &apos;3.141.59&apos;, revision: &apos;e82be7d358&apos;, time: &apos;2018-11-14T08:17:03&apos;&#10;System info: host: &apos;HO-P-FAHIM-IT&apos;, ip: &apos;10.101.18.47&apos;, os.name: &apos;Windows 10&apos;, os.arch: &apos;amd64&apos;, os.version: &apos;10.0&apos;, java.version: &apos;1.8.0_202&apos;&#10;Driver info: org.openqa.selenium.chrome.ChromeDriver&#10;Capabilities {acceptInsecureCerts: false, browserName: chrome, browserVersion: 116.0.5845.96, chrome: {chromedriverVersion: 116.0.5845.96 (1a3918166880..., userDataDir: C:\Users\H7D10~1.ABU\AppDat...}, fedcm:accounts: true, goog:chromeOptions: {debuggerAddress: localhost:50823}, javascriptEnabled: true, networkConnectionEnabled: false, pageLoadStrategy: normal, platform: WINDOWS, platformName: WINDOWS, proxy: Proxy(), setWindowRect: true, strictFileInteractability: false, timeouts: {implicit: 0, pageLoad: 300000, script: 30000}, unhandledPromptBehavior: dismiss and notify, webauthn:extension:credBlob: true, webauthn:extension:largeBlob: true, webauthn:extension:minPinLength: true, webauthn:extension:prf: true, webauthn:virtualAuthenticators: true}&#10;Session ID: 55cfba48c2b8bf91fc4fa0200dccc8f9" type="org.openqa.selenium.TimeoutException"><![CDATA[org.openqa.selenium.TimeoutException: 
Expected condition failed: waiting for visibility of element located by By.xpath: //*[@id="c_inv_items_list"]/tr[1]/td[5]/input (tried for 5 second(s) with 500 milliseconds interval)
Build info: version: '3.141.59', revision: 'e82be7d358', time: '2018-11-14T08:17:03'
System info: host: 'HO-P-FAHIM-IT', ip: '10.101.18.47', os.name: 'Windows 10', os.arch: 'amd64', os.version: '10.0', java.version: '1.8.0_202'
Driver info: org.openqa.selenium.chrome.ChromeDriver
Capabilities {acceptInsecureCerts: false, browserName: chrome, browserVersion: 116.0.5845.96, chrome: {chromedriverVersion: 116.0.5845.96 (1a3918166880..., userDataDir: C:\Users\H7D10~1.ABU\AppDat...}, fedcm:accounts: true, goog:chromeOptions: {debuggerAddress: localhost:50823}, javascriptEnabled: true, networkConnectionEnabled: false, pageLoadStrategy: normal, platform: WINDOWS, platformName: WINDOWS, proxy: Proxy(), setWindowRect: true, strictFileInteractability: false, timeouts: {implicit: 0, pageLoad: 300000, script: 30000}, unhandledPromptBehavior: dismiss and notify, webauthn:extension:credBlob: true, webauthn:extension:largeBlob: true, webauthn:extension:minPinLength: true, webauthn:extension:prf: true, webauthn:virtualAuthenticators: true}
Session ID: 55cfba48c2b8bf91fc4fa0200dccc8f9
]]></failure>
    <system-out><![CDATA[
Scenario: Create a new cancelled Order &amp#27;[90m# ///G:/Abul Hossain Chowdhury/Projects/Cucumber_For_AIR/src/test/resources/Features/CancelOrder.feature:10&amp#27;[0m
  &amp#27;[32mGiven &amp#27;[0m&amp#27;[32mlogin for Cancelling a Order&amp#27;[0m   &amp#27;[90m# org.example.StepDefinitions.CancelOrder.login_for_creating_new_order_to_cancel()&amp#27;[0m
  &amp#27;[31mAnd &amp#27;[0m&amp#27;[31mcreate new Cancel Order&amp#27;[0m          &amp#27;[90m# org.example.StepDefinitions.CancelOrder.create_new_order_to_cancel()&amp#27;[0m
      &amp#27;[31morg.openqa.selenium.TimeoutException: Expected condition failed: waiting for visibility of element located by By.xpath: //*[@id="c_inv_items_list"]/tr[1]/td[5]/input (tried for 5 second(s) with 500 milliseconds interval)
Build info: version: '3.141.59', revision: 'e82be7d358', time: '2018-11-14T08:17:03'
System info: host: 'HO-P-FAHIM-IT', ip: '10.101.18.47', os.name: 'Windows 10', os.arch: 'amd64', os.version: '10.0', java.version: '1.8.0_202'
Driver info: org.openqa.selenium.chrome.ChromeDriver
Capabilities {acceptInsecureCerts: false, browserName: chrome, browserVersion: 116.0.5845.96, chrome: {chromedriverVersion: 116.0.5845.96 (1a3918166880..., userDataDir: C:\Users\H7D10~1.ABU\AppDat...}, fedcm:accounts: true, goog:chromeOptions: {debuggerAddress: localhost:50823}, javascriptEnabled: true, networkConnectionEnabled: false, pageLoadStrategy: normal, platform: WINDOWS, platformName: WINDOWS, proxy: Proxy(), setWindowRect: true, strictFileInteractability: false, timeouts: {implicit: 0, pageLoad: 300000, script: 30000}, unhandledPromptBehavior: dismiss and notify, webauthn:extension:credBlob: true, webauthn:extension:largeBlob: true, webauthn:extension:minPinLength: true, webauthn:extension:prf: true, webauthn:virtualAuthenticators: true}
Session ID: 55cfba48c2b8bf91fc4fa0200dccc8f9
	at org.openqa.selenium.support.ui.WebDriverWait.timeoutException(WebDriverWait.java:95)
	at org.openqa.selenium.support.ui.FluentWait.until(FluentWait.java:272)
	at org.example.BrowserUtils.waitByxpath(BrowserUtils.java:65)
	at org.example.StepDefinitions.CancelOrder.create_new_order_to_cancel(CancelOrder.java:80)
	at âœ½.create new Cancel Order(file:///G:/Abul%20Hossain%20Chowdhury/Projects/Cucumber_For_AIR/src/test/resources/Features/CancelOrder.feature:12)
&amp#27;[0m
  &amp#27;[36mThen &amp#27;[0m&amp#27;[36mclose the CancelOrder window&amp#27;[0m    &amp#27;[90m# org.example.StepDefinitions.CancelOrder.close_the_cancel_order_window()&amp#27;[0m
]]></system-out>
    <system-err><![CDATA[Starting ChromeDriver 116.0.5845.96 (1a391816688002153ef791ffe60d9e899a71a037-refs/branch-heads/5845@{#1382}) on port 35986
Only local connections are allowed.
Please see https://chromedriver.chromium.org/security-considerations for suggestions on keeping ChromeDriver safe.
ChromeDriver was started successfully.
Jan 08, 2024 4:26:51 PM org.openqa.selenium.remote.ProtocolHandshake createSession
INFO: Detected dialect: W3C
]]></system-err>
  </testcase>
  <testcase name="setUpClass[org.testng.TestRunner@43139322](0)" classname="org.example.Runner.FinishGoodsStoreTestRunner" time="47.131">
    <failure message="path must exist: G:\Abul Hossain Chowdhury\Projects\Cucumber_For_AIR\src\test\resources\Features\FinishGoodsStore.feature" type="java.lang.IllegalArgumentException"><![CDATA[java.lang.IllegalArgumentException: path must exist: G:\Abul Hossain Chowdhury\Projects\Cucumber_For_AIR\src\test\resources\Features\FinishGoodsStore.feature
]]></failure>
    <system-err><![CDATA[&amp#27;[32m&amp#27;[1m┌──────────────────────────────────────────────────────────────────────────┐&amp#27;[0m
&amp#27;[32m&amp#27;[1m│&amp#27;[0m View your Cucumber Report at:                                            &amp#27;[32m&amp#27;[1m│&amp#27;[0m
&amp#27;[32m&amp#27;[1m│&amp#27;[0m &amp#27;[1m&amp#27;[36m&amp#27;[4mhttps://reports.cucumber.io/reports/945fe206-6e63-4db5-bfb5-4a6a0d6f5567&amp#27;[0m &amp#27;[32m&amp#27;[1m│&amp#27;[0m
&amp#27;[32m&amp#27;[1m│&amp#27;[0m                                                                          &amp#27;[32m&amp#27;[1m│&amp#27;[0m
&amp#27;[32m&amp#27;[1m│&amp#27;[0m &amp#27;[1mThis report will self-destruct in 24h.&amp#27;[0m                                   &amp#27;[32m&amp#27;[1m│&amp#27;[0m
&amp#27;[32m&amp#27;[1m│&amp#27;[0m Keep reports forever: &amp#27;[4m&amp#27;[1m&amp#27;[36mhttps://reports.cucumber.io/profile&amp#27;[0m                &amp#27;[32m&amp#27;[1m│&amp#27;[0m
&amp#27;[32m&amp#27;[1m└──────────────────────────────────────────────────────────────────────────┘&amp#27;[0m]]></system-err>
  </testcase>
  <testcase name="runScenario[&quot;Send a new Goods Requisition&quot;, &quot;Full Goods Requisition Test&quot;](1)" classname="org.example.Runner.GoodsRequisitionTestRunner" time="22.412">
    <system-out><![CDATA[[Utils] [WARN] The test method 'io.cucumber.testng.AbstractTestNGCucumberTests.runScenario' will be skipped since its data provider 'scenarios' returned an empty array or iterator. 

Scenario: Send a new Goods Requisition            &amp#27;[90m# ///G:/Abul Hossain Chowdhury/Projects/Cucumber_For_AIR/src/test/resources/Features/GoodsRequisition.feature:3&amp#27;[0m
  &amp#27;[32mGiven &amp#27;[0m&amp#27;[32mlogin for creation of a Goods Requisition&amp#27;[0m &amp#27;[90m# org.example.StepDefinitions.GoodsRequisition.login_for_creation_of_a_goods_requisition()&amp#27;[0m
Confirmation Message: Request Successfully Sent
  &amp#27;[32mAnd &amp#27;[0m&amp#27;[32mcreate new Goods Requisition&amp#27;[0m                &amp#27;[90m# org.example.StepDefinitions.GoodsRequisition.create_new_goods_requisition()&amp#27;[0m
  &amp#27;[32mThen &amp#27;[0m&amp#27;[32mclose the Goods Requisition window&amp#27;[0m         &amp#27;[90m# org.example.StepDefinitions.GoodsRequisition.close_the_goods_requisition_window()&amp#27;[0m
]]></system-out>
    <system-err><![CDATA[Starting ChromeDriver 116.0.5845.96 (1a391816688002153ef791ffe60d9e899a71a037-refs/branch-heads/5845@{#1382}) on port 10232
Only local connections are allowed.
Please see https://chromedriver.chromium.org/security-considerations for suggestions on keeping ChromeDriver safe.
ChromeDriver was started successfully.
Jan 08, 2024 4:27:34 PM org.openqa.selenium.remote.ProtocolHandshake createSession
INFO: Detected dialect: W3C
]]></system-err>
  </testcase>
  <testcase name="runScenario[&quot;Cancel a requested Goods Requisition&quot;, &quot;Full Goods Requisition Test&quot;](2)" classname="org.example.Runner.GoodsRequisitionTestRunner" time="12.087">
    <system-out><![CDATA[
Scenario: Cancel a requested Goods Requisition                                &amp#27;[90m# ///G:/Abul Hossain Chowdhury/Projects/Cucumber_For_AIR/src/test/resources/Features/GoodsRequisition.feature:8&amp#27;[0m
  &amp#27;[32mGiven &amp#27;[0m&amp#27;[32mlogin for cancellation of a requested Goods Requisition&amp#27;[0m               &amp#27;[90m# org.example.StepDefinitions.GoodsRequisition.login_for_cancellation_of_a_requested_goods_requisition()&amp#27;[0m
  &amp#27;[32mAnd &amp#27;[0m&amp#27;[32mcancel the good requisition&amp#27;[0m                                             &amp#27;[90m# org.example.StepDefinitions.GoodsRequisition.cancel_the_good_requisition()&amp#27;[0m
  &amp#27;[32mThen &amp#27;[0m&amp#27;[32mclose the Goods Requisition window for the cancellation of the request&amp#27;[0m &amp#27;[90m# org.example.StepDefinitions.GoodsRequisition.close_the_goods_requisition_window_for_the_cancellation_of_the_request()&amp#27;[0m
]]></system-out>
    <system-err><![CDATA[Starting ChromeDriver 116.0.5845.96 (1a391816688002153ef791ffe60d9e899a71a037-refs/branch-heads/5845@{#1382}) on port 24593
Only local connections are allowed.
Please see https://chromedriver.chromium.org/security-considerations for suggestions on keeping ChromeDriver safe.
ChromeDriver was started successfully.
Jan 08, 2024 4:27:57 PM org.openqa.selenium.remote.ProtocolHandshake createSession
INFO: Detected dialect: W3C
]]></system-err>
  </testcase>
  <testcase name="runScenario[&quot;Send a new Goods Requisition&quot;, &quot;Full Goods Requisition Test&quot;](3)" classname="org.example.Runner.GoodsRequisitionTestRunner" time="21.471">
    <system-out><![CDATA[
Scenario: Send a new Goods Requisition            &amp#27;[90m# ///G:/Abul Hossain Chowdhury/Projects/Cucumber_For_AIR/src/test/resources/Features/GoodsRequisition.feature:13&amp#27;[0m
  &amp#27;[32mGiven &amp#27;[0m&amp#27;[32mlogin for creation of a Goods Requisition&amp#27;[0m &amp#27;[90m# org.example.StepDefinitions.GoodsRequisition.login_for_creation_of_a_goods_requisition()&amp#27;[0m
Confirmation Message: Request Successfully Sent
  &amp#27;[32mAnd &amp#27;[0m&amp#27;[32mcreate new Goods Requisition&amp#27;[0m                &amp#27;[90m# org.example.StepDefinitions.GoodsRequisition.create_new_goods_requisition()&amp#27;[0m
  &amp#27;[32mThen &amp#27;[0m&amp#27;[32mclose the Goods Requisition window&amp#27;[0m         &amp#27;[90m# org.example.StepDefinitions.GoodsRequisition.close_the_goods_requisition_window()&amp#27;[0m
]]></system-out>
    <system-err><![CDATA[Starting ChromeDriver 116.0.5845.96 (1a391816688002153ef791ffe60d9e899a71a037-refs/branch-heads/5845@{#1382}) on port 45699
Only local connections are allowed.
Please see https://chromedriver.chromium.org/security-considerations for suggestions on keeping ChromeDriver safe.
ChromeDriver was started successfully.
Jan 08, 2024 4:28:09 PM org.openqa.selenium.remote.ProtocolHandshake createSession
INFO: Detected dialect: W3C
]]></system-err>
  </testcase>
  <testcase name="runScenario[&quot;Accept a requested Goods Requisition&quot;, &quot;Full Goods Requisition Test&quot;](4)" classname="org.example.Runner.GoodsRequisitionTestRunner" time="18.007">
    <failure message="element not interactable&#10;  (Session info: chrome=116.0.5845.96)&#10;Build info: version: &apos;3.141.59&apos;, revision: &apos;e82be7d358&apos;, time: &apos;2018-11-14T08:17:03&apos;&#10;System info: host: &apos;HO-P-FAHIM-IT&apos;, ip: &apos;10.101.18.47&apos;, os.name: &apos;Windows 10&apos;, os.arch: &apos;amd64&apos;, os.version: &apos;10.0&apos;, java.version: &apos;1.8.0_202&apos;&#10;Driver info: org.openqa.selenium.chrome.ChromeDriver&#10;Capabilities {acceptInsecureCerts: false, browserName: chrome, browserVersion: 116.0.5845.96, chrome: {chromedriverVersion: 116.0.5845.96 (1a3918166880..., userDataDir: C:\Users\H7D10~1.ABU\AppDat...}, fedcm:accounts: true, goog:chromeOptions: {debuggerAddress: localhost:50954}, javascriptEnabled: true, networkConnectionEnabled: false, pageLoadStrategy: normal, platform: WINDOWS, platformName: WINDOWS, proxy: Proxy(), setWindowRect: true, strictFileInteractability: false, timeouts: {implicit: 0, pageLoad: 300000, script: 30000}, unhandledPromptBehavior: dismiss and notify, webauthn:extension:credBlob: true, webauthn:extension:largeBlob: true, webauthn:extension:minPinLength: true, webauthn:extension:prf: true, webauthn:virtualAuthenticators: true}&#10;Session ID: 4a02bb3d8a3a4806a3809e0f1fce8852" type="org.openqa.selenium.ElementNotInteractableException"><![CDATA[org.openqa.selenium.ElementNotInteractableException: 
element not interactable
  (Session info: chrome=116.0.5845.96)
Build info: version: '3.141.59', revision: 'e82be7d358', time: '2018-11-14T08:17:03'
System info: host: 'HO-P-FAHIM-IT', ip: '10.101.18.47', os.name: 'Windows 10', os.arch: 'amd64', os.version: '10.0', java.version: '1.8.0_202'
Driver info: org.openqa.selenium.chrome.ChromeDriver
Capabilities {acceptInsecureCerts: false, browserName: chrome, browserVersion: 116.0.5845.96, chrome: {chromedriverVersion: 116.0.5845.96 (1a3918166880..., userDataDir: C:\Users\H7D10~1.ABU\AppDat...}, fedcm:accounts: true, goog:chromeOptions: {debuggerAddress: localhost:50954}, javascriptEnabled: true, networkConnectionEnabled: false, pageLoadStrategy: normal, platform: WINDOWS, platformName: WINDOWS, proxy: Proxy(), setWindowRect: true, strictFileInteractability: false, timeouts: {implicit: 0, pageLoad: 300000, script: 30000}, unhandledPromptBehavior: dismiss and notify, webauthn:extension:credBlob: true, webauthn:extension:largeBlob: true, webauthn:extension:minPinLength: true, webauthn:extension:prf: true, webauthn:virtualAuthenticators: true}
Session ID: 4a02bb3d8a3a4806a3809e0f1fce8852
]]></failure>
    <system-out><![CDATA[
Scenario: Accept a requested Goods Requisition                      &amp#27;[90m# ///G:/Abul Hossain Chowdhury/Projects/Cucumber_For_AIR/src/test/resources/Features/GoodsRequisition.feature:18&amp#27;[0m
  &amp#27;[32mGiven &amp#27;[0m&amp#27;[32mlogin for accepting of a requested Goods Requisition&amp#27;[0m        &amp#27;[90m# org.example.StepDefinitions.GoodsRequisition.login_for_accepting_of_a_requested_goods_requisition()&amp#27;[0m
  &amp#27;[31mAnd &amp#27;[0m&amp#27;[31mAccept the good requisition&amp#27;[0m                                   &amp#27;[90m# org.example.StepDefinitions.GoodsRequisition.accept_the_good_requisition()&amp#27;[0m
      &amp#27;[31morg.openqa.selenium.ElementNotInteractableException: element not interactable
  (Session info: chrome=116.0.5845.96)
Build info: version: '3.141.59', revision: 'e82be7d358', time: '2018-11-14T08:17:03'
System info: host: 'HO-P-FAHIM-IT', ip: '10.101.18.47', os.name: 'Windows 10', os.arch: 'amd64', os.version: '10.0', java.version: '1.8.0_202'
Driver info: org.openqa.selenium.chrome.ChromeDriver
Capabilities {acceptInsecureCerts: false, browserName: chrome, browserVersion: 116.0.5845.96, chrome: {chromedriverVersion: 116.0.5845.96 (1a3918166880..., userDataDir: C:\Users\H7D10~1.ABU\AppDat...}, fedcm:accounts: true, goog:chromeOptions: {debuggerAddress: localhost:50954}, javascriptEnabled: true, networkConnectionEnabled: false, pageLoadStrategy: normal, platform: WINDOWS, platformName: WINDOWS, proxy: Proxy(), setWindowRect: true, strictFileInteractability: false, timeouts: {implicit: 0, pageLoad: 300000, script: 30000}, unhandledPromptBehavior: dismiss and notify, webauthn:extension:credBlob: true, webauthn:extension:largeBlob: true, webauthn:extension:minPinLength: true, webauthn:extension:prf: true, webauthn:virtualAuthenticators: true}
Session ID: 4a02bb3d8a3a4806a3809e0f1fce8852
	at sun.reflect.NativeConstructorAccessorImpl.newInstance0(Native Method)
	at sun.reflect.NativeConstructorAccessorImpl.newInstance(NativeConstructorAccessorImpl.java:62)
	at sun.reflect.DelegatingConstructorAccessorImpl.newInstance(DelegatingConstructorAccessorImpl.java:45)
	at java.lang.reflect.Constructor.newInstance(Constructor.java:423)
	at org.openqa.selenium.remote.http.W3CHttpResponseCodec.createException(W3CHttpResponseCodec.java:187)
	at org.openqa.selenium.remote.http.W3CHttpResponseCodec.decode(W3CHttpResponseCodec.java:122)
	at org.openqa.selenium.remote.http.W3CHttpResponseCodec.decode(W3CHttpResponseCodec.java:49)
	at org.openqa.selenium.remote.HttpCommandExecutor.execute(HttpCommandExecutor.java:158)
	at org.openqa.selenium.remote.service.DriverCommandExecutor.execute(DriverCommandExecutor.java:83)
	at org.openqa.selenium.remote.RemoteWebDriver.execute(RemoteWebDriver.java:552)
	at org.openqa.selenium.remote.RemoteWebElement.execute(RemoteWebElement.java:285)
	at org.openqa.selenium.remote.RemoteWebElement.sendKeys(RemoteWebElement.java:106)
	at org.example.BrowserUtils.pressEnterById(BrowserUtils.java:50)
	at org.example.StepDefinitions.GoodsRequisition.accept_the_good_requisition(GoodsRequisition.java:190)
	at âœ½.Accept the good requisition(file:///G:/Abul%20Hossain%20Chowdhury/Projects/Cucumber_For_AIR/src/test/resources/Features/GoodsRequisition.feature:20)
&amp#27;[0m
  &amp#27;[36mThen &amp#27;[0m&amp#27;[36mclose the Goods Requisition window for accepting the request&amp#27;[0m &amp#27;[90m# org.example.StepDefinitions.GoodsRequisition.close_the_goods_requisition_window_for_accepting_the_request()&amp#27;[0m
]]></system-out>
    <system-err><![CDATA[Starting ChromeDriver 116.0.5845.96 (1a391816688002153ef791ffe60d9e899a71a037-refs/branch-heads/5845@{#1382}) on port 14166
Only local connections are allowed.
Please see https://chromedriver.chromium.org/security-considerations for suggestions on keeping ChromeDriver safe.
ChromeDriver was started successfully.
Jan 08, 2024 4:28:30 PM org.openqa.selenium.remote.ProtocolHandshake createSession
INFO: Detected dialect: W3C
]]></system-err>
  </testcase>
  <testcase name="runScenario[&quot;vehicle load for Goods Requisition&quot;, &quot;Full Goods Requisition Test&quot;](5)" classname="org.example.Runner.GoodsRequisitionTestRunner" time="11.305">
    <system-out><![CDATA[
Scenario: vehicle load for Goods Requisition                     &amp#27;[90m# ///G:/Abul Hossain Chowdhury/Projects/Cucumber_For_AIR/src/test/resources/Features/GoodsRequisition.feature:23&amp#27;[0m
  &amp#27;[32mGiven &amp#27;[0m&amp#27;[32mlogin for vehicle load for a requested Goods Requisition&amp#27;[0m &amp#27;[90m# org.example.StepDefinitions.GoodsRequisition.login_for_vehicle_load_for_a_requested_goods_requisition()&amp#27;[0m
Confirmation Message: Request Accepted
  &amp#27;[32mAnd &amp#27;[0m&amp#27;[32mvehicle load for the good requisition&amp#27;[0m                      &amp#27;[90m# org.example.StepDefinitions.GoodsRequisition.vehicle_load_for_the_good_requisition()&amp#27;[0m
  &amp#27;[32mThen &amp#27;[0m&amp#27;[32mclose the Goods Requisition window for vehicle load&amp#27;[0m       &amp#27;[90m# org.example.StepDefinitions.GoodsRequisition.close_the_goods_requisition_window_for_vehicle_load()&amp#27;[0m
]]></system-out>
    <system-err><![CDATA[Starting ChromeDriver 116.0.5845.96 (1a391816688002153ef791ffe60d9e899a71a037-refs/branch-heads/5845@{#1382}) on port 48215
Only local connections are allowed.
Please see https://chromedriver.chromium.org/security-considerations for suggestions on keeping ChromeDriver safe.
ChromeDriver was started successfully.
Jan 08, 2024 4:28:49 PM org.openqa.selenium.remote.ProtocolHandshake createSession
INFO: Detected dialect: W3C
]]></system-err>
  </testcase>
  <testcase name="runScenario[&quot;vehicle unload for Goods Requisition&quot;, &quot;Full Goods Requisition Test&quot;](6)" classname="org.example.Runner.GoodsRequisitionTestRunner" time="10.678">
    <system-out><![CDATA[
Scenario: vehicle unload for Goods Requisition                     &amp#27;[90m# ///G:/Abul Hossain Chowdhury/Projects/Cucumber_For_AIR/src/test/resources/Features/GoodsRequisition.feature:28&amp#27;[0m
  &amp#27;[32mGiven &amp#27;[0m&amp#27;[32mlogin for vehicle unload for a requested Goods Requisition&amp#27;[0m &amp#27;[90m# org.example.StepDefinitions.GoodsRequisition.login_for_vehicle_unload_for_a_requested_goods_requisition()&amp#27;[0m
Confirmation Message: Request Accepted
  &amp#27;[32mAnd &amp#27;[0m&amp#27;[32mvehicle unload for the good requisition&amp#27;[0m                      &amp#27;[90m# org.example.StepDefinitions.GoodsRequisition.vehicle_unload_for_the_good_requisition()&amp#27;[0m
  &amp#27;[32mThen &amp#27;[0m&amp#27;[32mclose the Goods Requisition window for vehicle unload&amp#27;[0m       &amp#27;[90m# org.example.StepDefinitions.GoodsRequisition.close_the_goods_requisition_window_for_vehicle_unload()&amp#27;[0m
]]></system-out>
    <system-err><![CDATA[Starting ChromeDriver 116.0.5845.96 (1a391816688002153ef791ffe60d9e899a71a037-refs/branch-heads/5845@{#1382}) on port 29490
Only local connections are allowed.
Please see https://chromedriver.chromium.org/security-considerations for suggestions on keeping ChromeDriver safe.
ChromeDriver was started successfully.
Jan 08, 2024 4:29:00 PM org.openqa.selenium.remote.ProtocolHandshake createSession
INFO: Detected dialect: W3C
]]></system-err>
  </testcase>
  <testcase name="runScenario[&quot;Receive The Goods&quot;, &quot;Full Goods Requisition Test&quot;](7)" classname="org.example.Runner.GoodsRequisitionTestRunner" time="5.447">
    <failure message="element click intercepted: Element is not clickable at point (1315, 996)&#10;  (Session info: chrome=116.0.5845.96)&#10;Build info: version: &apos;3.141.59&apos;, revision: &apos;e82be7d358&apos;, time: &apos;2018-11-14T08:17:03&apos;&#10;System info: host: &apos;HO-P-FAHIM-IT&apos;, ip: &apos;10.101.18.47&apos;, os.name: &apos;Windows 10&apos;, os.arch: &apos;amd64&apos;, os.version: &apos;10.0&apos;, java.version: &apos;1.8.0_202&apos;&#10;Driver info: org.openqa.selenium.chrome.ChromeDriver&#10;Capabilities {acceptInsecureCerts: false, browserName: chrome, browserVersion: 116.0.5845.96, chrome: {chromedriverVersion: 116.0.5845.96 (1a3918166880..., userDataDir: C:\Users\H7D10~1.ABU\AppDat...}, fedcm:accounts: true, goog:chromeOptions: {debuggerAddress: localhost:51062}, javascriptEnabled: true, networkConnectionEnabled: false, pageLoadStrategy: normal, platform: WINDOWS, platformName: WINDOWS, proxy: Proxy(), setWindowRect: true, strictFileInteractability: false, timeouts: {implicit: 0, pageLoad: 300000, script: 30000}, unhandledPromptBehavior: dismiss and notify, webauthn:extension:credBlob: true, webauthn:extension:largeBlob: true, webauthn:extension:minPinLength: true, webauthn:extension:prf: true, webauthn:virtualAuthenticators: true}&#10;Session ID: d493b7eb186924ae8608b16d5a3b4eb8" type="org.openqa.selenium.ElementClickInterceptedException"><![CDATA[org.openqa.selenium.ElementClickInterceptedException: 
element click intercepted: Element is not clickable at point (1315, 996)
  (Session info: chrome=116.0.5845.96)
Build info: version: '3.141.59', revision: 'e82be7d358', time: '2018-11-14T08:17:03'
System info: host: 'HO-P-FAHIM-IT', ip: '10.101.18.47', os.name: 'Windows 10', os.arch: 'amd64', os.version: '10.0', java.version: '1.8.0_202'
Driver info: org.openqa.selenium.chrome.ChromeDriver
Capabilities {acceptInsecureCerts: false, browserName: chrome, browserVersion: 116.0.5845.96, chrome: {chromedriverVersion: 116.0.5845.96 (1a3918166880..., userDataDir: C:\Users\H7D10~1.ABU\AppDat...}, fedcm:accounts: true, goog:chromeOptions: {debuggerAddress: localhost:51062}, javascriptEnabled: true, networkConnectionEnabled: false, pageLoadStrategy: normal, platform: WINDOWS, platformName: WINDOWS, proxy: Proxy(), setWindowRect: true, strictFileInteractability: false, timeouts: {implicit: 0, pageLoad: 300000, script: 30000}, unhandledPromptBehavior: dismiss and notify, webauthn:extension:credBlob: true, webauthn:extension:largeBlob: true, webauthn:extension:minPinLength: true, webauthn:extension:prf: true, webauthn:virtualAuthenticators: true}
Session ID: d493b7eb186924ae8608b16d5a3b4eb8
]]></failure>
    <system-out><![CDATA[
Scenario: Receive The Goods                                   &amp#27;[90m# ///G:/Abul Hossain Chowdhury/Projects/Cucumber_For_AIR/src/test/resources/Features/GoodsRequisition.feature:33&amp#27;[0m
  &amp#27;[32mGiven &amp#27;[0m&amp#27;[32mlogin for Receiving The Goods&amp#27;[0m                         &amp#27;[90m# org.example.StepDefinitions.GoodsRequisition.login_for_receiving_the_goods()&amp#27;[0m
  &amp#27;[31mAnd &amp#27;[0m&amp#27;[31mReceive The Goods&amp#27;[0m                                       &amp#27;[90m# org.example.StepDefinitions.GoodsRequisition.receive_the_goods()&amp#27;[0m
      &amp#27;[31morg.openqa.selenium.ElementClickInterceptedException: element click intercepted: Element is not clickable at point (1315, 996)
  (Session info: chrome=116.0.5845.96)
Build info: version: '3.141.59', revision: 'e82be7d358', time: '2018-11-14T08:17:03'
System info: host: 'HO-P-FAHIM-IT', ip: '10.101.18.47', os.name: 'Windows 10', os.arch: 'amd64', os.version: '10.0', java.version: '1.8.0_202'
Driver info: org.openqa.selenium.chrome.ChromeDriver
Capabilities {acceptInsecureCerts: false, browserName: chrome, browserVersion: 116.0.5845.96, chrome: {chromedriverVersion: 116.0.5845.96 (1a3918166880..., userDataDir: C:\Users\H7D10~1.ABU\AppDat...}, fedcm:accounts: true, goog:chromeOptions: {debuggerAddress: localhost:51062}, javascriptEnabled: true, networkConnectionEnabled: false, pageLoadStrategy: normal, platform: WINDOWS, platformName: WINDOWS, proxy: Proxy(), setWindowRect: true, strictFileInteractability: false, timeouts: {implicit: 0, pageLoad: 300000, script: 30000}, unhandledPromptBehavior: dismiss and notify, webauthn:extension:credBlob: true, webauthn:extension:largeBlob: true, webauthn:extension:minPinLength: true, webauthn:extension:prf: true, webauthn:virtualAuthenticators: true}
Session ID: d493b7eb186924ae8608b16d5a3b4eb8
	at sun.reflect.NativeConstructorAccessorImpl.newInstance0(Native Method)
	at sun.reflect.NativeConstructorAccessorImpl.newInstance(NativeConstructorAccessorImpl.java:62)
	at sun.reflect.DelegatingConstructorAccessorImpl.newInstance(DelegatingConstructorAccessorImpl.java:45)
	at java.lang.reflect.Constructor.newInstance(Constructor.java:423)
	at org.openqa.selenium.remote.http.W3CHttpResponseCodec.createException(W3CHttpResponseCodec.java:187)
	at org.openqa.selenium.remote.http.W3CHttpResponseCodec.decode(W3CHttpResponseCodec.java:122)
	at org.openqa.selenium.remote.http.W3CHttpResponseCodec.decode(W3CHttpResponseCodec.java:49)
	at org.openqa.selenium.remote.HttpCommandExecutor.execute(HttpCommandExecutor.java:158)
	at org.openqa.selenium.remote.service.DriverCommandExecutor.execute(DriverCommandExecutor.java:83)
	at org.openqa.selenium.remote.RemoteWebDriver.execute(RemoteWebDriver.java:552)
	at org.openqa.selenium.remote.RemoteWebElement.execute(RemoteWebElement.java:285)
	at org.openqa.selenium.remote.RemoteWebElement.click(RemoteWebElement.java:84)
	at org.example.BrowserUtils.clickbyId(BrowserUtils.java:92)
	at org.example.StepDefinitions.GoodsRequisition.receive_the_goods(GoodsRequisition.java:294)
	at âœ½.Receive The Goods(file:///G:/Abul%20Hossain%20Chowdhury/Projects/Cucumber_For_AIR/src/test/resources/Features/GoodsRequisition.feature:35)
&amp#27;[0m
  &amp#27;[36mThen &amp#27;[0m&amp#27;[36mclose the Goods Requisition window for receiving goods&amp#27;[0m &amp#27;[90m# org.example.StepDefinitions.GoodsRequisition.close_the_goods_requisition_window_for_receiving_goods()&amp#27;[0m
]]></system-out>
    <system-err><![CDATA[Starting ChromeDriver 116.0.5845.96 (1a391816688002153ef791ffe60d9e899a71a037-refs/branch-heads/5845@{#1382}) on port 4922
Only local connections are allowed.
Please see https://chromedriver.chromium.org/security-considerations for suggestions on keeping ChromeDriver safe.
ChromeDriver was started successfully.
Jan 08, 2024 4:29:10 PM org.openqa.selenium.remote.ProtocolHandshake createSession
INFO: Detected dialect: W3C
]]></system-err>
  </testcase>
  <testcase name="runScenario[&quot;Search an Invoice for AIR&quot;, &quot;Invoice Test&quot;](1)" classname="org.example.Runner.DistributorInvoicesTestRunner" time="11.126">
    <system-out><![CDATA[
Scenario: Search an Invoice for AIR &amp#27;[90m# ///G:/Abul Hossain Chowdhury/Projects/Cucumber_For_AIR/src/test/resources/Features/DistributorInvoices.feature:4&amp#27;[0m
  &amp#27;[32mGiven &amp#27;[0m&amp#27;[32mLogin to Search Invoice&amp#27;[0m     &amp#27;[90m# org.example.StepDefinitions.DistributorInvoices.login_to_search_invoice()&amp#27;[0m
  &amp#27;[32mWhen &amp#27;[0m&amp#27;[32msearch for Invoice&amp#27;[0m           &amp#27;[90m# org.example.StepDefinitions.DistributorInvoices.search_for_invoice()&amp#27;[0m
  &amp#27;[32mAnd &amp#27;[0m&amp#27;[32mdescription of an Invoice&amp#27;[0m     &amp#27;[90m# org.example.StepDefinitions.DistributorInvoices.description_of_an_invoice()&amp#27;[0m
  &amp#27;[32mThen &amp#27;[0m&amp#27;[32mclose Invoice for search&amp#27;[0m     &amp#27;[90m# org.example.StepDefinitions.DistributorInvoices.close_invoice_for_search()&amp#27;[0m
]]></system-out>
    <system-err><![CDATA[&amp#27;[32m&amp#27;[1m┌──────────────────────────────────────────────────────────────────────────┐&amp#27;[0m
&amp#27;[32m&amp#27;[1m│&amp#27;[0m View your Cucumber Report at:                                            &amp#27;[32m&amp#27;[1m│&amp#27;[0m
&amp#27;[32m&amp#27;[1m│&amp#27;[0m &amp#27;[1m&amp#27;[36m&amp#27;[4mhttps://reports.cucumber.io/reports/795090a3-6058-4a59-bfe1-d734b6521e0a&amp#27;[0m &amp#27;[32m&amp#27;[1m│&amp#27;[0m
&amp#27;[32m&amp#27;[1m│&amp#27;[0m                                                                          &amp#27;[32m&amp#27;[1m│&amp#27;[0m
&amp#27;[32m&amp#27;[1m│&amp#27;[0m &amp#27;[1mThis report will self-destruct in 24h.&amp#27;[0m                                   &amp#27;[32m&amp#27;[1m│&amp#27;[0m
&amp#27;[32m&amp#27;[1m│&amp#27;[0m Keep reports forever: &amp#27;[4m&amp#27;[1m&amp#27;[36mhttps://reports.cucumber.io/profile&amp#27;[0m                &amp#27;[32m&amp#27;[1m│&amp#27;[0m
&amp#27;[32m&amp#27;[1m└──────────────────────────────────────────────────────────────────────────┘&amp#27;[0mStarting ChromeDriver 116.0.5845.96 (1a391816688002153ef791ffe60d9e899a71a037-refs/branch-heads/5845@{#1382}) on port 28029
Only local connections are allowed.
Please see https://chromedriver.chromium.org/security-considerations for suggestions on keeping ChromeDriver safe.
ChromeDriver was started successfully.
Jan 08, 2024 4:29:20 PM org.openqa.selenium.remote.ProtocolHandshake createSession
INFO: Detected dialect: W3C
]]></system-err>
  </testcase>
  <testcase name="runScenario[&quot;Create a new Invoice&quot;, &quot;Invoice Test&quot;](2)" classname="org.example.Runner.DistributorInvoicesTestRunner" time="20.266">
    <system-out><![CDATA[
Scenario: Create a new Invoice  &amp#27;[90m# ///G:/Abul Hossain Chowdhury/Projects/Cucumber_For_AIR/src/test/resources/Features/DistributorInvoices.feature:10&amp#27;[0m
  &amp#27;[32mGiven &amp#27;[0m&amp#27;[32mlogin for Invoice&amp#27;[0m       &amp#27;[90m# org.example.StepDefinitions.DistributorInvoices.login_for_invoice()&amp#27;[0m
Confirmation Message: Invoice has been created
  &amp#27;[32mAnd &amp#27;[0m&amp#27;[32mcreate new Invoice&amp#27;[0m        &amp#27;[90m# org.example.StepDefinitions.DistributorInvoices.create_new_invoice()&amp#27;[0m
  &amp#27;[32mThen &amp#27;[0m&amp#27;[32mclose the Invoice window&amp#27;[0m &amp#27;[90m# org.example.StepDefinitions.DistributorInvoices.close_the_invoice_window()&amp#27;[0m
]]></system-out>
    <system-err><![CDATA[Starting ChromeDriver 116.0.5845.96 (1a391816688002153ef791ffe60d9e899a71a037-refs/branch-heads/5845@{#1382}) on port 1780
Only local connections are allowed.
Please see https://chromedriver.chromium.org/security-considerations for suggestions on keeping ChromeDriver safe.
ChromeDriver was started successfully.
Jan 08, 2024 4:29:31 PM org.openqa.selenium.remote.ProtocolHandshake createSession
INFO: Detected dialect: W3C
]]></system-err>
  </testcase>
  <testcase name="runScenario[&quot;Search a cancelled Invoice for AIR&quot;, &quot;Cancel Invoice Test&quot;](1)" classname="org.example.Runner.CancelInvoiceTestRunner" time="5.174">
    <failure message="element click intercepted: Element &lt;a class=&quot;btn p-0&quot; data-toggle=&quot;tooltip&quot; data-bs-placement=&quot;left&quot; title=&quot;View Details&quot; data-id=&quot;6&quot; id=&quot;btn_view&quot;&gt;...&lt;/a&gt; is not clickable at point (1323, 189). Other element would receive the click: &lt;div class=&quot;modal fade bd-example-modal-xl show&quot; id=&quot;modal_view&quot; aria-labelledby=&quot;myLargeModalLabel&quot; style=&quot;display: block;&quot; aria-modal=&quot;true&quot; role=&quot;dialog&quot;&gt;...&lt;/div&gt;&#10;  (Session info: chrome=116.0.5845.96)&#10;Build info: version: &apos;3.141.59&apos;, revision: &apos;e82be7d358&apos;, time: &apos;2018-11-14T08:17:03&apos;&#10;System info: host: &apos;HO-P-FAHIM-IT&apos;, ip: &apos;10.101.18.47&apos;, os.name: &apos;Windows 10&apos;, os.arch: &apos;amd64&apos;, os.version: &apos;10.0&apos;, java.version: &apos;1.8.0_202&apos;&#10;Driver info: org.openqa.selenium.chrome.ChromeDriver&#10;Capabilities {acceptInsecureCerts: false, browserName: chrome, browserVersion: 116.0.5845.96, chrome: {chromedriverVersion: 116.0.5845.96 (1a3918166880..., userDataDir: C:\Users\H7D10~1.ABU\AppDat...}, fedcm:accounts: true, goog:chromeOptions: {debuggerAddress: localhost:51175}, javascriptEnabled: true, networkConnectionEnabled: false, pageLoadStrategy: normal, platform: WINDOWS, platformName: WINDOWS, proxy: Proxy(), setWindowRect: true, strictFileInteractability: false, timeouts: {implicit: 0, pageLoad: 300000, script: 30000}, unhandledPromptBehavior: dismiss and notify, webauthn:extension:credBlob: true, webauthn:extension:largeBlob: true, webauthn:extension:minPinLength: true, webauthn:extension:prf: true, webauthn:virtualAuthenticators: true}&#10;Session ID: 8239f1513fab00f458de420061e3fb72" type="org.openqa.selenium.ElementClickInterceptedException"><![CDATA[org.openqa.selenium.ElementClickInterceptedException: 
element click intercepted: Element <a class="btn p-0" data-toggle="tooltip" data-bs-placement="left" title="View Details" data-id="6" id="btn_view">...</a> is not clickable at point (1323, 189). Other element would receive the click: <div class="modal fade bd-example-modal-xl show" id="modal_view" aria-labelledby="myLargeModalLabel" style="display: block;" aria-modal="true" role="dialog">...</div>
  (Session info: chrome=116.0.5845.96)
Build info: version: '3.141.59', revision: 'e82be7d358', time: '2018-11-14T08:17:03'
System info: host: 'HO-P-FAHIM-IT', ip: '10.101.18.47', os.name: 'Windows 10', os.arch: 'amd64', os.version: '10.0', java.version: '1.8.0_202'
Driver info: org.openqa.selenium.chrome.ChromeDriver
Capabilities {acceptInsecureCerts: false, browserName: chrome, browserVersion: 116.0.5845.96, chrome: {chromedriverVersion: 116.0.5845.96 (1a3918166880..., userDataDir: C:\Users\H7D10~1.ABU\AppDat...}, fedcm:accounts: true, goog:chromeOptions: {debuggerAddress: localhost:51175}, javascriptEnabled: true, networkConnectionEnabled: false, pageLoadStrategy: normal, platform: WINDOWS, platformName: WINDOWS, proxy: Proxy(), setWindowRect: true, strictFileInteractability: false, timeouts: {implicit: 0, pageLoad: 300000, script: 30000}, unhandledPromptBehavior: dismiss and notify, webauthn:extension:credBlob: true, webauthn:extension:largeBlob: true, webauthn:extension:minPinLength: true, webauthn:extension:prf: true, webauthn:virtualAuthenticators: true}
Session ID: 8239f1513fab00f458de420061e3fb72
]]></failure>
    <system-out><![CDATA[
Scenario: Search a cancelled Invoice for AIR &amp#27;[90m# ///G:/Abul Hossain Chowdhury/Projects/Cucumber_For_AIR/src/test/resources/Features/CancelInvoice.feature:4&amp#27;[0m
  &amp#27;[32mGiven &amp#27;[0m&amp#27;[32mLogin to Search cancelled Invoice&amp#27;[0m    &amp#27;[90m# org.example.StepDefinitions.CancelInvoice.login_to_search_cancelled_invoice()&amp#27;[0m
  &amp#27;[32mWhen &amp#27;[0m&amp#27;[32msearch for cancelled Invoice&amp#27;[0m          &amp#27;[90m# org.example.StepDefinitions.CancelInvoice.search_for_cancelled_invoice()&amp#27;[0m
  &amp#27;[31mAnd &amp#27;[0m&amp#27;[31mdescription of a cancelled Invoice&amp#27;[0m     &amp#27;[90m# org.example.StepDefinitions.CancelInvoice.description_of_a_cancelled_invoice()&amp#27;[0m
      &amp#27;[31morg.openqa.selenium.ElementClickInterceptedException: element click intercepted: Element <a class="btn p-0" data-toggle="tooltip" data-bs-placement="left" title="View Details" data-id="6" id="btn_view">...</a> is not clickable at point (1323, 189). Other element would receive the click: <div class="modal fade bd-example-modal-xl show" id="modal_view" aria-labelledby="myLargeModalLabel" style="display: block;" aria-modal="true" role="dialog">...</div>
  (Session info: chrome=116.0.5845.96)
Build info: version: '3.141.59', revision: 'e82be7d358', time: '2018-11-14T08:17:03'
System info: host: 'HO-P-FAHIM-IT', ip: '10.101.18.47', os.name: 'Windows 10', os.arch: 'amd64', os.version: '10.0', java.version: '1.8.0_202'
Driver info: org.openqa.selenium.chrome.ChromeDriver
Capabilities {acceptInsecureCerts: false, browserName: chrome, browserVersion: 116.0.5845.96, chrome: {chromedriverVersion: 116.0.5845.96 (1a3918166880..., userDataDir: C:\Users\H7D10~1.ABU\AppDat...}, fedcm:accounts: true, goog:chromeOptions: {debuggerAddress: localhost:51175}, javascriptEnabled: true, networkConnectionEnabled: false, pageLoadStrategy: normal, platform: WINDOWS, platformName: WINDOWS, proxy: Proxy(), setWindowRect: true, strictFileInteractability: false, timeouts: {implicit: 0, pageLoad: 300000, script: 30000}, unhandledPromptBehavior: dismiss and notify, webauthn:extension:credBlob: true, webauthn:extension:largeBlob: true, webauthn:extension:minPinLength: true, webauthn:extension:prf: true, webauthn:virtualAuthenticators: true}
Session ID: 8239f1513fab00f458de420061e3fb72
	at sun.reflect.NativeConstructorAccessorImpl.newInstance0(Native Method)
	at sun.reflect.NativeConstructorAccessorImpl.newInstance(NativeConstructorAccessorImpl.java:62)
	at sun.reflect.DelegatingConstructorAccessorImpl.newInstance(DelegatingConstructorAccessorImpl.java:45)
	at java.lang.reflect.Constructor.newInstance(Constructor.java:423)
	at org.openqa.selenium.remote.http.W3CHttpResponseCodec.createException(W3CHttpResponseCodec.java:187)
	at org.openqa.selenium.remote.http.W3CHttpResponseCodec.decode(W3CHttpResponseCodec.java:122)
	at org.openqa.selenium.remote.http.W3CHttpResponseCodec.decode(W3CHttpResponseCodec.java:49)
	at org.openqa.selenium.remote.HttpCommandExecutor.execute(HttpCommandExecutor.java:158)
	at org.openqa.selenium.remote.service.DriverCommandExecutor.execute(DriverCommandExecutor.java:83)
	at org.openqa.selenium.remote.RemoteWebDriver.execute(RemoteWebDriver.java:552)
	at org.openqa.selenium.remote.RemoteWebElement.execute(RemoteWebElement.java:285)
	at org.openqa.selenium.remote.RemoteWebElement.click(RemoteWebElement.java:84)
	at org.example.StepDefinitions.CancelInvoice.description_of_a_cancelled_invoice(CancelInvoice.java:39)
	at âœ½.description of a cancelled Invoice(file:///G:/Abul%20Hossain%20Chowdhury/Projects/Cucumber_For_AIR/src/test/resources/Features/CancelInvoice.feature:7)
&amp#27;[0m
  &amp#27;[36mThen &amp#27;[0m&amp#27;[36mclose cancelled Invoice for search&amp#27;[0m    &amp#27;[90m# org.example.StepDefinitions.CancelInvoice.close_cancelled_invoice_for_search()&amp#27;[0m
]]></system-out>
    <system-err><![CDATA[&amp#27;[32m&amp#27;[1m┌──────────────────────────────────────────────────────────────────────────┐&amp#27;[0m
&amp#27;[32m&amp#27;[1m│&amp#27;[0m View your Cucumber Report at:                                            &amp#27;[32m&amp#27;[1m│&amp#27;[0m
&amp#27;[32m&amp#27;[1m│&amp#27;[0m &amp#27;[1m&amp#27;[36m&amp#27;[4mhttps://reports.cucumber.io/reports/ed7ef823-d6fd-4a11-9acb-29b40ec0d780&amp#27;[0m &amp#27;[32m&amp#27;[1m│&amp#27;[0m
&amp#27;[32m&amp#27;[1m│&amp#27;[0m                                                                          &amp#27;[32m&amp#27;[1m│&amp#27;[0m
&amp#27;[32m&amp#27;[1m│&amp#27;[0m &amp#27;[1mThis report will self-destruct in 24h.&amp#27;[0m                                   &amp#27;[32m&amp#27;[1m│&amp#27;[0m
&amp#27;[32m&amp#27;[1m│&amp#27;[0m Keep reports forever: &amp#27;[4m&amp#27;[1m&amp#27;[36mhttps://reports.cucumber.io/profile&amp#27;[0m                &amp#27;[32m&amp#27;[1m│&amp#27;[0m
&amp#27;[32m&amp#27;[1m└──────────────────────────────────────────────────────────────────────────┘&amp#27;[0mStarting ChromeDriver 116.0.5845.96 (1a391816688002153ef791ffe60d9e899a71a037-refs/branch-heads/5845@{#1382}) on port 2086
Only local connections are allowed.
Please see https://chromedriver.chromium.org/security-considerations for suggestions on keeping ChromeDriver safe.
ChromeDriver was started successfully.
Jan 08, 2024 4:29:54 PM org.openqa.selenium.remote.ProtocolHandshake createSession
INFO: Detected dialect: W3C
]]></system-err>
  </testcase>
  <testcase name="runScenario[&quot;Create a new cancel Invoice&quot;, &quot;Cancel Invoice Test&quot;](2)" classname="org.example.Runner.CancelInvoiceTestRunner" time="15.301">
    <system-out><![CDATA[
Scenario: Create a new cancel Invoice        &amp#27;[90m# ///G:/Abul Hossain Chowdhury/Projects/Cucumber_For_AIR/src/test/resources/Features/CancelInvoice.feature:10&amp#27;[0m
  &amp#27;[32mGiven &amp#27;[0m&amp#27;[32mlogin for cancellation of an Invoice&amp#27;[0m &amp#27;[90m# org.example.StepDefinitions.CancelInvoice.login_for_cancellation_of_an_invoice()&amp#27;[0m
01-08-2024 04:30 PM
Confirmation Message: Invoice Cancelled
  &amp#27;[32mAnd &amp#27;[0m&amp#27;[32mcreate new cancel Invoice&amp#27;[0m              &amp#27;[90m# org.example.StepDefinitions.CancelInvoice.create_new_cancel_invoice()&amp#27;[0m
  &amp#27;[32mThen &amp#27;[0m&amp#27;[32mclose the cancel Invoice window&amp#27;[0m       &amp#27;[90m# org.example.StepDefinitions.CancelInvoice.close_the_cancel_invoice_window()&amp#27;[0m
]]></system-out>
    <system-err><![CDATA[Starting ChromeDriver 116.0.5845.96 (1a391816688002153ef791ffe60d9e899a71a037-refs/branch-heads/5845@{#1382}) on port 37588
Only local connections are allowed.
Please see https://chromedriver.chromium.org/security-considerations for suggestions on keeping ChromeDriver safe.
ChromeDriver was started successfully.
Jan 08, 2024 4:29:59 PM org.openqa.selenium.remote.ProtocolHandshake createSession
INFO: Detected dialect: W3C
]]></system-err>
  </testcase>
  <testcase name="runScenario[&quot;Search a Collection for AIR&quot;, &quot;Collection Test&quot;](1)" classname="org.example.Runner.CollectionsTestRunner" time="9.245">
    <system-out><![CDATA[
Scenario: Search a Collection for AIR &amp#27;[90m# ///G:/Abul Hossain Chowdhury/Projects/Cucumber_For_AIR/src/test/resources/Features/Collections.feature:4&amp#27;[0m
  &amp#27;[32mGiven &amp#27;[0m&amp#27;[32mLogin to Search Collection&amp#27;[0m    &amp#27;[90m# org.example.StepDefinitions.Collections.login_to_search_collection()&amp#27;[0m
  &amp#27;[32mWhen &amp#27;[0m&amp#27;[32msearch for Collection&amp#27;[0m          &amp#27;[90m# org.example.StepDefinitions.Collections.search_for_collection()&amp#27;[0m
  &amp#27;[32mAnd &amp#27;[0m&amp#27;[32mdescription of a Collection&amp#27;[0m     &amp#27;[90m# org.example.StepDefinitions.Collections.description_of_a_collection()&amp#27;[0m
  &amp#27;[32mThen &amp#27;[0m&amp#27;[32mclose Collection&amp#27;[0m               &amp#27;[90m# org.example.StepDefinitions.Collections.close_collection()&amp#27;[0m
]]></system-out>
    <system-err><![CDATA[&amp#27;[32m&amp#27;[1m┌──────────────────────────────────────────────────────────────────────────┐&amp#27;[0m
&amp#27;[32m&amp#27;[1m│&amp#27;[0m View your Cucumber Report at:                                            &amp#27;[32m&amp#27;[1m│&amp#27;[0m
&amp#27;[32m&amp#27;[1m│&amp#27;[0m &amp#27;[1m&amp#27;[36m&amp#27;[4mhttps://reports.cucumber.io/reports/d67fac29-60de-42c9-a94b-f4eb4f6f0e1d&amp#27;[0m &amp#27;[32m&amp#27;[1m│&amp#27;[0m
&amp#27;[32m&amp#27;[1m│&amp#27;[0m                                                                          &amp#27;[32m&amp#27;[1m│&amp#27;[0m
&amp#27;[32m&amp#27;[1m│&amp#27;[0m &amp#27;[1mThis report will self-destruct in 24h.&amp#27;[0m                                   &amp#27;[32m&amp#27;[1m│&amp#27;[0m
&amp#27;[32m&amp#27;[1m│&amp#27;[0m Keep reports forever: &amp#27;[4m&amp#27;[1m&amp#27;[36mhttps://reports.cucumber.io/profile&amp#27;[0m                &amp#27;[32m&amp#27;[1m│&amp#27;[0m
&amp#27;[32m&amp#27;[1m└──────────────────────────────────────────────────────────────────────────┘&amp#27;[0mStarting ChromeDriver 116.0.5845.96 (1a391816688002153ef791ffe60d9e899a71a037-refs/branch-heads/5845@{#1382}) on port 6616
Only local connections are allowed.
Please see https://chromedriver.chromium.org/security-considerations for suggestions on keeping ChromeDriver safe.
ChromeDriver was started successfully.
Jan 08, 2024 4:30:17 PM org.openqa.selenium.remote.ProtocolHandshake createSession
INFO: Detected dialect: W3C
]]></system-err>
  </testcase>
  <testcase name="runScenario[&quot;Create a new Collection&quot;, &quot;Collection Test&quot;](2)" classname="org.example.Runner.CollectionsTestRunner" time="13.786">
    <system-out><![CDATA[
Scenario: Create a new Collection     &amp#27;[90m# ///G:/Abul Hossain Chowdhury/Projects/Cucumber_For_AIR/src/test/resources/Features/Collections.feature:10&amp#27;[0m
  &amp#27;[32mGiven &amp#27;[0m&amp#27;[32mlogin for creating Collection&amp#27;[0m &amp#27;[90m# org.example.StepDefinitions.Collections.login_for_creating_collection()&amp#27;[0m
Confirmation Message: Collections has been saved
  &amp#27;[32mAnd &amp#27;[0m&amp#27;[32mcreate new Collection&amp#27;[0m           &amp#27;[90m# org.example.StepDefinitions.Collections.create_new_collection()&amp#27;[0m
  &amp#27;[32mThen &amp#27;[0m&amp#27;[32mclose the Collection window&amp#27;[0m    &amp#27;[90m# org.example.StepDefinitions.Collections.close_the_collection_window()&amp#27;[0m
]]></system-out>
    <system-err><![CDATA[Starting ChromeDriver 116.0.5845.96 (1a391816688002153ef791ffe60d9e899a71a037-refs/branch-heads/5845@{#1382}) on port 19305
Only local connections are allowed.
Please see https://chromedriver.chromium.org/security-considerations for suggestions on keeping ChromeDriver safe.
ChromeDriver was started successfully.
Jan 08, 2024 4:30:27 PM org.openqa.selenium.remote.ProtocolHandshake createSession
INFO: Detected dialect: W3C
]]></system-err>
  </testcase>
  <testcase name="runScenario[&quot;create a new offer&quot;, &quot;Full Offer Test&quot;](1)" classname="org.example.Runner.OfferTestRunner" time="27.385">
    <system-out><![CDATA[
Scenario: create a new offer           &amp#27;[90m# ///G:/Abul Hossain Chowdhury/Projects/Cucumber_For_AIR/src/test/resources/Features/Offer.feature:3&amp#27;[0m
The Expected page is : AIR - Offer
The found Page is : AIR - Offer
  &amp#27;[32mGiven &amp#27;[0m&amp#27;[32mlogin for creation of an offer&amp#27;[0m &amp#27;[90m# org.example.StepDefinitions.Offer.login_for_creation_of_an_offer()&amp#27;[0m
Confirmation Message: Offer has been added.
  &amp#27;[32mAnd &amp#27;[0m&amp#27;[32mcreate new offer&amp#27;[0m                 &amp#27;[90m# org.example.StepDefinitions.Offer.create_new_offer()&amp#27;[0m
  &amp#27;[32mThen &amp#27;[0m&amp#27;[32mclose the offer window&amp#27;[0m          &amp#27;[90m# org.example.StepDefinitions.Offer.close_the_offer_window()&amp#27;[0m
]]></system-out>
    <system-err><![CDATA[&amp#27;[32m&amp#27;[1m┌──────────────────────────────────────────────────────────────────────────┐&amp#27;[0m
&amp#27;[32m&amp#27;[1m│&amp#27;[0m View your Cucumber Report at:                                            &amp#27;[32m&amp#27;[1m│&amp#27;[0m
&amp#27;[32m&amp#27;[1m│&amp#27;[0m &amp#27;[1m&amp#27;[36m&amp#27;[4mhttps://reports.cucumber.io/reports/a1dd73f6-4cce-4b5f-bf30-09a3b1cac849&amp#27;[0m &amp#27;[32m&amp#27;[1m│&amp#27;[0m
&amp#27;[32m&amp#27;[1m│&amp#27;[0m                                                                          &amp#27;[32m&amp#27;[1m│&amp#27;[0m
&amp#27;[32m&amp#27;[1m│&amp#27;[0m &amp#27;[1mThis report will self-destruct in 24h.&amp#27;[0m                                   &amp#27;[32m&amp#27;[1m│&amp#27;[0m
&amp#27;[32m&amp#27;[1m│&amp#27;[0m Keep reports forever: &amp#27;[4m&amp#27;[1m&amp#27;[36mhttps://reports.cucumber.io/profile&amp#27;[0m                &amp#27;[32m&amp#27;[1m│&amp#27;[0m
&amp#27;[32m&amp#27;[1m└──────────────────────────────────────────────────────────────────────────┘&amp#27;[0mStarting ChromeDriver 116.0.5845.96 (1a391816688002153ef791ffe60d9e899a71a037-refs/branch-heads/5845@{#1382}) on port 20397
Only local connections are allowed.
Please see https://chromedriver.chromium.org/security-considerations for suggestions on keeping ChromeDriver safe.
ChromeDriver was started successfully.
Jan 08, 2024 4:30:44 PM org.openqa.selenium.remote.ProtocolHandshake createSession
INFO: Detected dialect: W3C
]]></system-err>
  </testcase>
  <testcase name="setUpClass[org.testng.TestRunner@43139322](0)" classname="org.example.Runner.Complementary_InvoiceTestRunner" time="30.062">
    <failure message="path must exist: G:\Abul Hossain Chowdhury\Projects\Cucumber_For_AIR\src\test\resources\Features\Complementary_Invoice.feature" type="java.lang.IllegalArgumentException"><![CDATA[java.lang.IllegalArgumentException: path must exist: G:\Abul Hossain Chowdhury\Projects\Cucumber_For_AIR\src\test\resources\Features\Complementary_Invoice.feature
]]></failure>
    <system-err><![CDATA[&amp#27;[32m&amp#27;[1m┌──────────────────────────────────────────────────────────────────────────┐&amp#27;[0m
&amp#27;[32m&amp#27;[1m│&amp#27;[0m View your Cucumber Report at:                                            &amp#27;[32m&amp#27;[1m│&amp#27;[0m
&amp#27;[32m&amp#27;[1m│&amp#27;[0m &amp#27;[1m&amp#27;[36m&amp#27;[4mhttps://reports.cucumber.io/reports/288b0484-2eeb-4e22-94c5-dd21a4cee89d&amp#27;[0m &amp#27;[32m&amp#27;[1m│&amp#27;[0m
&amp#27;[32m&amp#27;[1m│&amp#27;[0m                                                                          &amp#27;[32m&amp#27;[1m│&amp#27;[0m
&amp#27;[32m&amp#27;[1m│&amp#27;[0m &amp#27;[1mThis report will self-destruct in 24h.&amp#27;[0m                                   &amp#27;[32m&amp#27;[1m│&amp#27;[0m
&amp#27;[32m&amp#27;[1m│&amp#27;[0m Keep reports forever: &amp#27;[4m&amp#27;[1m&amp#27;[36mhttps://reports.cucumber.io/profile&amp#27;[0m                &amp#27;[32m&amp#27;[1m│&amp#27;[0m
&amp#27;[32m&amp#27;[1m└──────────────────────────────────────────────────────────────────────────┘&amp#27;[0m]]></system-err>
  </testcase>
  <testcase name="runScenario[&quot;Search a Sales Return for AIR&quot;, &quot;Sales Return Test&quot;](1)" classname="org.example.Runner.SalesReturnTestRunner" time="12.697">
    <system-out><![CDATA[[Utils] [WARN] The test method 'io.cucumber.testng.AbstractTestNGCucumberTests.runScenario' will be skipped since its data provider 'scenarios' returned an empty array or iterator. 

Scenario: Search a Sales Return for AIR &amp#27;[90m# ///G:/Abul Hossain Chowdhury/Projects/Cucumber_For_AIR/src/test/resources/Features/SalesReturn.feature:4&amp#27;[0m
  &amp#27;[32mGiven &amp#27;[0m&amp#27;[32mLogin to Search Sales Return&amp#27;[0m    &amp#27;[90m# org.example.StepDefinitions.SalesReturn.login_to_search_sales_return()&amp#27;[0m
  &amp#27;[32mWhen &amp#27;[0m&amp#27;[32msearch for Sales Return&amp#27;[0m          &amp#27;[90m# org.example.StepDefinitions.SalesReturn.search_for_sales_return()&amp#27;[0m
  &amp#27;[32mAnd &amp#27;[0m&amp#27;[32mdescription of a Sales Return&amp#27;[0m     &amp#27;[90m# org.example.StepDefinitions.SalesReturn.description_of_a_sales_return()&amp#27;[0m
  &amp#27;[32mThen &amp#27;[0m&amp#27;[32mclose Sales Return&amp#27;[0m               &amp#27;[90m# org.example.StepDefinitions.SalesReturn.close_sales_return()&amp#27;[0m
]]></system-out>
    <system-err><![CDATA[Starting ChromeDriver 116.0.5845.96 (1a391816688002153ef791ffe60d9e899a71a037-refs/branch-heads/5845@{#1382}) on port 35620
Only local connections are allowed.
Please see https://chromedriver.chromium.org/security-considerations for suggestions on keeping ChromeDriver safe.
ChromeDriver was started successfully.
Jan 08, 2024 4:31:14 PM org.openqa.selenium.remote.ProtocolHandshake createSession
INFO: Detected dialect: W3C
]]></system-err>
  </testcase>
  <testcase name="runScenario[&quot;Create a new Sales Return&quot;, &quot;Sales Return Test&quot;](2)" classname="org.example.Runner.SalesReturnTestRunner" time="15.411">
    <system-out><![CDATA[
Scenario: Create a new Sales Return     &amp#27;[90m# ///G:/Abul Hossain Chowdhury/Projects/Cucumber_For_AIR/src/test/resources/Features/SalesReturn.feature:10&amp#27;[0m
  &amp#27;[32mGiven &amp#27;[0m&amp#27;[32mlogin for creating Sales Return&amp#27;[0m &amp#27;[90m# org.example.StepDefinitions.SalesReturn.login_for_creating_sales_return()&amp#27;[0m
Confirmation Message: Sales return has been created
  &amp#27;[32mAnd &amp#27;[0m&amp#27;[32mcreate new Sales Return&amp#27;[0m           &amp#27;[90m# org.example.StepDefinitions.SalesReturn.create_new_sales_return()&amp#27;[0m
  &amp#27;[32mThen &amp#27;[0m&amp#27;[32mclose the Sales Return window&amp#27;[0m    &amp#27;[90m# org.example.StepDefinitions.SalesReturn.close_the_sales_return_window()&amp#27;[0m
]]></system-out>
    <system-err><![CDATA[Starting ChromeDriver 116.0.5845.96 (1a391816688002153ef791ffe60d9e899a71a037-refs/branch-heads/5845@{#1382}) on port 5299
Only local connections are allowed.
Please see https://chromedriver.chromium.org/security-considerations for suggestions on keeping ChromeDriver safe.
ChromeDriver was started successfully.
Jan 08, 2024 4:31:26 PM org.openqa.selenium.remote.ProtocolHandshake createSession
INFO: Detected dialect: W3C
]]></system-err>
  </testcase>
  <testcase name="runScenario[&quot;Create a new Loading sheet&quot;, &quot;Loading sheet Test&quot;](1)" classname="org.example.Runner.LoadingSheetTestRunner" time="10.678">
    <failure message="element click intercepted: Element &lt;button type=&quot;submit&quot; class=&quot;btn btn-primary btn-square btn-outline-dashed&quot; id=&quot;send_req_fg_store&quot;&gt;...&lt;/button&gt; is not clickable at point (333, 474). Other element would receive the click: &lt;div class=&quot;swal2-container swal2-top-end swal2-backdrop-show&quot; style=&quot;overflow-y: hidden;&quot;&gt;...&lt;/div&gt;&#10;  (Session info: chrome=116.0.5845.96)&#10;Build info: version: &apos;3.141.59&apos;, revision: &apos;e82be7d358&apos;, time: &apos;2018-11-14T08:17:03&apos;&#10;System info: host: &apos;HO-P-FAHIM-IT&apos;, ip: &apos;10.101.18.47&apos;, os.name: &apos;Windows 10&apos;, os.arch: &apos;amd64&apos;, os.version: &apos;10.0&apos;, java.version: &apos;1.8.0_202&apos;&#10;Driver info: org.openqa.selenium.chrome.ChromeDriver&#10;Capabilities {acceptInsecureCerts: false, browserName: chrome, browserVersion: 116.0.5845.96, chrome: {chromedriverVersion: 116.0.5845.96 (1a3918166880..., userDataDir: C:\Users\H7D10~1.ABU\AppDat...}, fedcm:accounts: true, goog:chromeOptions: {debuggerAddress: localhost:51428}, javascriptEnabled: true, networkConnectionEnabled: false, pageLoadStrategy: normal, platform: WINDOWS, platformName: WINDOWS, proxy: Proxy(), setWindowRect: true, strictFileInteractability: false, timeouts: {implicit: 0, pageLoad: 300000, script: 30000}, unhandledPromptBehavior: dismiss and notify, webauthn:extension:credBlob: true, webauthn:extension:largeBlob: true, webauthn:extension:minPinLength: true, webauthn:extension:prf: true, webauthn:virtualAuthenticators: true}&#10;Session ID: 47a43cb1c5ab2e956b83e32924985f2f" type="org.openqa.selenium.ElementClickInterceptedException"><![CDATA[org.openqa.selenium.ElementClickInterceptedException: 
element click intercepted: Element <button type="submit" class="btn btn-primary btn-square btn-outline-dashed" id="send_req_fg_store">...</button> is not clickable at point (333, 474). Other element would receive the click: <div class="swal2-container swal2-top-end swal2-backdrop-show" style="overflow-y: hidden;">...</div>
  (Session info: chrome=116.0.5845.96)
Build info: version: '3.141.59', revision: 'e82be7d358', time: '2018-11-14T08:17:03'
System info: host: 'HO-P-FAHIM-IT', ip: '10.101.18.47', os.name: 'Windows 10', os.arch: 'amd64', os.version: '10.0', java.version: '1.8.0_202'
Driver info: org.openqa.selenium.chrome.ChromeDriver
Capabilities {acceptInsecureCerts: false, browserName: chrome, browserVersion: 116.0.5845.96, chrome: {chromedriverVersion: 116.0.5845.96 (1a3918166880..., userDataDir: C:\Users\H7D10~1.ABU\AppDat...}, fedcm:accounts: true, goog:chromeOptions: {debuggerAddress: localhost:51428}, javascriptEnabled: true, networkConnectionEnabled: false, pageLoadStrategy: normal, platform: WINDOWS, platformName: WINDOWS, proxy: Proxy(), setWindowRect: true, strictFileInteractability: false, timeouts: {implicit: 0, pageLoad: 300000, script: 30000}, unhandledPromptBehavior: dismiss and notify, webauthn:extension:credBlob: true, webauthn:extension:largeBlob: true, webauthn:extension:minPinLength: true, webauthn:extension:prf: true, webauthn:virtualAuthenticators: true}
Session ID: 47a43cb1c5ab2e956b83e32924985f2f
]]></failure>
    <system-out><![CDATA[
Scenario: Create a new Loading sheet           &amp#27;[90m# ///G:/Abul Hossain Chowdhury/Projects/Cucumber_For_AIR/src/test/resources/Features/LoadingSheet.feature:4&amp#27;[0m
  &amp#27;[32mGiven &amp#27;[0m&amp#27;[32mlogin for creating new  Loading sheet&amp#27;[0m  &amp#27;[90m# org.example.StepDefinitions.LoadingSheet.login_for_creating_new_loading_sheet()&amp#27;[0m
  &amp#27;[31mWhen &amp#27;[0m&amp#27;[31mcreate new Loading sheet&amp#27;[0m                &amp#27;[90m# org.example.StepDefinitions.LoadingSheet.create_new_loading_sheet()&amp#27;[0m
      &amp#27;[31morg.openqa.selenium.ElementClickInterceptedException: element click intercepted: Element <button type="submit" class="btn btn-primary btn-square btn-outline-dashed" id="send_req_fg_store">...</button> is not clickable at point (333, 474). Other element would receive the click: <div class="swal2-container swal2-top-end swal2-backdrop-show" style="overflow-y: hidden;">...</div>
  (Session info: chrome=116.0.5845.96)
Build info: version: '3.141.59', revision: 'e82be7d358', time: '2018-11-14T08:17:03'
System info: host: 'HO-P-FAHIM-IT', ip: '10.101.18.47', os.name: 'Windows 10', os.arch: 'amd64', os.version: '10.0', java.version: '1.8.0_202'
Driver info: org.openqa.selenium.chrome.ChromeDriver
Capabilities {acceptInsecureCerts: false, browserName: chrome, browserVersion: 116.0.5845.96, chrome: {chromedriverVersion: 116.0.5845.96 (1a3918166880..., userDataDir: C:\Users\H7D10~1.ABU\AppDat...}, fedcm:accounts: true, goog:chromeOptions: {debuggerAddress: localhost:51428}, javascriptEnabled: true, networkConnectionEnabled: false, pageLoadStrategy: normal, platform: WINDOWS, platformName: WINDOWS, proxy: Proxy(), setWindowRect: true, strictFileInteractability: false, timeouts: {implicit: 0, pageLoad: 300000, script: 30000}, unhandledPromptBehavior: dismiss and notify, webauthn:extension:credBlob: true, webauthn:extension:largeBlob: true, webauthn:extension:minPinLength: true, webauthn:extension:prf: true, webauthn:virtualAuthenticators: true}
Session ID: 47a43cb1c5ab2e956b83e32924985f2f
	at sun.reflect.NativeConstructorAccessorImpl.newInstance0(Native Method)
	at sun.reflect.NativeConstructorAccessorImpl.newInstance(NativeConstructorAccessorImpl.java:62)
	at sun.reflect.DelegatingConstructorAccessorImpl.newInstance(DelegatingConstructorAccessorImpl.java:45)
	at java.lang.reflect.Constructor.newInstance(Constructor.java:423)
	at org.openqa.selenium.remote.http.W3CHttpResponseCodec.createException(W3CHttpResponseCodec.java:187)
	at org.openqa.selenium.remote.http.W3CHttpResponseCodec.decode(W3CHttpResponseCodec.java:122)
	at org.openqa.selenium.remote.http.W3CHttpResponseCodec.decode(W3CHttpResponseCodec.java:49)
	at org.openqa.selenium.remote.HttpCommandExecutor.execute(HttpCommandExecutor.java:158)
	at org.openqa.selenium.remote.service.DriverCommandExecutor.execute(DriverCommandExecutor.java:83)
	at org.openqa.selenium.remote.RemoteWebDriver.execute(RemoteWebDriver.java:552)
	at org.openqa.selenium.remote.RemoteWebElement.execute(RemoteWebElement.java:285)
	at org.openqa.selenium.remote.RemoteWebElement.click(RemoteWebElement.java:84)
	at org.example.BrowserUtils.clickbyxpath(BrowserUtils.java:77)
	at org.example.StepDefinitions.LoadingSheet.create_new_loading_sheet(LoadingSheet.java:125)
	at âœ½.create new Loading sheet(file:///G:/Abul%20Hossain%20Chowdhury/Projects/Cucumber_For_AIR/src/test/resources/Features/LoadingSheet.feature:6)
&amp#27;[0m
  &amp#27;[36mThen &amp#27;[0m&amp#27;[36mclose driver for creating Loading sheet&amp#27;[0m &amp#27;[90m# org.example.StepDefinitions.LoadingSheet.close_driver_for_creating_loading_sheet()&amp#27;[0m
]]></system-out>
    <system-err><![CDATA[&amp#27;[32m&amp#27;[1m┌──────────────────────────────────────────────────────────────────────────┐&amp#27;[0m
&amp#27;[32m&amp#27;[1m│&amp#27;[0m View your Cucumber Report at:                                            &amp#27;[32m&amp#27;[1m│&amp#27;[0m
&amp#27;[32m&amp#27;[1m│&amp#27;[0m &amp#27;[1m&amp#27;[36m&amp#27;[4mhttps://reports.cucumber.io/reports/f9df2328-ec1c-4e81-9b31-b6db6018977d&amp#27;[0m &amp#27;[32m&amp#27;[1m│&amp#27;[0m
&amp#27;[32m&amp#27;[1m│&amp#27;[0m                                                                          &amp#27;[32m&amp#27;[1m│&amp#27;[0m
&amp#27;[32m&amp#27;[1m│&amp#27;[0m &amp#27;[1mThis report will self-destruct in 24h.&amp#27;[0m                                   &amp#27;[32m&amp#27;[1m│&amp#27;[0m
&amp#27;[32m&amp#27;[1m│&amp#27;[0m Keep reports forever: &amp#27;[4m&amp#27;[1m&amp#27;[36mhttps://reports.cucumber.io/profile&amp#27;[0m                &amp#27;[32m&amp#27;[1m│&amp#27;[0m
&amp#27;[32m&amp#27;[1m└──────────────────────────────────────────────────────────────────────────┘&amp#27;[0mStarting ChromeDriver 116.0.5845.96 (1a391816688002153ef791ffe60d9e899a71a037-refs/branch-heads/5845@{#1382}) on port 11102
Only local connections are allowed.
Please see https://chromedriver.chromium.org/security-considerations for suggestions on keeping ChromeDriver safe.
ChromeDriver was started successfully.
Jan 08, 2024 4:31:45 PM org.openqa.selenium.remote.ProtocolHandshake createSession
INFO: Detected dialect: W3C
]]></system-err>
  </testcase>
  <testcase name="runScenario[&quot;view a Loading Sheet&quot;, &quot;Loading sheet Test&quot;](2)" classname="org.example.Runner.LoadingSheetTestRunner" time="10.172">
    <failure message="Expected condition failed: waiting for visibility of element located by By.xpath: //*[@id=&quot;search_input&quot;] (tried for 5 second(s) with 500 milliseconds interval)" type="org.openqa.selenium.TimeoutException"><![CDATA[org.openqa.selenium.TimeoutException: Expected condition failed: waiting for visibility of element located by By.xpath: //*[@id="search_input"] (tried for 5 second(s) with 500 milliseconds interval)
Caused by: org.openqa.selenium.NoSuchElementException: 
no such element: Unable to locate element: {"method":"xpath","selector":"//*[@id="search_input"]"}
  (Session info: chrome=116.0.5845.96)
For documentation on this error, please visit: https://www.seleniumhq.org/exceptions/no_such_element.html
Build info: version: '3.141.59', revision: 'e82be7d358', time: '2018-11-14T08:17:03'
System info: host: 'HO-P-FAHIM-IT', ip: '10.101.18.47', os.name: 'Windows 10', os.arch: 'amd64', os.version: '10.0', java.version: '1.8.0_202'
Driver info: org.openqa.selenium.chrome.ChromeDriver
Capabilities {acceptInsecureCerts: false, browserName: chrome, browserVersion: 116.0.5845.96, chrome: {chromedriverVersion: 116.0.5845.96 (1a3918166880..., userDataDir: C:\Users\H7D10~1.ABU\AppDat...}, fedcm:accounts: true, goog:chromeOptions: {debuggerAddress: localhost:51474}, javascriptEnabled: true, networkConnectionEnabled: false, pageLoadStrategy: normal, platform: WINDOWS, platformName: WINDOWS, proxy: Proxy(), setWindowRect: true, strictFileInteractability: false, timeouts: {implicit: 0, pageLoad: 300000, script: 30000}, unhandledPromptBehavior: dismiss and notify, webauthn:extension:credBlob: true, webauthn:extension:largeBlob: true, webauthn:extension:minPinLength: true, webauthn:extension:prf: true, webauthn:virtualAuthenticators: true}
Session ID: 0b60ad91ac08025ff6580894d726e519
*** Element info: {Using=xpath, value=//*[@id="search_input"]}
]]></failure>
    <system-out><![CDATA[
Scenario: view a Loading Sheet                                    &amp#27;[90m# ///G:/Abul Hossain Chowdhury/Projects/Cucumber_For_AIR/src/test/resources/Features/LoadingSheet.feature:9&amp#27;[0m
  &amp#27;[32mGiven &amp#27;[0m&amp#27;[32mlogin for viewing new  Loading sheet&amp#27;[0m                      &amp#27;[90m# org.example.StepDefinitions.LoadingSheet.login_for_viewing_new_loading_sheet()&amp#27;[0m
  &amp#27;[31mWhen &amp#27;[0m&amp#27;[31mSearch for a loading sheet&amp#27;[0m                                 &amp#27;[90m# org.example.StepDefinitions.LoadingSheet.search_for_a_loading_sheet()&amp#27;[0m
      &amp#27;[31morg.openqa.selenium.TimeoutException: Expected condition failed: waiting for visibility of element located by By.xpath: //*[@id="search_input"] (tried for 5 second(s) with 500 milliseconds interval)
	at org.openqa.selenium.support.ui.WebDriverWait.timeoutException(WebDriverWait.java:95)
	at org.openqa.selenium.support.ui.FluentWait.until(FluentWait.java:272)
	at org.example.BrowserUtils.waitByxpath(BrowserUtils.java:65)
	at org.example.StepDefinitions.LoadingSheet.search_for_a_loading_sheet(LoadingSheet.java:149)
	at âœ½.Search for a loading sheet(file:///G:/Abul%20Hossain%20Chowdhury/Projects/Cucumber_For_AIR/src/test/resources/Features/LoadingSheet.feature:11)
Caused by: org.openqa.selenium.NoSuchElementException: no such element: Unable to locate element: {"method":"xpath","selector":"//*[@id="search_input"]"}
  (Session info: chrome=116.0.5845.96)
For documentation on this error, please visit: https://www.seleniumhq.org/exceptions/no_such_element.html
Build info: version: '3.141.59', revision: 'e82be7d358', time: '2018-11-14T08:17:03'
System info: host: 'HO-P-FAHIM-IT', ip: '10.101.18.47', os.name: 'Windows 10', os.arch: 'amd64', os.version: '10.0', java.version: '1.8.0_202'
Driver info: org.openqa.selenium.chrome.ChromeDriver
Capabilities {acceptInsecureCerts: false, browserName: chrome, browserVersion: 116.0.5845.96, chrome: {chromedriverVersion: 116.0.5845.96 (1a3918166880..., userDataDir: C:\Users\H7D10~1.ABU\AppDat...}, fedcm:accounts: true, goog:chromeOptions: {debuggerAddress: localhost:51474}, javascriptEnabled: true, networkConnectionEnabled: false, pageLoadStrategy: normal, platform: WINDOWS, platformName: WINDOWS, proxy: Proxy(), setWindowRect: true, strictFileInteractability: false, timeouts: {implicit: 0, pageLoad: 300000, script: 30000}, unhandledPromptBehavior: dismiss and notify, webauthn:extension:credBlob: true, webauthn:extension:largeBlob: true, webauthn:extension:minPinLength: true, webauthn:extension:prf: true, webauthn:virtualAuthenticators: true}
Session ID: 0b60ad91ac08025ff6580894d726e519
*** Element info: {Using=xpath, value=//*[@id="search_input"]}
	at sun.reflect.GeneratedConstructorAccessor23.newInstance(Unknown Source)
	at sun.reflect.DelegatingConstructorAccessorImpl.newInstance(DelegatingConstructorAccessorImpl.java:45)
	at java.lang.reflect.Constructor.newInstance(Constructor.java:423)
	at org.openqa.selenium.remote.http.W3CHttpResponseCodec.createException(W3CHttpResponseCodec.java:187)
	at org.openqa.selenium.remote.http.W3CHttpResponseCodec.decode(W3CHttpResponseCodec.java:122)
	at org.openqa.selenium.remote.http.W3CHttpResponseCodec.decode(W3CHttpResponseCodec.java:49)
	at org.openqa.selenium.remote.HttpCommandExecutor.execute(HttpCommandExecutor.java:158)
	at org.openqa.selenium.remote.service.DriverCommandExecutor.execute(DriverCommandExecutor.java:83)
	at org.openqa.selenium.remote.RemoteWebDriver.execute(RemoteWebDriver.java:552)
	at org.openqa.selenium.remote.RemoteWebDriver.findElement(RemoteWebDriver.java:323)
	at org.openqa.selenium.remote.RemoteWebDriver.findElementByXPath(RemoteWebDriver.java:428)
	at org.openqa.selenium.By$ByXPath.findElement(By.java:353)
	at org.openqa.selenium.remote.RemoteWebDriver.findElement(RemoteWebDriver.java:315)
	at org.openqa.selenium.support.ui.ExpectedConditions$7.apply(ExpectedConditions.java:205)
	at org.openqa.selenium.support.ui.ExpectedConditions$7.apply(ExpectedConditions.java:201)
	at org.openqa.selenium.support.ui.FluentWait.until(FluentWait.java:249)
	at org.example.BrowserUtils.waitByxpath(BrowserUtils.java:65)
	at org.example.StepDefinitions.LoadingSheet.search_for_a_loading_sheet(LoadingSheet.java:149)
	at sun.reflect.NativeMethodAccessorImpl.invoke0(Native Method)
	at sun.reflect.NativeMethodAccessorImpl.invoke(NativeMethodAccessorImpl.java:62)
	at sun.reflect.DelegatingMethodAccessorImpl.invoke(DelegatingMethodAccessorImpl.java:43)
	at java.lang.reflect.Method.invoke(Method.java:498)
	at io.cucumber.java.Invoker.doInvoke(Invoker.java:66)
	at io.cucumber.java.Invoker.invoke(Invoker.java:24)
	at io.cucumber.java.AbstractGlueDefinition.invokeMethod(AbstractGlueDefinition.java:47)
	at io.cucumber.java.JavaStepDefinition.execute(JavaStepDefinition.java:29)
	at io.cucumber.core.runner.CoreStepDefinition.execute(CoreStepDefinition.java:66)
	at io.cucumber.core.runner.PickleStepDefinitionMatch.runStep(PickleStepDefinitionMatch.java:63)
	at io.cucumber.core.runner.ExecutionMode$1.execute(ExecutionMode.java:10)
	at io.cucumber.core.runner.TestStep.executeStep(TestStep.java:84)
	at io.cucumber.core.runner.TestStep.run(TestStep.java:56)
	at io.cucumber.core.runner.PickleStepTestStep.run(PickleStepTestStep.java:51)
	at io.cucumber.core.runner.TestCase.run(TestCase.java:84)
	at io.cucumber.core.runner.Runner.runPickle(Runner.java:75)
	at io.cucumber.testng.TestNGCucumberRunner.lambda$runScenario$1(TestNGCucumberRunner.java:132)
	at io.cucumber.core.runtime.CucumberExecutionContext.lambda$runTestCase$5(CucumberExecutionContext.java:130)
	at io.cucumber.core.runtime.RethrowingThrowableCollector.executeAndThrow(RethrowingThrowableCollector.java:23)
	at io.cucumber.core.runtime.CucumberExecutionContext.runTestCase(CucumberExecutionContext.java:130)
	at io.cucumber.testng.TestNGCucumberRunner.runScenario(TestNGCucumberRunner.java:129)
	at io.cucumber.testng.AbstractTestNGCucumberTests.runScenario(AbstractTestNGCucumberTests.java:35)
	at sun.reflect.GeneratedMethodAccessor100.invoke(Unknown Source)
	at sun.reflect.DelegatingMethodAccessorImpl.invoke(DelegatingMethodAccessorImpl.java:43)
	at java.lang.reflect.Method.invoke(Method.java:498)
	at org.testng.internal.invokers.MethodInvocationHelper.invokeMethod(MethodInvocationHelper.java:136)
	at org.testng.internal.invokers.TestInvoker.invokeMethod(TestInvoker.java:658)
	at org.testng.internal.invokers.TestInvoker.invokeTestMethod(TestInvoker.java:219)
	at org.testng.internal.invokers.MethodRunner.runInSequence(MethodRunner.java:50)
	at org.testng.internal.invokers.TestInvoker$MethodInvocationAgent.invoke(TestInvoker.java:923)
	at org.testng.internal.invokers.TestInvoker.invokeTestMethods(TestInvoker.java:192)
	at org.testng.internal.invokers.TestMethodWorker.invokeTestMethods(TestMethodWorker.java:146)
	at org.testng.internal.invokers.TestMethodWorker.run(TestMethodWorker.java:128)
	at java.util.ArrayList.forEach(ArrayList.java:1257)
	at org.testng.TestRunner.privateRun(TestRunner.java:808)
	at org.testng.TestRunner.run(TestRunner.java:603)
	at org.testng.SuiteRunner.runTest(SuiteRunner.java:429)
	at org.testng.SuiteRunner.runSequentially(SuiteRunner.java:423)
	at org.testng.SuiteRunner.privateRun(SuiteRunner.java:383)
	at org.testng.SuiteRunner.run(SuiteRunner.java:326)
	at org.testng.SuiteRunnerWorker.runSuite(SuiteRunnerWorker.java:52)
	at org.testng.SuiteRunnerWorker.run(SuiteRunnerWorker.java:95)
	at org.testng.TestNG.runSuitesSequentially(TestNG.java:1249)
	at org.testng.TestNG.runSuitesLocally(TestNG.java:1169)
	at org.testng.TestNG.runSuites(TestNG.java:1092)
	at org.testng.TestNG.run(TestNG.java:1060)
	at org.apache.maven.surefire.testng.TestNGExecutor.run(TestNGExecutor.java:284)
	at org.apache.maven.surefire.testng.TestNGXmlTestSuite.execute(TestNGXmlTestSuite.java:75)
	at org.apache.maven.surefire.testng.TestNGProvider.invoke(TestNGProvider.java:119)
	at org.apache.maven.surefire.booter.ForkedBooter.runSuitesInProcess(ForkedBooter.java:428)
	at org.apache.maven.surefire.booter.ForkedBooter.execute(ForkedBooter.java:162)
	at org.apache.maven.surefire.booter.ForkedBooter.run(ForkedBooter.java:562)
	at org.apache.maven.surefire.booter.ForkedBooter.main(ForkedBooter.java:548)
&amp#27;[0m
  &amp#27;[36mAnd &amp#27;[0m&amp#27;[36mClick the view button of the loading sheet&amp#27;[0m                  &amp#27;[90m# org.example.StepDefinitions.LoadingSheet.click_the_view_button_of_the_loading_sheet()&amp#27;[0m
  &amp#27;[36mThen &amp#27;[0m&amp#27;[36mclose driver for viewing a Loading sheet after printing it&amp#27;[0m &amp#27;[90m# org.example.StepDefinitions.LoadingSheet.close_driver_for_viewing_a_loading_sheet()&amp#27;[0m
]]></system-out>
    <system-err><![CDATA[Starting ChromeDriver 116.0.5845.96 (1a391816688002153ef791ffe60d9e899a71a037-refs/branch-heads/5845@{#1382}) on port 24849
Only local connections are allowed.
Please see https://chromedriver.chromium.org/security-considerations for suggestions on keeping ChromeDriver safe.
ChromeDriver was started successfully.
Jan 08, 2024 4:31:56 PM org.openqa.selenium.remote.ProtocolHandshake createSession
INFO: Detected dialect: W3C
]]></system-err>
  </testcase>
  <testcase name="runScenario[&quot;print all Loading Sheets&quot;, &quot;Loading sheet Test&quot;](3)" classname="org.example.Runner.LoadingSheetTestRunner" time="11.423">
    <system-out><![CDATA[
Scenario: print all Loading Sheets                &amp#27;[90m# ///G:/Abul Hossain Chowdhury/Projects/Cucumber_For_AIR/src/test/resources/Features/LoadingSheet.feature:15&amp#27;[0m
  &amp#27;[32mGiven &amp#27;[0m&amp#27;[32mlogin for printing new  Loading sheet&amp#27;[0m     &amp#27;[90m# org.example.StepDefinitions.LoadingSheet.login_for_printing_new_loading_sheet()&amp#27;[0m
  &amp#27;[32mAnd &amp#27;[0m&amp#27;[32mClick the print button of the loading sheet&amp#27;[0m &amp#27;[90m# org.example.StepDefinitions.LoadingSheet.click_the_print_button_of_the_loading_sheet()&amp#27;[0m
  &amp#27;[32mThen &amp#27;[0m&amp#27;[32mclose driver for printing Loading sheets&amp#27;[0m   &amp#27;[90m# org.example.StepDefinitions.LoadingSheet.close_driver_for_printing_loading_sheets()&amp#27;[0m
]]></system-out>
    <system-err><![CDATA[Starting ChromeDriver 116.0.5845.96 (1a391816688002153ef791ffe60d9e899a71a037-refs/branch-heads/5845@{#1382}) on port 47822
Only local connections are allowed.
Please see https://chromedriver.chromium.org/security-considerations for suggestions on keeping ChromeDriver safe.
ChromeDriver was started successfully.
Jan 08, 2024 4:32:06 PM org.openqa.selenium.remote.ProtocolHandshake createSession
INFO: Detected dialect: W3C
]]></system-err>
  </testcase>
  <testcase name="runScenario[&quot;Create a new Distributor&quot;, &quot;Distributors Test&quot;](1)" classname="org.example.Runner.DistributorsTestRunner" time="0.091">
    <failure message="The step &apos;login for creation of a Distributor&apos; is undefined.&#10;You can implement this step using the snippet(s) below:&#10;&#10;@Given(&quot;login for creation of a Distributor&quot;)&#10;public void login_for_creation_of_a_distributor() {&#10;    // Write code here that turns the phrase above into concrete actions&#10;    throw new io.cucumber.java.PendingException();&#10;}&#10;" type="io.cucumber.testng.UndefinedStepException"><![CDATA[io.cucumber.testng.UndefinedStepException: 
The step 'login for creation of a Distributor' is undefined.
You can implement this step using the snippet(s) below:

@Given("login for creation of a Distributor")
public void login_for_creation_of_a_distributor() {
    // Write code here that turns the phrase above into concrete actions
    throw new io.cucumber.java.PendingException();
}

]]></failure>
    <system-out><![CDATA[
Scenario: Create a new Distributor          &amp#27;[90m# ///G:/Abul Hossain Chowdhury/Projects/Cucumber_For_AIR/src/test/resources/Features/Distributors.feature:3&amp#27;[0m
  &amp#27;[33mGiven &amp#27;[0m&amp#27;[33mlogin for creation of a Distributor&amp#27;[0m
  &amp#27;[36mAnd &amp#27;[0m&amp#27;[36mcreate new Distributor&amp#27;[0m                &amp#27;[90m# org.example.StepDefinitions.Distributors.create_new_distributor()&amp#27;[0m
  &amp#27;[36mThen &amp#27;[0m&amp#27;[36mclose the Distributor window&amp#27;[0m         &amp#27;[90m# org.example.StepDefinitions.Distributors.close_the_distributor_window()&amp#27;[0m
]]></system-out>
    <system-err><![CDATA[&amp#27;[32m&amp#27;[1m┌──────────────────────────────────────────────────────────────────────────┐&amp#27;[0m
&amp#27;[32m&amp#27;[1m│&amp#27;[0m View your Cucumber Report at:                                            &amp#27;[32m&amp#27;[1m│&amp#27;[0m
&amp#27;[32m&amp#27;[1m│&amp#27;[0m &amp#27;[1m&amp#27;[36m&amp#27;[4mhttps://reports.cucumber.io/reports/9319fedd-829d-4371-8ae8-6c4292810881&amp#27;[0m &amp#27;[32m&amp#27;[1m│&amp#27;[0m
&amp#27;[32m&amp#27;[1m│&amp#27;[0m                                                                          &amp#27;[32m&amp#27;[1m│&amp#27;[0m
&amp#27;[32m&amp#27;[1m│&amp#27;[0m &amp#27;[1mThis report will self-destruct in 24h.&amp#27;[0m                                   &amp#27;[32m&amp#27;[1m│&amp#27;[0m
&amp#27;[32m&amp#27;[1m│&amp#27;[0m Keep reports forever: &amp#27;[4m&amp#27;[1m&amp#27;[36mhttps://reports.cucumber.io/profile&amp#27;[0m                &amp#27;[32m&amp#27;[1m│&amp#27;[0m
&amp#27;[32m&amp#27;[1m└──────────────────────────────────────────────────────────────────────────┘&amp#27;[0m]]></system-err>
  </testcase>
  <testcase name="runScenario[&quot;Create a new  Geo Location Mapping&quot;, &quot;Geo Location Mapping Test&quot;](1)" classname="org.example.Runner.GeoLocationMappingTestRunner" time="9.819">
    <failure message="Expected condition failed: waiting for visibility of element located by By.xpath: /html/body/div[2]/div[2]/div/div[1]/div/div/div[1]/div[3]/a[2] (tried for 5 second(s) with 500 milliseconds interval)" type="org.openqa.selenium.TimeoutException"><![CDATA[org.openqa.selenium.TimeoutException: Expected condition failed: waiting for visibility of element located by By.xpath: /html/body/div[2]/div[2]/div/div[1]/div/div/div[1]/div[3]/a[2] (tried for 5 second(s) with 500 milliseconds interval)
Caused by: org.openqa.selenium.NoSuchElementException: 
no such element: Unable to locate element: {"method":"xpath","selector":"/html/body/div[2]/div[2]/div/div[1]/div/div/div[1]/div[3]/a[2]"}
  (Session info: chrome=116.0.5845.96)
For documentation on this error, please visit: https://www.seleniumhq.org/exceptions/no_such_element.html
Build info: version: '3.141.59', revision: 'e82be7d358', time: '2018-11-14T08:17:03'
System info: host: 'HO-P-FAHIM-IT', ip: '10.101.18.47', os.name: 'Windows 10', os.arch: 'amd64', os.version: '10.0', java.version: '1.8.0_202'
Driver info: org.openqa.selenium.chrome.ChromeDriver
Capabilities {acceptInsecureCerts: false, browserName: chrome, browserVersion: 116.0.5845.96, chrome: {chromedriverVersion: 116.0.5845.96 (1a3918166880..., userDataDir: C:\Users\H7D10~1.ABU\AppDat...}, fedcm:accounts: true, goog:chromeOptions: {debuggerAddress: localhost:51555}, javascriptEnabled: true, networkConnectionEnabled: false, pageLoadStrategy: normal, platform: WINDOWS, platformName: WINDOWS, proxy: Proxy(), setWindowRect: true, strictFileInteractability: false, timeouts: {implicit: 0, pageLoad: 300000, script: 30000}, unhandledPromptBehavior: dismiss and notify, webauthn:extension:credBlob: true, webauthn:extension:largeBlob: true, webauthn:extension:minPinLength: true, webauthn:extension:prf: true, webauthn:virtualAuthenticators: true}
Session ID: eb23b0501a5f1525f8f4489ca4af74a1
*** Element info: {Using=xpath, value=/html/body/div[2]/div[2]/div/div[1]/div/div/div[1]/div[3]/a[2]}
]]></failure>
    <system-out><![CDATA[
Scenario: Create a new  Geo Location Mapping         &amp#27;[90m# ///G:/Abul Hossain Chowdhury/Projects/Cucumber_For_AIR/src/test/resources/Features/GeoLocationMapping.feature:4&amp#27;[0m
  &amp#27;[32mGiven &amp#27;[0m&amp#27;[32mlogin for creating new  Geo Location Mapping&amp#27;[0m &amp#27;[90m# org.example.StepDefinitions.GeoLocationMapping.login_for_creating_new_geo_location_mapping()&amp#27;[0m
  &amp#27;[31mAnd &amp#27;[0m&amp#27;[31mcreate new  Geo Location Mapping&amp#27;[0m               &amp#27;[90m# org.example.StepDefinitions.GeoLocationMapping.create_new_geo_location_mapping()&amp#27;[0m
      &amp#27;[31morg.openqa.selenium.TimeoutException: Expected condition failed: waiting for visibility of element located by By.xpath: /html/body/div[2]/div[2]/div/div[1]/div/div/div[1]/div[3]/a[2] (tried for 5 second(s) with 500 milliseconds interval)
	at org.openqa.selenium.support.ui.WebDriverWait.timeoutException(WebDriverWait.java:95)
	at org.openqa.selenium.support.ui.FluentWait.until(FluentWait.java:272)
	at org.example.BrowserUtils.waitByxpath(BrowserUtils.java:65)
	at org.example.StepDefinitions.GeoLocationMapping.create_new_geo_location_mapping(GeoLocationMapping.java:31)
	at âœ½.create new  Geo Location Mapping(file:///G:/Abul%20Hossain%20Chowdhury/Projects/Cucumber_For_AIR/src/test/resources/Features/GeoLocationMapping.feature:6)
Caused by: org.openqa.selenium.NoSuchElementException: no such element: Unable to locate element: {"method":"xpath","selector":"/html/body/div[2]/div[2]/div/div[1]/div/div/div[1]/div[3]/a[2]"}
  (Session info: chrome=116.0.5845.96)
For documentation on this error, please visit: https://www.seleniumhq.org/exceptions/no_such_element.html
Build info: version: '3.141.59', revision: 'e82be7d358', time: '2018-11-14T08:17:03'
System info: host: 'HO-P-FAHIM-IT', ip: '10.101.18.47', os.name: 'Windows 10', os.arch: 'amd64', os.version: '10.0', java.version: '1.8.0_202'
Driver info: org.openqa.selenium.chrome.ChromeDriver
Capabilities {acceptInsecureCerts: false, browserName: chrome, browserVersion: 116.0.5845.96, chrome: {chromedriverVersion: 116.0.5845.96 (1a3918166880..., userDataDir: C:\Users\H7D10~1.ABU\AppDat...}, fedcm:accounts: true, goog:chromeOptions: {debuggerAddress: localhost:51555}, javascriptEnabled: true, networkConnectionEnabled: false, pageLoadStrategy: normal, platform: WINDOWS, platformName: WINDOWS, proxy: Proxy(), setWindowRect: true, strictFileInteractability: false, timeouts: {implicit: 0, pageLoad: 300000, script: 30000}, unhandledPromptBehavior: dismiss and notify, webauthn:extension:credBlob: true, webauthn:extension:largeBlob: true, webauthn:extension:minPinLength: true, webauthn:extension:prf: true, webauthn:virtualAuthenticators: true}
Session ID: eb23b0501a5f1525f8f4489ca4af74a1
*** Element info: {Using=xpath, value=/html/body/div[2]/div[2]/div/div[1]/div/div/div[1]/div[3]/a[2]}
	at sun.reflect.GeneratedConstructorAccessor23.newInstance(Unknown Source)
	at sun.reflect.DelegatingConstructorAccessorImpl.newInstance(DelegatingConstructorAccessorImpl.java:45)
	at java.lang.reflect.Constructor.newInstance(Constructor.java:423)
	at org.openqa.selenium.remote.http.W3CHttpResponseCodec.createException(W3CHttpResponseCodec.java:187)
	at org.openqa.selenium.remote.http.W3CHttpResponseCodec.decode(W3CHttpResponseCodec.java:122)
	at org.openqa.selenium.remote.http.W3CHttpResponseCodec.decode(W3CHttpResponseCodec.java:49)
	at org.openqa.selenium.remote.HttpCommandExecutor.execute(HttpCommandExecutor.java:158)
	at org.openqa.selenium.remote.service.DriverCommandExecutor.execute(DriverCommandExecutor.java:83)
	at org.openqa.selenium.remote.RemoteWebDriver.execute(RemoteWebDriver.java:552)
	at org.openqa.selenium.remote.RemoteWebDriver.findElement(RemoteWebDriver.java:323)
	at org.openqa.selenium.remote.RemoteWebDriver.findElementByXPath(RemoteWebDriver.java:428)
	at org.openqa.selenium.By$ByXPath.findElement(By.java:353)
	at org.openqa.selenium.remote.RemoteWebDriver.findElement(RemoteWebDriver.java:315)
	at org.openqa.selenium.support.ui.ExpectedConditions$7.apply(ExpectedConditions.java:205)
	at org.openqa.selenium.support.ui.ExpectedConditions$7.apply(ExpectedConditions.java:201)
	at org.openqa.selenium.support.ui.FluentWait.until(FluentWait.java:249)
	at org.example.BrowserUtils.waitByxpath(BrowserUtils.java:65)
	at org.example.StepDefinitions.GeoLocationMapping.create_new_geo_location_mapping(GeoLocationMapping.java:31)
	at sun.reflect.NativeMethodAccessorImpl.invoke0(Native Method)
	at sun.reflect.NativeMethodAccessorImpl.invoke(NativeMethodAccessorImpl.java:62)
	at sun.reflect.DelegatingMethodAccessorImpl.invoke(DelegatingMethodAccessorImpl.java:43)
	at java.lang.reflect.Method.invoke(Method.java:498)
	at io.cucumber.java.Invoker.doInvoke(Invoker.java:66)
	at io.cucumber.java.Invoker.invoke(Invoker.java:24)
	at io.cucumber.java.AbstractGlueDefinition.invokeMethod(AbstractGlueDefinition.java:47)
	at io.cucumber.java.JavaStepDefinition.execute(JavaStepDefinition.java:29)
	at io.cucumber.core.runner.CoreStepDefinition.execute(CoreStepDefinition.java:66)
	at io.cucumber.core.runner.PickleStepDefinitionMatch.runStep(PickleStepDefinitionMatch.java:63)
	at io.cucumber.core.runner.ExecutionMode$1.execute(ExecutionMode.java:10)
	at io.cucumber.core.runner.TestStep.executeStep(TestStep.java:84)
	at io.cucumber.core.runner.TestStep.run(TestStep.java:56)
	at io.cucumber.core.runner.PickleStepTestStep.run(PickleStepTestStep.java:51)
	at io.cucumber.core.runner.TestCase.run(TestCase.java:84)
	at io.cucumber.core.runner.Runner.runPickle(Runner.java:75)
	at io.cucumber.testng.TestNGCucumberRunner.lambda$runScenario$1(TestNGCucumberRunner.java:132)
	at io.cucumber.core.runtime.CucumberExecutionContext.lambda$runTestCase$5(CucumberExecutionContext.java:130)
	at io.cucumber.core.runtime.RethrowingThrowableCollector.executeAndThrow(RethrowingThrowableCollector.java:23)
	at io.cucumber.core.runtime.CucumberExecutionContext.runTestCase(CucumberExecutionContext.java:130)
	at io.cucumber.testng.TestNGCucumberRunner.runScenario(TestNGCucumberRunner.java:129)
	at io.cucumber.testng.AbstractTestNGCucumberTests.runScenario(AbstractTestNGCucumberTests.java:35)
	at sun.reflect.GeneratedMethodAccessor100.invoke(Unknown Source)
	at sun.reflect.DelegatingMethodAccessorImpl.invoke(DelegatingMethodAccessorImpl.java:43)
	at java.lang.reflect.Method.invoke(Method.java:498)
	at org.testng.internal.invokers.MethodInvocationHelper.invokeMethod(MethodInvocationHelper.java:136)
	at org.testng.internal.invokers.TestInvoker.invokeMethod(TestInvoker.java:658)
	at org.testng.internal.invokers.TestInvoker.invokeTestMethod(TestInvoker.java:219)
	at org.testng.internal.invokers.MethodRunner.runInSequence(MethodRunner.java:50)
	at org.testng.internal.invokers.TestInvoker$MethodInvocationAgent.invoke(TestInvoker.java:923)
	at org.testng.internal.invokers.TestInvoker.invokeTestMethods(TestInvoker.java:192)
	at org.testng.internal.invokers.TestMethodWorker.invokeTestMethods(TestMethodWorker.java:146)
	at org.testng.internal.invokers.TestMethodWorker.run(TestMethodWorker.java:128)
	at java.util.ArrayList.forEach(ArrayList.java:1257)
	at org.testng.TestRunner.privateRun(TestRunner.java:808)
	at org.testng.TestRunner.run(TestRunner.java:603)
	at org.testng.SuiteRunner.runTest(SuiteRunner.java:429)
	at org.testng.SuiteRunner.runSequentially(SuiteRunner.java:423)
	at org.testng.SuiteRunner.privateRun(SuiteRunner.java:383)
	at org.testng.SuiteRunner.run(SuiteRunner.java:326)
	at org.testng.SuiteRunnerWorker.runSuite(SuiteRunnerWorker.java:52)
	at org.testng.SuiteRunnerWorker.run(SuiteRunnerWorker.java:95)
	at org.testng.TestNG.runSuitesSequentially(TestNG.java:1249)
	at org.testng.TestNG.runSuitesLocally(TestNG.java:1169)
	at org.testng.TestNG.runSuites(TestNG.java:1092)
	at org.testng.TestNG.run(TestNG.java:1060)
	at org.apache.maven.surefire.testng.TestNGExecutor.run(TestNGExecutor.java:284)
	at org.apache.maven.surefire.testng.TestNGXmlTestSuite.execute(TestNGXmlTestSuite.java:75)
	at org.apache.maven.surefire.testng.TestNGProvider.invoke(TestNGProvider.java:119)
	at org.apache.maven.surefire.booter.ForkedBooter.runSuitesInProcess(ForkedBooter.java:428)
	at org.apache.maven.surefire.booter.ForkedBooter.execute(ForkedBooter.java:162)
	at org.apache.maven.surefire.booter.ForkedBooter.run(ForkedBooter.java:562)
	at org.apache.maven.surefire.booter.ForkedBooter.main(ForkedBooter.java:548)
&amp#27;[0m
  &amp#27;[36mThen &amp#27;[0m&amp#27;[36mclose the Geo Location Mapping window&amp#27;[0m         &amp#27;[90m# org.example.StepDefinitions.GeoLocationMapping.close_the_geo_location_mapping_window()&amp#27;[0m
]]></system-out>
    <system-err><![CDATA[&amp#27;[32m&amp#27;[1m┌──────────────────────────────────────────────────────────────────────────┐&amp#27;[0m
&amp#27;[32m&amp#27;[1m│&amp#27;[0m View your Cucumber Report at:                                            &amp#27;[32m&amp#27;[1m│&amp#27;[0m
&amp#27;[32m&amp#27;[1m│&amp#27;[0m &amp#27;[1m&amp#27;[36m&amp#27;[4mhttps://reports.cucumber.io/reports/4eabfab2-4cc1-4382-8e96-1eb59e2e035f&amp#27;[0m &amp#27;[32m&amp#27;[1m│&amp#27;[0m
&amp#27;[32m&amp#27;[1m│&amp#27;[0m                                                                          &amp#27;[32m&amp#27;[1m│&amp#27;[0m
&amp#27;[32m&amp#27;[1m│&amp#27;[0m &amp#27;[1mThis report will self-destruct in 24h.&amp#27;[0m                                   &amp#27;[32m&amp#27;[1m│&amp#27;[0m
&amp#27;[32m&amp#27;[1m│&amp#27;[0m Keep reports forever: &amp#27;[4m&amp#27;[1m&amp#27;[36mhttps://reports.cucumber.io/profile&amp#27;[0m                &amp#27;[32m&amp#27;[1m│&amp#27;[0m
&amp#27;[32m&amp#27;[1m└──────────────────────────────────────────────────────────────────────────┘&amp#27;[0mStarting ChromeDriver 116.0.5845.96 (1a391816688002153ef791ffe60d9e899a71a037-refs/branch-heads/5845@{#1382}) on port 30307
Only local connections are allowed.
Please see https://chromedriver.chromium.org/security-considerations for suggestions on keeping ChromeDriver safe.
ChromeDriver was started successfully.
Jan 08, 2024 4:32:22 PM org.openqa.selenium.remote.ProtocolHandshake createSession
INFO: Detected dialect: W3C
]]></system-err>
  </testcase>
  <testcase name="runScenario[&quot;Search a  Geo Location Mapping for AIR&quot;, &quot;Geo Location Mapping Test&quot;](2)" classname="org.example.Runner.GeoLocationMappingTestRunner" time="3.85">
    <failure message="no such element: Unable to locate element: {&quot;method&quot;:&quot;xpath&quot;,&quot;selector&quot;:&quot;//*[@id=&quot;geo_location_mapping_table&quot;]&quot;}&#10;  (Session info: chrome=116.0.5845.96)&#10;For documentation on this error, please visit: https://www.seleniumhq.org/exceptions/no_such_element.html&#10;Build info: version: &apos;3.141.59&apos;, revision: &apos;e82be7d358&apos;, time: &apos;2018-11-14T08:17:03&apos;&#10;System info: host: &apos;HO-P-FAHIM-IT&apos;, ip: &apos;10.101.18.47&apos;, os.name: &apos;Windows 10&apos;, os.arch: &apos;amd64&apos;, os.version: &apos;10.0&apos;, java.version: &apos;1.8.0_202&apos;&#10;Driver info: org.openqa.selenium.chrome.ChromeDriver&#10;Capabilities {acceptInsecureCerts: false, browserName: chrome, browserVersion: 116.0.5845.96, chrome: {chromedriverVersion: 116.0.5845.96 (1a3918166880..., userDataDir: C:\Users\H7D10~1.ABU\AppDat...}, fedcm:accounts: true, goog:chromeOptions: {debuggerAddress: localhost:51580}, javascriptEnabled: true, networkConnectionEnabled: false, pageLoadStrategy: normal, platform: WINDOWS, platformName: WINDOWS, proxy: Proxy(), setWindowRect: true, strictFileInteractability: false, timeouts: {implicit: 0, pageLoad: 300000, script: 30000}, unhandledPromptBehavior: dismiss and notify, webauthn:extension:credBlob: true, webauthn:extension:largeBlob: true, webauthn:extension:minPinLength: true, webauthn:extension:prf: true, webauthn:virtualAuthenticators: true}&#10;Session ID: b614a29923a9b4e5ef1d9bf2e18ff600&#10;*** Element info: {Using=xpath, value=//*[@id=&quot;geo_location_mapping_table&quot;]}" type="org.openqa.selenium.NoSuchElementException"><![CDATA[org.openqa.selenium.NoSuchElementException: 
no such element: Unable to locate element: {"method":"xpath","selector":"//*[@id="geo_location_mapping_table"]"}
  (Session info: chrome=116.0.5845.96)
For documentation on this error, please visit: https://www.seleniumhq.org/exceptions/no_such_element.html
Build info: version: '3.141.59', revision: 'e82be7d358', time: '2018-11-14T08:17:03'
System info: host: 'HO-P-FAHIM-IT', ip: '10.101.18.47', os.name: 'Windows 10', os.arch: 'amd64', os.version: '10.0', java.version: '1.8.0_202'
Driver info: org.openqa.selenium.chrome.ChromeDriver
Capabilities {acceptInsecureCerts: false, browserName: chrome, browserVersion: 116.0.5845.96, chrome: {chromedriverVersion: 116.0.5845.96 (1a3918166880..., userDataDir: C:\Users\H7D10~1.ABU\AppDat...}, fedcm:accounts: true, goog:chromeOptions: {debuggerAddress: localhost:51580}, javascriptEnabled: true, networkConnectionEnabled: false, pageLoadStrategy: normal, platform: WINDOWS, platformName: WINDOWS, proxy: Proxy(), setWindowRect: true, strictFileInteractability: false, timeouts: {implicit: 0, pageLoad: 300000, script: 30000}, unhandledPromptBehavior: dismiss and notify, webauthn:extension:credBlob: true, webauthn:extension:largeBlob: true, webauthn:extension:minPinLength: true, webauthn:extension:prf: true, webauthn:virtualAuthenticators: true}
Session ID: b614a29923a9b4e5ef1d9bf2e18ff600
*** Element info: {Using=xpath, value=//*[@id="geo_location_mapping_table"]}
]]></failure>
    <system-out><![CDATA[
Scenario: Search a  Geo Location Mapping for AIR                                                         &amp#27;[90m# ///G:/Abul Hossain Chowdhury/Projects/Cucumber_For_AIR/src/test/resources/Features/GeoLocationMapping.feature:9&amp#27;[0m
  &amp#27;[32mGiven &amp#27;[0m&amp#27;[32mLogin to Search  Geo Location Mapping&amp#27;[0m                                                            &amp#27;[90m# org.example.StepDefinitions.GeoLocationMapping.login_to_search_geo_location_mapping()&amp#27;[0m
  &amp#27;[31mWhen &amp#27;[0m&amp#27;[31msearch for Geo Location Mappings of an user and copy important elements from Geo Location Mapping&amp#27;[0m &amp#27;[90m# org.example.StepDefinitions.GeoLocationMapping.search_for_geo_location_mappings_of_an_user_and_copy_important_elements_from_geo_location_mapping()&amp#27;[0m
      &amp#27;[31morg.openqa.selenium.NoSuchElementException: no such element: Unable to locate element: {"method":"xpath","selector":"//*[@id="geo_location_mapping_table"]"}
  (Session info: chrome=116.0.5845.96)
For documentation on this error, please visit: https://www.seleniumhq.org/exceptions/no_such_element.html
Build info: version: '3.141.59', revision: 'e82be7d358', time: '2018-11-14T08:17:03'
System info: host: 'HO-P-FAHIM-IT', ip: '10.101.18.47', os.name: 'Windows 10', os.arch: 'amd64', os.version: '10.0', java.version: '1.8.0_202'
Driver info: org.openqa.selenium.chrome.ChromeDriver
Capabilities {acceptInsecureCerts: false, browserName: chrome, browserVersion: 116.0.5845.96, chrome: {chromedriverVersion: 116.0.5845.96 (1a3918166880..., userDataDir: C:\Users\H7D10~1.ABU\AppDat...}, fedcm:accounts: true, goog:chromeOptions: {debuggerAddress: localhost:51580}, javascriptEnabled: true, networkConnectionEnabled: false, pageLoadStrategy: normal, platform: WINDOWS, platformName: WINDOWS, proxy: Proxy(), setWindowRect: true, strictFileInteractability: false, timeouts: {implicit: 0, pageLoad: 300000, script: 30000}, unhandledPromptBehavior: dismiss and notify, webauthn:extension:credBlob: true, webauthn:extension:largeBlob: true, webauthn:extension:minPinLength: true, webauthn:extension:prf: true, webauthn:virtualAuthenticators: true}
Session ID: b614a29923a9b4e5ef1d9bf2e18ff600
*** Element info: {Using=xpath, value=//*[@id="geo_location_mapping_table"]}
	at sun.reflect.GeneratedConstructorAccessor23.newInstance(Unknown Source)
	at sun.reflect.DelegatingConstructorAccessorImpl.newInstance(DelegatingConstructorAccessorImpl.java:45)
	at java.lang.reflect.Constructor.newInstance(Constructor.java:423)
	at org.openqa.selenium.remote.http.W3CHttpResponseCodec.createException(W3CHttpResponseCodec.java:187)
	at org.openqa.selenium.remote.http.W3CHttpResponseCodec.decode(W3CHttpResponseCodec.java:122)
	at org.openqa.selenium.remote.http.W3CHttpResponseCodec.decode(W3CHttpResponseCodec.java:49)
	at org.openqa.selenium.remote.HttpCommandExecutor.execute(HttpCommandExecutor.java:158)
	at org.openqa.selenium.remote.service.DriverCommandExecutor.execute(DriverCommandExecutor.java:83)
	at org.openqa.selenium.remote.RemoteWebDriver.execute(RemoteWebDriver.java:552)
	at org.openqa.selenium.remote.RemoteWebDriver.findElement(RemoteWebDriver.java:323)
	at org.openqa.selenium.remote.RemoteWebDriver.findElementByXPath(RemoteWebDriver.java:428)
	at org.openqa.selenium.By$ByXPath.findElement(By.java:353)
	at org.openqa.selenium.remote.RemoteWebDriver.findElement(RemoteWebDriver.java:315)
	at org.example.Page_Options.getTotalRowCountByXpath(Page_Options.java:313)
	at org.example.Page_Options.viewButtonClickForMatchingRowsByXpathAndName(Page_Options.java:329)
	at org.example.StepDefinitions.GeoLocationMapping.search_for_geo_location_mappings_of_an_user_and_copy_important_elements_from_geo_location_mapping(GeoLocationMapping.java:158)
	at âœ½.search for Geo Location Mappings of an user and copy important elements from Geo Location Mapping(file:///G:/Abul%20Hossain%20Chowdhury/Projects/Cucumber_For_AIR/src/test/resources/Features/GeoLocationMapping.feature:11)
&amp#27;[0m
  &amp#27;[36mThen &amp#27;[0m&amp#27;[36mclose  Geo Location Mapping for search&amp#27;[0m                                                            &amp#27;[90m# org.example.StepDefinitions.GeoLocationMapping.close_geo_location_mapping_for_search()&amp#27;[0m
]]></system-out>
    <system-err><![CDATA[Starting ChromeDriver 116.0.5845.96 (1a391816688002153ef791ffe60d9e899a71a037-refs/branch-heads/5845@{#1382}) on port 45922
Only local connections are allowed.
Please see https://chromedriver.chromium.org/security-considerations for suggestions on keeping ChromeDriver safe.
ChromeDriver was started successfully.
Jan 08, 2024 4:32:31 PM org.openqa.selenium.remote.ProtocolHandshake createSession
INFO: Detected dialect: W3C
]]></system-err>
  </testcase>
  <testcase name="runScenario[&quot;copy the data for ordering by an user and verify&quot;, &quot;Geo Location Mapping Test&quot;](3)" classname="org.example.Runner.GeoLocationMappingTestRunner" time="3.53">
    <failure message="TODO: implement me" type="io.cucumber.java.PendingException"><![CDATA[io.cucumber.java.PendingException: TODO: implement me
]]></failure>
    <system-out><![CDATA[
Scenario: copy the data for ordering by an user and verify      &amp#27;[90m# ///G:/Abul Hossain Chowdhury/Projects/Cucumber_For_AIR/src/test/resources/Features/GeoLocationMapping.feature:14&amp#27;[0m
  &amp#27;[32mGiven &amp#27;[0m&amp#27;[32mLogin to copy the data for ordering by an user&amp#27;[0m          &amp#27;[90m# org.example.StepDefinitions.GeoLocationMapping.login_to_copy_the_data_for_ordering_by_an_user()&amp#27;[0m
  &amp#27;[33mWhen &amp#27;[0m&amp#27;[33min create new order, copy the elements of order location&amp#27;[0m &amp#27;[90m# org.example.StepDefinitions.GeoLocationMapping.in_create_new_order_copy_the_elements_of_order_location()&amp#27;[0m
      &amp#27;[33mio.cucumber.java.PendingException: TODO: implement me
	at org.example.StepDefinitions.GeoLocationMapping.in_create_new_order_copy_the_elements_of_order_location(GeoLocationMapping.java:189)
	at âœ½.in create new order, copy the elements of order location(file:///G:/Abul%20Hossain%20Chowdhury/Projects/Cucumber_For_AIR/src/test/resources/Features/GeoLocationMapping.feature:16)
&amp#27;[0m
  &amp#27;[36mThen &amp#27;[0m&amp#27;[36mclose  Geo Location Mapping for verification&amp#27;[0m             &amp#27;[90m# org.example.StepDefinitions.GeoLocationMapping.close_geo_location_mapping_for_verification()&amp#27;[0m
  &amp#27;[36mAnd &amp#27;[0m&amp#27;[36massert if the information is correct or not&amp#27;[0m               &amp#27;[90m# org.example.StepDefinitions.GeoLocationMapping.assert_if_the_information_is_correct_or_not()&amp#27;[0m
]]></system-out>
    <system-err><![CDATA[Starting ChromeDriver 116.0.5845.96 (1a391816688002153ef791ffe60d9e899a71a037-refs/branch-heads/5845@{#1382}) on port 28228
Only local connections are allowed.
Please see https://chromedriver.chromium.org/security-considerations for suggestions on keeping ChromeDriver safe.
ChromeDriver was started successfully.
Jan 08, 2024 4:32:35 PM org.openqa.selenium.remote.ProtocolHandshake createSession
INFO: Detected dialect: W3C
]]></system-err>
  </testcase>
  <testcase name="runScenario[&quot;Create a new  app&quot;, &quot;Apps Test&quot;](1)" classname="org.example.Runner.AppsTestRunner" time="0.006">
    <failure message="The step &apos;login for creating new  app&apos; is undefined.&#10;You can implement this step using the snippet(s) below:&#10;&#10;@Given(&quot;login for creating new  app&quot;)&#10;public void login_for_creating_new_app() {&#10;    // Write code here that turns the phrase above into concrete actions&#10;    throw new io.cucumber.java.PendingException();&#10;}&#10;" type="io.cucumber.testng.UndefinedStepException"><![CDATA[io.cucumber.testng.UndefinedStepException: 
The step 'login for creating new  app' is undefined.
You can implement this step using the snippet(s) below:

@Given("login for creating new  app")
public void login_for_creating_new_app() {
    // Write code here that turns the phrase above into concrete actions
    throw new io.cucumber.java.PendingException();
}

]]></failure>
    <system-out><![CDATA[
Scenario: Create a new  app                                      &amp#27;[90m# ///G:/Abul Hossain Chowdhury/Projects/Cucumber_For_AIR/src/test/resources/Features/Apps.feature:4&amp#27;[0m
  &amp#27;[33mGiven &amp#27;[0m&amp#27;[33mlogin for creating new  app&amp#27;[0m
  &amp#27;[36mWhen &amp#27;[0m&amp#27;[36mcreate new  app&amp#27;[0m                                           &amp#27;[90m# org.example.StepDefinitions.Apps.create_new_app()&amp#27;[0m
  &amp#27;[36mAnd &amp#27;[0m&amp#27;[36mverify that the app is created and listed in the apps list&amp#27;[0m &amp#27;[90m# org.example.StepDefinitions.Apps.verifyThatTheAppIsCreatedAndListedInTheAppsList()&amp#27;[0m
  &amp#27;[36mThen &amp#27;[0m&amp#27;[36mclose driver for creating apps&amp#27;[0m                            &amp#27;[90m# org.example.StepDefinitions.Apps.close_driver_for_apps()&amp#27;[0m
]]></system-out>
    <system-err><![CDATA[&amp#27;[32m&amp#27;[1m┌──────────────────────────────────────────────────────────────────────────┐&amp#27;[0m
&amp#27;[32m&amp#27;[1m│&amp#27;[0m View your Cucumber Report at:                                            &amp#27;[32m&amp#27;[1m│&amp#27;[0m
&amp#27;[32m&amp#27;[1m│&amp#27;[0m &amp#27;[1m&amp#27;[36m&amp#27;[4mhttps://reports.cucumber.io/reports/5d629cda-c0df-427c-987f-04f2bc684763&amp#27;[0m &amp#27;[32m&amp#27;[1m│&amp#27;[0m
&amp#27;[32m&amp#27;[1m│&amp#27;[0m                                                                          &amp#27;[32m&amp#27;[1m│&amp#27;[0m
&amp#27;[32m&amp#27;[1m│&amp#27;[0m &amp#27;[1mThis report will self-destruct in 24h.&amp#27;[0m                                   &amp#27;[32m&amp#27;[1m│&amp#27;[0m
&amp#27;[32m&amp#27;[1m│&amp#27;[0m Keep reports forever: &amp#27;[4m&amp#27;[1m&amp#27;[36mhttps://reports.cucumber.io/profile&amp#27;[0m                &amp#27;[32m&amp#27;[1m│&amp#27;[0m
&amp#27;[32m&amp#27;[1m└──────────────────────────────────────────────────────────────────────────┘&amp#27;[0m]]></system-err>
  </testcase>
  <testcase name="runScenario[&quot;Edit an app&quot;, &quot;Apps Test&quot;](2)" classname="org.example.Runner.AppsTestRunner" time="7.47">
    <failure message="element not interactable&#10;  (Session info: chrome=116.0.5845.96)&#10;Build info: version: &apos;3.141.59&apos;, revision: &apos;e82be7d358&apos;, time: &apos;2018-11-14T08:17:03&apos;&#10;System info: host: &apos;HO-P-FAHIM-IT&apos;, ip: &apos;10.101.18.47&apos;, os.name: &apos;Windows 10&apos;, os.arch: &apos;amd64&apos;, os.version: &apos;10.0&apos;, java.version: &apos;1.8.0_202&apos;&#10;Driver info: org.openqa.selenium.chrome.ChromeDriver&#10;Capabilities {acceptInsecureCerts: false, browserName: chrome, browserVersion: 116.0.5845.96, chrome: {chromedriverVersion: 116.0.5845.96 (1a3918166880..., userDataDir: C:\Users\H7D10~1.ABU\AppDat...}, fedcm:accounts: true, goog:chromeOptions: {debuggerAddress: localhost:51630}, javascriptEnabled: true, networkConnectionEnabled: false, pageLoadStrategy: normal, platform: WINDOWS, platformName: WINDOWS, proxy: Proxy(), setWindowRect: true, strictFileInteractability: false, timeouts: {implicit: 0, pageLoad: 300000, script: 30000}, unhandledPromptBehavior: dismiss and notify, webauthn:extension:credBlob: true, webauthn:extension:largeBlob: true, webauthn:extension:minPinLength: true, webauthn:extension:prf: true, webauthn:virtualAuthenticators: true}&#10;Session ID: c7e27a9196e2f40c2717cb168276b6af" type="org.openqa.selenium.ElementNotInteractableException"><![CDATA[org.openqa.selenium.ElementNotInteractableException: 
element not interactable
  (Session info: chrome=116.0.5845.96)
Build info: version: '3.141.59', revision: 'e82be7d358', time: '2018-11-14T08:17:03'
System info: host: 'HO-P-FAHIM-IT', ip: '10.101.18.47', os.name: 'Windows 10', os.arch: 'amd64', os.version: '10.0', java.version: '1.8.0_202'
Driver info: org.openqa.selenium.chrome.ChromeDriver
Capabilities {acceptInsecureCerts: false, browserName: chrome, browserVersion: 116.0.5845.96, chrome: {chromedriverVersion: 116.0.5845.96 (1a3918166880..., userDataDir: C:\Users\H7D10~1.ABU\AppDat...}, fedcm:accounts: true, goog:chromeOptions: {debuggerAddress: localhost:51630}, javascriptEnabled: true, networkConnectionEnabled: false, pageLoadStrategy: normal, platform: WINDOWS, platformName: WINDOWS, proxy: Proxy(), setWindowRect: true, strictFileInteractability: false, timeouts: {implicit: 0, pageLoad: 300000, script: 30000}, unhandledPromptBehavior: dismiss and notify, webauthn:extension:credBlob: true, webauthn:extension:largeBlob: true, webauthn:extension:minPinLength: true, webauthn:extension:prf: true, webauthn:virtualAuthenticators: true}
Session ID: c7e27a9196e2f40c2717cb168276b6af
]]></failure>
    <system-out><![CDATA[
Scenario: Edit an app                   &amp#27;[90m# ///G:/Abul Hossain Chowdhury/Projects/Cucumber_For_AIR/src/test/resources/Features/Apps.feature:10&amp#27;[0m
  &amp#27;[32mGiven &amp#27;[0m&amp#27;[32mlogin for editing an app&amp#27;[0m        &amp#27;[90m# org.example.StepDefinitions.Apps.login_for_editing_an_app()&amp#27;[0m
  &amp#27;[32mWhen &amp#27;[0m&amp#27;[32msearch for the app&amp#27;[0m               &amp#27;[90m# org.example.StepDefinitions.Apps.search_for_the_app()&amp#27;[0m
  &amp#27;[31mAnd &amp#27;[0m&amp#27;[31medit the app&amp#27;[0m                      &amp#27;[90m# org.example.StepDefinitions.Apps.editTheApp()&amp#27;[0m
      &amp#27;[31morg.openqa.selenium.ElementNotInteractableException: element not interactable
  (Session info: chrome=116.0.5845.96)
Build info: version: '3.141.59', revision: 'e82be7d358', time: '2018-11-14T08:17:03'
System info: host: 'HO-P-FAHIM-IT', ip: '10.101.18.47', os.name: 'Windows 10', os.arch: 'amd64', os.version: '10.0', java.version: '1.8.0_202'
Driver info: org.openqa.selenium.chrome.ChromeDriver
Capabilities {acceptInsecureCerts: false, browserName: chrome, browserVersion: 116.0.5845.96, chrome: {chromedriverVersion: 116.0.5845.96 (1a3918166880..., userDataDir: C:\Users\H7D10~1.ABU\AppDat...}, fedcm:accounts: true, goog:chromeOptions: {debuggerAddress: localhost:51630}, javascriptEnabled: true, networkConnectionEnabled: false, pageLoadStrategy: normal, platform: WINDOWS, platformName: WINDOWS, proxy: Proxy(), setWindowRect: true, strictFileInteractability: false, timeouts: {implicit: 0, pageLoad: 300000, script: 30000}, unhandledPromptBehavior: dismiss and notify, webauthn:extension:credBlob: true, webauthn:extension:largeBlob: true, webauthn:extension:minPinLength: true, webauthn:extension:prf: true, webauthn:virtualAuthenticators: true}
Session ID: c7e27a9196e2f40c2717cb168276b6af
	at sun.reflect.NativeConstructorAccessorImpl.newInstance0(Native Method)
	at sun.reflect.NativeConstructorAccessorImpl.newInstance(NativeConstructorAccessorImpl.java:62)
	at sun.reflect.DelegatingConstructorAccessorImpl.newInstance(DelegatingConstructorAccessorImpl.java:45)
	at java.lang.reflect.Constructor.newInstance(Constructor.java:423)
	at org.openqa.selenium.remote.http.W3CHttpResponseCodec.createException(W3CHttpResponseCodec.java:187)
	at org.openqa.selenium.remote.http.W3CHttpResponseCodec.decode(W3CHttpResponseCodec.java:122)
	at org.openqa.selenium.remote.http.W3CHttpResponseCodec.decode(W3CHttpResponseCodec.java:49)
	at org.openqa.selenium.remote.HttpCommandExecutor.execute(HttpCommandExecutor.java:158)
	at org.openqa.selenium.remote.service.DriverCommandExecutor.execute(DriverCommandExecutor.java:83)
	at org.openqa.selenium.remote.RemoteWebDriver.execute(RemoteWebDriver.java:552)
	at org.openqa.selenium.remote.RemoteWebElement.execute(RemoteWebElement.java:285)
	at org.openqa.selenium.remote.RemoteWebElement.clear(RemoteWebElement.java:124)
	at org.example.Page_Options.clearById(Page_Options.java:117)
	at org.example.StepDefinitions.Apps.editTheApp(Apps.java:140)
	at âœ½.edit the app(file:///G:/Abul%20Hossain%20Chowdhury/Projects/Cucumber_For_AIR/src/test/resources/Features/Apps.feature:13)
&amp#27;[0m
  &amp#27;[36mThen &amp#27;[0m&amp#27;[36mverify that the app is edited&amp#27;[0m    &amp#27;[90m# org.example.StepDefinitions.Apps.verify_that_the_app_is_edited()&amp#27;[0m
  &amp#27;[36mAnd &amp#27;[0m&amp#27;[36mclose the driver for editing apps&amp#27;[0m &amp#27;[90m# org.example.StepDefinitions.Apps.close_the_driver_for_editing_apps()&amp#27;[0m
]]></system-out>
    <system-err><![CDATA[Starting ChromeDriver 116.0.5845.96 (1a391816688002153ef791ffe60d9e899a71a037-refs/branch-heads/5845@{#1382}) on port 32843
Only local connections are allowed.
Please see https://chromedriver.chromium.org/security-considerations for suggestions on keeping ChromeDriver safe.
ChromeDriver was started successfully.
Jan 08, 2024 4:32:42 PM org.openqa.selenium.remote.ProtocolHandshake createSession
INFO: Detected dialect: W3C
]]></system-err>
  </testcase>
  <testcase name="runScenario[&quot;Give permission to a user for an App&quot;, &quot;Apps Test&quot;](3)" classname="org.example.Runner.AppsTestRunner" time="14.075">
    <failure message="Expected condition failed: waiting for visibility of element located by By.xpath: //*[@id=&quot;select2-add_emp_list_1-container&quot;] (tried for 5 second(s) with 500 milliseconds interval)" type="org.openqa.selenium.TimeoutException"><![CDATA[org.openqa.selenium.TimeoutException: Expected condition failed: waiting for visibility of element located by By.xpath: //*[@id="select2-add_emp_list_1-container"] (tried for 5 second(s) with 500 milliseconds interval)
Caused by: org.openqa.selenium.NoSuchElementException: 
no such element: Unable to locate element: {"method":"xpath","selector":"//*[@id="select2-add_emp_list_1-container"]"}
  (Session info: chrome=116.0.5845.96)
For documentation on this error, please visit: https://www.seleniumhq.org/exceptions/no_such_element.html
Build info: version: '3.141.59', revision: 'e82be7d358', time: '2018-11-14T08:17:03'
System info: host: 'HO-P-FAHIM-IT', ip: '10.101.18.47', os.name: 'Windows 10', os.arch: 'amd64', os.version: '10.0', java.version: '1.8.0_202'
Driver info: org.openqa.selenium.chrome.ChromeDriver
Capabilities {acceptInsecureCerts: false, browserName: chrome, browserVersion: 116.0.5845.96, chrome: {chromedriverVersion: 116.0.5845.96 (1a3918166880..., userDataDir: C:\Users\H7D10~1.ABU\AppDat...}, fedcm:accounts: true, goog:chromeOptions: {debuggerAddress: localhost:51655}, javascriptEnabled: true, networkConnectionEnabled: false, pageLoadStrategy: normal, platform: WINDOWS, platformName: WINDOWS, proxy: Proxy(), setWindowRect: true, strictFileInteractability: false, timeouts: {implicit: 0, pageLoad: 300000, script: 30000}, unhandledPromptBehavior: dismiss and notify, webauthn:extension:credBlob: true, webauthn:extension:largeBlob: true, webauthn:extension:minPinLength: true, webauthn:extension:prf: true, webauthn:virtualAuthenticators: true}
Session ID: 4306c721693d0cd1ede560300f66698d
*** Element info: {Using=xpath, value=//*[@id="select2-add_emp_list_1-container"]}
]]></failure>
    <system-out><![CDATA[
Scenario: Give permission to a user for an App &amp#27;[90m# ///G:/Abul Hossain Chowdhury/Projects/Cucumber_For_AIR/src/test/resources/Features/Apps.feature:17&amp#27;[0m
  &amp#27;[32mGiven &amp#27;[0m&amp#27;[32mlogin for giving access to an user&amp#27;[0m     &amp#27;[90m# org.example.StepDefinitions.Apps.login_for_giving_access_to_an_user()&amp#27;[0m
  &amp#27;[32mWhen &amp#27;[0m&amp#27;[32msearch for the app to give access&amp#27;[0m       &amp#27;[90m# org.example.StepDefinitions.Apps.search_for_the_app_to_give_access()&amp#27;[0m
  &amp#27;[31mAnd &amp#27;[0m&amp#27;[31madd permission&amp#27;[0m                           &amp#27;[90m# org.example.StepDefinitions.Apps.add_permission()&amp#27;[0m
      &amp#27;[31morg.openqa.selenium.TimeoutException: Expected condition failed: waiting for visibility of element located by By.xpath: //*[@id="select2-add_emp_list_1-container"] (tried for 5 second(s) with 500 milliseconds interval)
	at org.openqa.selenium.support.ui.WebDriverWait.timeoutException(WebDriverWait.java:95)
	at org.openqa.selenium.support.ui.FluentWait.until(FluentWait.java:272)
	at org.example.BrowserUtils.waitByxpath(BrowserUtils.java:65)
	at org.example.StepDefinitions.Apps.add_permission(Apps.java:231)
	at âœ½.add permission(file:///G:/Abul%20Hossain%20Chowdhury/Projects/Cucumber_For_AIR/src/test/resources/Features/Apps.feature:20)
Caused by: org.openqa.selenium.NoSuchElementException: no such element: Unable to locate element: {"method":"xpath","selector":"//*[@id="select2-add_emp_list_1-container"]"}
  (Session info: chrome=116.0.5845.96)
For documentation on this error, please visit: https://www.seleniumhq.org/exceptions/no_such_element.html
Build info: version: '3.141.59', revision: 'e82be7d358', time: '2018-11-14T08:17:03'
System info: host: 'HO-P-FAHIM-IT', ip: '10.101.18.47', os.name: 'Windows 10', os.arch: 'amd64', os.version: '10.0', java.version: '1.8.0_202'
Driver info: org.openqa.selenium.chrome.ChromeDriver
Capabilities {acceptInsecureCerts: false, browserName: chrome, browserVersion: 116.0.5845.96, chrome: {chromedriverVersion: 116.0.5845.96 (1a3918166880..., userDataDir: C:\Users\H7D10~1.ABU\AppDat...}, fedcm:accounts: true, goog:chromeOptions: {debuggerAddress: localhost:51655}, javascriptEnabled: true, networkConnectionEnabled: false, pageLoadStrategy: normal, platform: WINDOWS, platformName: WINDOWS, proxy: Proxy(), setWindowRect: true, strictFileInteractability: false, timeouts: {implicit: 0, pageLoad: 300000, script: 30000}, unhandledPromptBehavior: dismiss and notify, webauthn:extension:credBlob: true, webauthn:extension:largeBlob: true, webauthn:extension:minPinLength: true, webauthn:extension:prf: true, webauthn:virtualAuthenticators: true}
Session ID: 4306c721693d0cd1ede560300f66698d
*** Element info: {Using=xpath, value=//*[@id="select2-add_emp_list_1-container"]}
	at sun.reflect.GeneratedConstructorAccessor23.newInstance(Unknown Source)
	at sun.reflect.DelegatingConstructorAccessorImpl.newInstance(DelegatingConstructorAccessorImpl.java:45)
	at java.lang.reflect.Constructor.newInstance(Constructor.java:423)
	at org.openqa.selenium.remote.http.W3CHttpResponseCodec.createException(W3CHttpResponseCodec.java:187)
	at org.openqa.selenium.remote.http.W3CHttpResponseCodec.decode(W3CHttpResponseCodec.java:122)
	at org.openqa.selenium.remote.http.W3CHttpResponseCodec.decode(W3CHttpResponseCodec.java:49)
	at org.openqa.selenium.remote.HttpCommandExecutor.execute(HttpCommandExecutor.java:158)
	at org.openqa.selenium.remote.service.DriverCommandExecutor.execute(DriverCommandExecutor.java:83)
	at org.openqa.selenium.remote.RemoteWebDriver.execute(RemoteWebDriver.java:552)
	at org.openqa.selenium.remote.RemoteWebDriver.findElement(RemoteWebDriver.java:323)
	at org.openqa.selenium.remote.RemoteWebDriver.findElementByXPath(RemoteWebDriver.java:428)
	at org.openqa.selenium.By$ByXPath.findElement(By.java:353)
	at org.openqa.selenium.remote.RemoteWebDriver.findElement(RemoteWebDriver.java:315)
	at org.openqa.selenium.support.ui.ExpectedConditions$7.apply(ExpectedConditions.java:205)
	at org.openqa.selenium.support.ui.ExpectedConditions$7.apply(ExpectedConditions.java:201)
	at org.openqa.selenium.support.ui.FluentWait.until(FluentWait.java:249)
	at org.example.BrowserUtils.waitByxpath(BrowserUtils.java:65)
	at org.example.StepDefinitions.Apps.add_permission(Apps.java:231)
	at sun.reflect.NativeMethodAccessorImpl.invoke0(Native Method)
	at sun.reflect.NativeMethodAccessorImpl.invoke(NativeMethodAccessorImpl.java:62)
	at sun.reflect.DelegatingMethodAccessorImpl.invoke(DelegatingMethodAccessorImpl.java:43)
	at java.lang.reflect.Method.invoke(Method.java:498)
	at io.cucumber.java.Invoker.doInvoke(Invoker.java:66)
	at io.cucumber.java.Invoker.invoke(Invoker.java:24)
	at io.cucumber.java.AbstractGlueDefinition.invokeMethod(AbstractGlueDefinition.java:47)
	at io.cucumber.java.JavaStepDefinition.execute(JavaStepDefinition.java:29)
	at io.cucumber.core.runner.CoreStepDefinition.execute(CoreStepDefinition.java:66)
	at io.cucumber.core.runner.PickleStepDefinitionMatch.runStep(PickleStepDefinitionMatch.java:63)
	at io.cucumber.core.runner.ExecutionMode$1.execute(ExecutionMode.java:10)
	at io.cucumber.core.runner.TestStep.executeStep(TestStep.java:84)
	at io.cucumber.core.runner.TestStep.run(TestStep.java:56)
	at io.cucumber.core.runner.PickleStepTestStep.run(PickleStepTestStep.java:51)
	at io.cucumber.core.runner.TestCase.run(TestCase.java:84)
	at io.cucumber.core.runner.Runner.runPickle(Runner.java:75)
	at io.cucumber.testng.TestNGCucumberRunner.lambda$runScenario$1(TestNGCucumberRunner.java:132)
	at io.cucumber.core.runtime.CucumberExecutionContext.lambda$runTestCase$5(CucumberExecutionContext.java:130)
	at io.cucumber.core.runtime.RethrowingThrowableCollector.executeAndThrow(RethrowingThrowableCollector.java:23)
	at io.cucumber.core.runtime.CucumberExecutionContext.runTestCase(CucumberExecutionContext.java:130)
	at io.cucumber.testng.TestNGCucumberRunner.runScenario(TestNGCucumberRunner.java:129)
	at io.cucumber.testng.AbstractTestNGCucumberTests.runScenario(AbstractTestNGCucumberTests.java:35)
	at sun.reflect.GeneratedMethodAccessor100.invoke(Unknown Source)
	at sun.reflect.DelegatingMethodAccessorImpl.invoke(DelegatingMethodAccessorImpl.java:43)
	at java.lang.reflect.Method.invoke(Method.java:498)
	at org.testng.internal.invokers.MethodInvocationHelper.invokeMethod(MethodInvocationHelper.java:136)
	at org.testng.internal.invokers.TestInvoker.invokeMethod(TestInvoker.java:658)
	at org.testng.internal.invokers.TestInvoker.invokeTestMethod(TestInvoker.java:219)
	at org.testng.internal.invokers.MethodRunner.runInSequence(MethodRunner.java:50)
	at org.testng.internal.invokers.TestInvoker$MethodInvocationAgent.invoke(TestInvoker.java:923)
	at org.testng.internal.invokers.TestInvoker.invokeTestMethods(TestInvoker.java:192)
	at org.testng.internal.invokers.TestMethodWorker.invokeTestMethods(TestMethodWorker.java:146)
	at org.testng.internal.invokers.TestMethodWorker.run(TestMethodWorker.java:128)
	at java.util.ArrayList.forEach(ArrayList.java:1257)
	at org.testng.TestRunner.privateRun(TestRunner.java:808)
	at org.testng.TestRunner.run(TestRunner.java:603)
	at org.testng.SuiteRunner.runTest(SuiteRunner.java:429)
	at org.testng.SuiteRunner.runSequentially(SuiteRunner.java:423)
	at org.testng.SuiteRunner.privateRun(SuiteRunner.java:383)
	at org.testng.SuiteRunner.run(SuiteRunner.java:326)
	at org.testng.SuiteRunnerWorker.runSuite(SuiteRunnerWorker.java:52)
	at org.testng.SuiteRunnerWorker.run(SuiteRunnerWorker.java:95)
	at org.testng.TestNG.runSuitesSequentially(TestNG.java:1249)
	at org.testng.TestNG.runSuitesLocally(TestNG.java:1169)
	at org.testng.TestNG.runSuites(TestNG.java:1092)
	at org.testng.TestNG.run(TestNG.java:1060)
	at org.apache.maven.surefire.testng.TestNGExecutor.run(TestNGExecutor.java:284)
	at org.apache.maven.surefire.testng.TestNGXmlTestSuite.execute(TestNGXmlTestSuite.java:75)
	at org.apache.maven.surefire.testng.TestNGProvider.invoke(TestNGProvider.java:119)
	at org.apache.maven.surefire.booter.ForkedBooter.runSuitesInProcess(ForkedBooter.java:428)
	at org.apache.maven.surefire.booter.ForkedBooter.execute(ForkedBooter.java:162)
	at org.apache.maven.surefire.booter.ForkedBooter.run(ForkedBooter.java:562)
	at org.apache.maven.surefire.booter.ForkedBooter.main(ForkedBooter.java:548)
&amp#27;[0m
  &amp#27;[36mThen &amp#27;[0m&amp#27;[36mClose the driver for app permission&amp#27;[0m     &amp#27;[90m# org.example.StepDefinitions.Apps.close_the_driver_for_app_permission()&amp#27;[0m
]]></system-out>
    <system-err><![CDATA[Starting ChromeDriver 116.0.5845.96 (1a391816688002153ef791ffe60d9e899a71a037-refs/branch-heads/5845@{#1382}) on port 40232
Only local connections are allowed.
Please see https://chromedriver.chromium.org/security-considerations for suggestions on keeping ChromeDriver safe.
ChromeDriver was started successfully.
Jan 08, 2024 4:32:50 PM org.openqa.selenium.remote.ProtocolHandshake createSession
INFO: Detected dialect: W3C
]]></system-err>
  </testcase>
  <testcase name="runScenario[&quot;verify if the user has access to the app&quot;, &quot;Apps Test&quot;](4)" classname="org.example.Runner.AppsTestRunner" time="18.266">
    <system-out><![CDATA[
Scenario: verify if the user has access to the app                   &amp#27;[90m# ///G:/Abul Hossain Chowdhury/Projects/Cucumber_For_AIR/src/test/resources/Features/Apps.feature:23&amp#27;[0m
  &amp#27;[32mGiven &amp#27;[0m&amp#27;[32mlogin for checking access of first user&amp#27;[0m                      &amp#27;[90m# org.example.StepDefinitions.Apps.login_for_checking_access_of_first_user()&amp#27;[0m
Apps Found? false
  &amp#27;[32mAnd &amp#27;[0m&amp#27;[32mverify from the side panel for the first user&amp#27;[0m                  &amp#27;[90m# org.example.StepDefinitions.Apps.verify_from_the_side_panel_for_the_first_user()&amp#27;[0m
  &amp#27;[32mAnd &amp#27;[0m&amp#27;[32mclose driver for verification of app permission for first user&amp#27;[0m &amp#27;[90m# org.example.StepDefinitions.Apps.close_driver_for_verification_of_app_permission_for_first_user()&amp#27;[0m
  &amp#27;[32mThen &amp#27;[0m&amp#27;[32mlogin for checking access of 2nd user&amp#27;[0m                         &amp#27;[90m# org.example.StepDefinitions.Apps.login_for_checking_access_of_2nd_user()&amp#27;[0m
Apps Found? false
  &amp#27;[32mAnd &amp#27;[0m&amp#27;[32mverify from the side panel for the 2nd user&amp#27;[0m                    &amp#27;[90m# org.example.StepDefinitions.Apps.verify_from_the_side_panel_for_the_2nd_user()&amp#27;[0m
  &amp#27;[32mAnd &amp#27;[0m&amp#27;[32mclose driver for verification of app permission for 2nd user&amp#27;[0m   &amp#27;[90m# org.example.StepDefinitions.Apps.close_driver_for_verification_of_app_permission_for_2nd_user()&amp#27;[0m
]]></system-out>
    <system-err><![CDATA[Starting ChromeDriver 116.0.5845.96 (1a391816688002153ef791ffe60d9e899a71a037-refs/branch-heads/5845@{#1382}) on port 26187
Only local connections are allowed.
Please see https://chromedriver.chromium.org/security-considerations for suggestions on keeping ChromeDriver safe.
ChromeDriver was started successfully.
Jan 08, 2024 4:33:04 PM org.openqa.selenium.remote.ProtocolHandshake createSession
INFO: Detected dialect: W3C
Starting ChromeDriver 116.0.5845.96 (1a391816688002153ef791ffe60d9e899a71a037-refs/branch-heads/5845@{#1382}) on port 11960
Only local connections are allowed.
Please see https://chromedriver.chromium.org/security-considerations for suggestions on keeping ChromeDriver safe.
ChromeDriver was started successfully.
Jan 08, 2024 4:33:13 PM org.openqa.selenium.remote.ProtocolHandshake createSession
INFO: Detected dialect: W3C
]]></system-err>
  </testcase>
  <testcase name="runScenario[&quot;Create a new Product Category&quot;, &quot;Products Categories Test&quot;](1)" classname="org.example.Runner.ProductCategoriesTestRunner" time="14.631">
    <system-out><![CDATA[
Scenario: Create a new Product Category                                                    &amp#27;[90m# ///G:/Abul Hossain Chowdhury/Projects/Cucumber_For_AIR/src/test/resources/Features/ProductCategories.feature:4&amp#27;[0m
  &amp#27;[32mGiven &amp#27;[0m&amp#27;[32mlogin for creating new  Product Category&amp#27;[0m                                           &amp#27;[90m# org.example.StepDefinitions.ProductCategories.login_for_creating_new_product_category()&amp#27;[0m
  &amp#27;[32mWhen &amp#27;[0m&amp#27;[32mcreate new  Product Category&amp#27;[0m                                                        &amp#27;[90m# org.example.StepDefinitions.ProductCategories.create_new_product_category()&amp#27;[0m
  &amp#27;[32mAnd &amp#27;[0m&amp#27;[32mverify that the Product Category is created and listed in the Products Category list&amp#27;[0m &amp#27;[90m# org.example.StepDefinitions.ProductCategories.verify_that_the_product_category_is_created_and_listed_in_the_products_category_list()&amp#27;[0m
  &amp#27;[32mThen &amp#27;[0m&amp#27;[32mclose driver for creating Product Category&amp#27;[0m                                          &amp#27;[90m# org.example.StepDefinitions.ProductCategories.close_driver_for_creating_product_category()&amp#27;[0m
]]></system-out>
    <system-err><![CDATA[&amp#27;[32m&amp#27;[1m┌──────────────────────────────────────────────────────────────────────────┐&amp#27;[0m
&amp#27;[32m&amp#27;[1m│&amp#27;[0m View your Cucumber Report at:                                            &amp#27;[32m&amp#27;[1m│&amp#27;[0m
&amp#27;[32m&amp#27;[1m│&amp#27;[0m &amp#27;[1m&amp#27;[36m&amp#27;[4mhttps://reports.cucumber.io/reports/2674fbf0-4a8e-4f02-b89e-c6a9b4e0ebba&amp#27;[0m &amp#27;[32m&amp#27;[1m│&amp#27;[0m
&amp#27;[32m&amp#27;[1m│&amp#27;[0m                                                                          &amp#27;[32m&amp#27;[1m│&amp#27;[0m
&amp#27;[32m&amp#27;[1m│&amp#27;[0m &amp#27;[1mThis report will self-destruct in 24h.&amp#27;[0m                                   &amp#27;[32m&amp#27;[1m│&amp#27;[0m
&amp#27;[32m&amp#27;[1m│&amp#27;[0m Keep reports forever: &amp#27;[4m&amp#27;[1m&amp#27;[36mhttps://reports.cucumber.io/profile&amp#27;[0m                &amp#27;[32m&amp#27;[1m│&amp#27;[0m
&amp#27;[32m&amp#27;[1m└──────────────────────────────────────────────────────────────────────────┘&amp#27;[0mStarting ChromeDriver 116.0.5845.96 (1a391816688002153ef791ffe60d9e899a71a037-refs/branch-heads/5845@{#1382}) on port 45547
Only local connections are allowed.
Please see https://chromedriver.chromium.org/security-considerations for suggestions on keeping ChromeDriver safe.
ChromeDriver was started successfully.
Jan 08, 2024 4:33:25 PM org.openqa.selenium.remote.ProtocolHandshake createSession
INFO: Detected dialect: W3C
]]></system-err>
  </testcase>
  <testcase name="runScenario[&quot;Edit a Product Category&quot;, &quot;Products Categories Test&quot;](2)" classname="org.example.Runner.ProductCategoriesTestRunner" time="7.877">
    <failure message="element not interactable&#10;  (Session info: chrome=116.0.5845.96)&#10;Build info: version: &apos;3.141.59&apos;, revision: &apos;e82be7d358&apos;, time: &apos;2018-11-14T08:17:03&apos;&#10;System info: host: &apos;HO-P-FAHIM-IT&apos;, ip: &apos;10.101.18.47&apos;, os.name: &apos;Windows 10&apos;, os.arch: &apos;amd64&apos;, os.version: &apos;10.0&apos;, java.version: &apos;1.8.0_202&apos;&#10;Driver info: org.openqa.selenium.chrome.ChromeDriver&#10;Capabilities {acceptInsecureCerts: false, browserName: chrome, browserVersion: 116.0.5845.96, chrome: {chromedriverVersion: 116.0.5845.96 (1a3918166880..., userDataDir: C:\Users\H7D10~1.ABU\AppDat...}, fedcm:accounts: true, goog:chromeOptions: {debuggerAddress: localhost:51774}, javascriptEnabled: true, networkConnectionEnabled: false, pageLoadStrategy: normal, platform: WINDOWS, platformName: WINDOWS, proxy: Proxy(), setWindowRect: true, strictFileInteractability: false, timeouts: {implicit: 0, pageLoad: 300000, script: 30000}, unhandledPromptBehavior: dismiss and notify, webauthn:extension:credBlob: true, webauthn:extension:largeBlob: true, webauthn:extension:minPinLength: true, webauthn:extension:prf: true, webauthn:virtualAuthenticators: true}&#10;Session ID: de03cfdc7ff76127c860df5589eada65" type="org.openqa.selenium.ElementNotInteractableException"><![CDATA[org.openqa.selenium.ElementNotInteractableException: 
element not interactable
  (Session info: chrome=116.0.5845.96)
Build info: version: '3.141.59', revision: 'e82be7d358', time: '2018-11-14T08:17:03'
System info: host: 'HO-P-FAHIM-IT', ip: '10.101.18.47', os.name: 'Windows 10', os.arch: 'amd64', os.version: '10.0', java.version: '1.8.0_202'
Driver info: org.openqa.selenium.chrome.ChromeDriver
Capabilities {acceptInsecureCerts: false, browserName: chrome, browserVersion: 116.0.5845.96, chrome: {chromedriverVersion: 116.0.5845.96 (1a3918166880..., userDataDir: C:\Users\H7D10~1.ABU\AppDat...}, fedcm:accounts: true, goog:chromeOptions: {debuggerAddress: localhost:51774}, javascriptEnabled: true, networkConnectionEnabled: false, pageLoadStrategy: normal, platform: WINDOWS, platformName: WINDOWS, proxy: Proxy(), setWindowRect: true, strictFileInteractability: false, timeouts: {implicit: 0, pageLoad: 300000, script: 30000}, unhandledPromptBehavior: dismiss and notify, webauthn:extension:credBlob: true, webauthn:extension:largeBlob: true, webauthn:extension:minPinLength: true, webauthn:extension:prf: true, webauthn:virtualAuthenticators: true}
Session ID: de03cfdc7ff76127c860df5589eada65
]]></failure>
    <system-out><![CDATA[
Scenario: Edit a Product Category                &amp#27;[90m# ///G:/Abul Hossain Chowdhury/Projects/Cucumber_For_AIR/src/test/resources/Features/ProductCategories.feature:10&amp#27;[0m
  &amp#27;[32mGiven &amp#27;[0m&amp#27;[32mlogin for editing a Product Category&amp#27;[0m     &amp#27;[90m# org.example.StepDefinitions.ProductCategories.login_for_editing_a_product_category()&amp#27;[0m
  &amp#27;[31mWhen &amp#27;[0m&amp#27;[31medit a Product Category&amp#27;[0m                   &amp#27;[90m# org.example.StepDefinitions.ProductCategories.edit_a_product_category()&amp#27;[0m
      &amp#27;[31morg.openqa.selenium.ElementNotInteractableException: element not interactable
  (Session info: chrome=116.0.5845.96)
Build info: version: '3.141.59', revision: 'e82be7d358', time: '2018-11-14T08:17:03'
System info: host: 'HO-P-FAHIM-IT', ip: '10.101.18.47', os.name: 'Windows 10', os.arch: 'amd64', os.version: '10.0', java.version: '1.8.0_202'
Driver info: org.openqa.selenium.chrome.ChromeDriver
Capabilities {acceptInsecureCerts: false, browserName: chrome, browserVersion: 116.0.5845.96, chrome: {chromedriverVersion: 116.0.5845.96 (1a3918166880..., userDataDir: C:\Users\H7D10~1.ABU\AppDat...}, fedcm:accounts: true, goog:chromeOptions: {debuggerAddress: localhost:51774}, javascriptEnabled: true, networkConnectionEnabled: false, pageLoadStrategy: normal, platform: WINDOWS, platformName: WINDOWS, proxy: Proxy(), setWindowRect: true, strictFileInteractability: false, timeouts: {implicit: 0, pageLoad: 300000, script: 30000}, unhandledPromptBehavior: dismiss and notify, webauthn:extension:credBlob: true, webauthn:extension:largeBlob: true, webauthn:extension:minPinLength: true, webauthn:extension:prf: true, webauthn:virtualAuthenticators: true}
Session ID: de03cfdc7ff76127c860df5589eada65
	at sun.reflect.NativeConstructorAccessorImpl.newInstance0(Native Method)
	at sun.reflect.NativeConstructorAccessorImpl.newInstance(NativeConstructorAccessorImpl.java:62)
	at sun.reflect.DelegatingConstructorAccessorImpl.newInstance(DelegatingConstructorAccessorImpl.java:45)
	at java.lang.reflect.Constructor.newInstance(Constructor.java:423)
	at org.openqa.selenium.remote.http.W3CHttpResponseCodec.createException(W3CHttpResponseCodec.java:187)
	at org.openqa.selenium.remote.http.W3CHttpResponseCodec.decode(W3CHttpResponseCodec.java:122)
	at org.openqa.selenium.remote.http.W3CHttpResponseCodec.decode(W3CHttpResponseCodec.java:49)
	at org.openqa.selenium.remote.HttpCommandExecutor.execute(HttpCommandExecutor.java:158)
	at org.openqa.selenium.remote.service.DriverCommandExecutor.execute(DriverCommandExecutor.java:83)
	at org.openqa.selenium.remote.RemoteWebDriver.execute(RemoteWebDriver.java:552)
	at org.openqa.selenium.remote.RemoteWebElement.execute(RemoteWebElement.java:285)
	at org.openqa.selenium.remote.RemoteWebElement.clear(RemoteWebElement.java:124)
	at org.example.Page_Options.clearById(Page_Options.java:117)
	at org.example.StepDefinitions.ProductCategories.edit_a_product_category(ProductCategories.java:143)
	at âœ½.edit a Product Category(file:///G:/Abul%20Hossain%20Chowdhury/Projects/Cucumber_For_AIR/src/test/resources/Features/ProductCategories.feature:12)
&amp#27;[0m
  &amp#27;[36mAnd &amp#27;[0m&amp#27;[36mverify that the Product Category is edited&amp#27;[0m &amp#27;[90m# org.example.StepDefinitions.ProductCategories.verify_that_the_product_category_is_edited()&amp#27;[0m
  &amp#27;[36mThen &amp#27;[0m&amp#27;[36mclose driver for editing Product Category&amp#27;[0m &amp#27;[90m# org.example.StepDefinitions.ProductCategories.close_driver_for_editing_product_category()&amp#27;[0m
]]></system-out>
    <system-err><![CDATA[Starting ChromeDriver 116.0.5845.96 (1a391816688002153ef791ffe60d9e899a71a037-refs/branch-heads/5845@{#1382}) on port 20134
Only local connections are allowed.
Please see https://chromedriver.chromium.org/security-considerations for suggestions on keeping ChromeDriver safe.
ChromeDriver was started successfully.
Jan 08, 2024 4:33:40 PM org.openqa.selenium.remote.ProtocolHandshake createSession
INFO: Detected dialect: W3C
]]></system-err>
  </testcase>
  <testcase name="runScenario[&quot;Verify functionality of a Product Category&quot;, &quot;Products Categories Test&quot;](3)" classname="org.example.Runner.ProductCategoriesTestRunner" time="19.141">
    <failure message="Expected condition failed: waiting for visibility of element located by By.className: swal2-popup (tried for 10 second(s) with 500 milliseconds interval)" type="org.openqa.selenium.TimeoutException"><![CDATA[org.openqa.selenium.TimeoutException: Expected condition failed: waiting for visibility of element located by By.className: swal2-popup (tried for 10 second(s) with 500 milliseconds interval)
Caused by: org.openqa.selenium.NoSuchElementException: 
no such element: Unable to locate element: {"method":"css selector","selector":".swal2\-popup"}
  (Session info: chrome=116.0.5845.96)
For documentation on this error, please visit: https://www.seleniumhq.org/exceptions/no_such_element.html
Build info: version: '3.141.59', revision: 'e82be7d358', time: '2018-11-14T08:17:03'
System info: host: 'HO-P-FAHIM-IT', ip: '10.101.18.47', os.name: 'Windows 10', os.arch: 'amd64', os.version: '10.0', java.version: '1.8.0_202'
Driver info: org.openqa.selenium.chrome.ChromeDriver
Capabilities {acceptInsecureCerts: false, browserName: chrome, browserVersion: 116.0.5845.96, chrome: {chromedriverVersion: 116.0.5845.96 (1a3918166880..., userDataDir: C:\Users\H7D10~1.ABU\AppDat...}, fedcm:accounts: true, goog:chromeOptions: {debuggerAddress: localhost:51802}, javascriptEnabled: true, networkConnectionEnabled: false, pageLoadStrategy: normal, platform: WINDOWS, platformName: WINDOWS, proxy: Proxy(), setWindowRect: true, strictFileInteractability: false, timeouts: {implicit: 0, pageLoad: 300000, script: 30000}, unhandledPromptBehavior: dismiss and notify, webauthn:extension:credBlob: true, webauthn:extension:largeBlob: true, webauthn:extension:minPinLength: true, webauthn:extension:prf: true, webauthn:virtualAuthenticators: true}
Session ID: d2bd37c5de251f4f1a787591b3e43af4
*** Element info: {Using=class name, value=swal2-popup}
]]></failure>
    <system-out><![CDATA[
Scenario: Verify functionality of a Product Category                 &amp#27;[90m# ///G:/Abul Hossain Chowdhury/Projects/Cucumber_For_AIR/src/test/resources/Features/ProductCategories.feature:16&amp#27;[0m
  &amp#27;[32mGiven &amp#27;[0m&amp#27;[32mlogin for Verifying functionality of a Product Category&amp#27;[0m      &amp#27;[90m# org.example.StepDefinitions.ProductCategories.login_for_verifying_functionality_of_a_product_category()&amp#27;[0m
  &amp#27;[31mWhen &amp#27;[0m&amp#27;[31mcreate a product&amp#27;[0m                                              &amp#27;[90m# org.example.StepDefinitions.ProductCategories.create_a_product()&amp#27;[0m
      &amp#27;[31morg.openqa.selenium.TimeoutException: Expected condition failed: waiting for visibility of element located by By.className: swal2-popup (tried for 10 second(s) with 500 milliseconds interval)
	at org.openqa.selenium.support.ui.WebDriverWait.timeoutException(WebDriverWait.java:95)
	at org.openqa.selenium.support.ui.FluentWait.until(FluentWait.java:272)
	at org.example.Page_Options.GetConfirmationMessage(Page_Options.java:423)
	at org.example.StepDefinitions.ProductCategories.create_a_product(ProductCategories.java:245)
	at âœ½.create a product(file:///G:/Abul%20Hossain%20Chowdhury/Projects/Cucumber_For_AIR/src/test/resources/Features/ProductCategories.feature:18)
Caused by: org.openqa.selenium.NoSuchElementException: no such element: Unable to locate element: {"method":"css selector","selector":".swal2\-popup"}
  (Session info: chrome=116.0.5845.96)
For documentation on this error, please visit: https://www.seleniumhq.org/exceptions/no_such_element.html
Build info: version: '3.141.59', revision: 'e82be7d358', time: '2018-11-14T08:17:03'
System info: host: 'HO-P-FAHIM-IT', ip: '10.101.18.47', os.name: 'Windows 10', os.arch: 'amd64', os.version: '10.0', java.version: '1.8.0_202'
Driver info: org.openqa.selenium.chrome.ChromeDriver
Capabilities {acceptInsecureCerts: false, browserName: chrome, browserVersion: 116.0.5845.96, chrome: {chromedriverVersion: 116.0.5845.96 (1a3918166880..., userDataDir: C:\Users\H7D10~1.ABU\AppDat...}, fedcm:accounts: true, goog:chromeOptions: {debuggerAddress: localhost:51802}, javascriptEnabled: true, networkConnectionEnabled: false, pageLoadStrategy: normal, platform: WINDOWS, platformName: WINDOWS, proxy: Proxy(), setWindowRect: true, strictFileInteractability: false, timeouts: {implicit: 0, pageLoad: 300000, script: 30000}, unhandledPromptBehavior: dismiss and notify, webauthn:extension:credBlob: true, webauthn:extension:largeBlob: true, webauthn:extension:minPinLength: true, webauthn:extension:prf: true, webauthn:virtualAuthenticators: true}
Session ID: d2bd37c5de251f4f1a787591b3e43af4
*** Element info: {Using=class name, value=swal2-popup}
	at sun.reflect.GeneratedConstructorAccessor23.newInstance(Unknown Source)
	at sun.reflect.DelegatingConstructorAccessorImpl.newInstance(DelegatingConstructorAccessorImpl.java:45)
	at java.lang.reflect.Constructor.newInstance(Constructor.java:423)
	at org.openqa.selenium.remote.http.W3CHttpResponseCodec.createException(W3CHttpResponseCodec.java:187)
	at org.openqa.selenium.remote.http.W3CHttpResponseCodec.decode(W3CHttpResponseCodec.java:122)
	at org.openqa.selenium.remote.http.W3CHttpResponseCodec.decode(W3CHttpResponseCodec.java:49)
	at org.openqa.selenium.remote.HttpCommandExecutor.execute(HttpCommandExecutor.java:158)
	at org.openqa.selenium.remote.service.DriverCommandExecutor.execute(DriverCommandExecutor.java:83)
	at org.openqa.selenium.remote.RemoteWebDriver.execute(RemoteWebDriver.java:552)
	at org.openqa.selenium.remote.RemoteWebDriver.findElement(RemoteWebDriver.java:323)
	at org.openqa.selenium.remote.RemoteWebDriver.findElementByClassName(RemoteWebDriver.java:412)
	at org.openqa.selenium.By$ByClassName.findElement(By.java:389)
	at org.openqa.selenium.remote.RemoteWebDriver.findElement(RemoteWebDriver.java:315)
	at org.openqa.selenium.support.ui.ExpectedConditions$7.apply(ExpectedConditions.java:205)
	at org.openqa.selenium.support.ui.ExpectedConditions$7.apply(ExpectedConditions.java:201)
	at org.openqa.selenium.support.ui.FluentWait.until(FluentWait.java:249)
	at org.example.Page_Options.GetConfirmationMessage(Page_Options.java:423)
	at org.example.StepDefinitions.ProductCategories.create_a_product(ProductCategories.java:245)
	at sun.reflect.NativeMethodAccessorImpl.invoke0(Native Method)
	at sun.reflect.NativeMethodAccessorImpl.invoke(NativeMethodAccessorImpl.java:62)
	at sun.reflect.DelegatingMethodAccessorImpl.invoke(DelegatingMethodAccessorImpl.java:43)
	at java.lang.reflect.Method.invoke(Method.java:498)
	at io.cucumber.java.Invoker.doInvoke(Invoker.java:66)
	at io.cucumber.java.Invoker.invoke(Invoker.java:24)
	at io.cucumber.java.AbstractGlueDefinition.invokeMethod(AbstractGlueDefinition.java:47)
	at io.cucumber.java.JavaStepDefinition.execute(JavaStepDefinition.java:29)
	at io.cucumber.core.runner.CoreStepDefinition.execute(CoreStepDefinition.java:66)
	at io.cucumber.core.runner.PickleStepDefinitionMatch.runStep(PickleStepDefinitionMatch.java:63)
	at io.cucumber.core.runner.ExecutionMode$1.execute(ExecutionMode.java:10)
	at io.cucumber.core.runner.TestStep.executeStep(TestStep.java:84)
	at io.cucumber.core.runner.TestStep.run(TestStep.java:56)
	at io.cucumber.core.runner.PickleStepTestStep.run(PickleStepTestStep.java:51)
	at io.cucumber.core.runner.TestCase.run(TestCase.java:84)
	at io.cucumber.core.runner.Runner.runPickle(Runner.java:75)
	at io.cucumber.testng.TestNGCucumberRunner.lambda$runScenario$1(TestNGCucumberRunner.java:132)
	at io.cucumber.core.runtime.CucumberExecutionContext.lambda$runTestCase$5(CucumberExecutionContext.java:130)
	at io.cucumber.core.runtime.RethrowingThrowableCollector.executeAndThrow(RethrowingThrowableCollector.java:23)
	at io.cucumber.core.runtime.CucumberExecutionContext.runTestCase(CucumberExecutionContext.java:130)
	at io.cucumber.testng.TestNGCucumberRunner.runScenario(TestNGCucumberRunner.java:129)
	at io.cucumber.testng.AbstractTestNGCucumberTests.runScenario(AbstractTestNGCucumberTests.java:35)
	at sun.reflect.GeneratedMethodAccessor100.invoke(Unknown Source)
	at sun.reflect.DelegatingMethodAccessorImpl.invoke(DelegatingMethodAccessorImpl.java:43)
	at java.lang.reflect.Method.invoke(Method.java:498)
	at org.testng.internal.invokers.MethodInvocationHelper.invokeMethod(MethodInvocationHelper.java:136)
	at org.testng.internal.invokers.TestInvoker.invokeMethod(TestInvoker.java:658)
	at org.testng.internal.invokers.TestInvoker.invokeTestMethod(TestInvoker.java:219)
	at org.testng.internal.invokers.MethodRunner.runInSequence(MethodRunner.java:50)
	at org.testng.internal.invokers.TestInvoker$MethodInvocationAgent.invoke(TestInvoker.java:923)
	at org.testng.internal.invokers.TestInvoker.invokeTestMethods(TestInvoker.java:192)
	at org.testng.internal.invokers.TestMethodWorker.invokeTestMethods(TestMethodWorker.java:146)
	at org.testng.internal.invokers.TestMethodWorker.run(TestMethodWorker.java:128)
	at java.util.ArrayList.forEach(ArrayList.java:1257)
	at org.testng.TestRunner.privateRun(TestRunner.java:808)
	at org.testng.TestRunner.run(TestRunner.java:603)
	at org.testng.SuiteRunner.runTest(SuiteRunner.java:429)
	at org.testng.SuiteRunner.runSequentially(SuiteRunner.java:423)
	at org.testng.SuiteRunner.privateRun(SuiteRunner.java:383)
	at org.testng.SuiteRunner.run(SuiteRunner.java:326)
	at org.testng.SuiteRunnerWorker.runSuite(SuiteRunnerWorker.java:52)
	at org.testng.SuiteRunnerWorker.run(SuiteRunnerWorker.java:95)
	at org.testng.TestNG.runSuitesSequentially(TestNG.java:1249)
	at org.testng.TestNG.runSuitesLocally(TestNG.java:1169)
	at org.testng.TestNG.runSuites(TestNG.java:1092)
	at org.testng.TestNG.run(TestNG.java:1060)
	at org.apache.maven.surefire.testng.TestNGExecutor.run(TestNGExecutor.java:284)
	at org.apache.maven.surefire.testng.TestNGXmlTestSuite.execute(TestNGXmlTestSuite.java:75)
	at org.apache.maven.surefire.testng.TestNGProvider.invoke(TestNGProvider.java:119)
	at org.apache.maven.surefire.booter.ForkedBooter.runSuitesInProcess(ForkedBooter.java:428)
	at org.apache.maven.surefire.booter.ForkedBooter.execute(ForkedBooter.java:162)
	at org.apache.maven.surefire.booter.ForkedBooter.run(ForkedBooter.java:562)
	at org.apache.maven.surefire.booter.ForkedBooter.main(ForkedBooter.java:548)
&amp#27;[0m
  &amp#27;[36mAnd &amp#27;[0m&amp#27;[36mverify that the Product Category is there for product creation&amp#27;[0m &amp#27;[90m# org.example.StepDefinitions.ProductCategories.verify_that_the_product_category_is_there_for_product_creation()&amp#27;[0m
  &amp#27;[36mThen &amp#27;[0m&amp#27;[36mclose driver for verifying Product Category&amp#27;[0m                   &amp#27;[90m# org.example.StepDefinitions.ProductCategories.close_driver_for_verifying_product_category()&amp#27;[0m
]]></system-out>
    <system-err><![CDATA[Starting ChromeDriver 116.0.5845.96 (1a391816688002153ef791ffe60d9e899a71a037-refs/branch-heads/5845@{#1382}) on port 47027
Only local connections are allowed.
Please see https://chromedriver.chromium.org/security-considerations for suggestions on keeping ChromeDriver safe.
ChromeDriver was started successfully.
Jan 08, 2024 4:33:48 PM org.openqa.selenium.remote.ProtocolHandshake createSession
INFO: Detected dialect: W3C
]]></system-err>
  </testcase>
  <testcase name="runScenario[&quot;Create a new Product&quot;, &quot;Products Test&quot;](1)" classname="org.example.Runner.ProductsTestRunner" time="-866.934">
    <system-out><![CDATA[
Scenario: Create a new Product                                           &amp#27;[90m# ///G:/Abul Hossain Chowdhury/Projects/Cucumber_For_AIR/src/test/resources/Features/Products.feature:4&amp#27;[0m
  &amp#27;[32mGiven &amp#27;[0m&amp#27;[32mlogin for creating new  Product&amp#27;[0m                                  &amp#27;[90m# org.example.StepDefinitions.Products.login_for_creating_new_product()&amp#27;[0m
Confirmation Message: Your infos has been saved
  &amp#27;[32mWhen &amp#27;[0m&amp#27;[32mcreate new  Product&amp#27;[0m                                               &amp#27;[90m# org.example.StepDefinitions.Products.create_new_product()&amp#27;[0m
  &amp#27;[32mAnd &amp#27;[0m&amp#27;[32mverify that the Product is created and listed in the Products list&amp#27;[0m &amp#27;[90m# org.example.StepDefinitions.Products.verify_that_the_product_is_created_and_listed_in_the_products_list()&amp#27;[0m
  &amp#27;[32mThen &amp#27;[0m&amp#27;[32mclose driver for creating Product&amp#27;[0m                                 &amp#27;[90m# org.example.StepDefinitions.Products.close_driver_for_creating_product()&amp#27;[0m
]]></system-out>
    <system-err><![CDATA[&amp#27;[32m&amp#27;[1m┌──────────────────────────────────────────────────────────────────────────┐&amp#27;[0m
&amp#27;[32m&amp#27;[1m│&amp#27;[0m View your Cucumber Report at:                                            &amp#27;[32m&amp#27;[1m│&amp#27;[0m
&amp#27;[32m&amp#27;[1m│&amp#27;[0m &amp#27;[1m&amp#27;[36m&amp#27;[4mhttps://reports.cucumber.io/reports/34143b95-43d0-4d82-b4e6-b4b5b48b5072&amp#27;[0m &amp#27;[32m&amp#27;[1m│&amp#27;[0m
&amp#27;[32m&amp#27;[1m│&amp#27;[0m                                                                          &amp#27;[32m&amp#27;[1m│&amp#27;[0m
&amp#27;[32m&amp#27;[1m│&amp#27;[0m &amp#27;[1mThis report will self-destruct in 24h.&amp#27;[0m                                   &amp#27;[32m&amp#27;[1m│&amp#27;[0m
&amp#27;[32m&amp#27;[1m│&amp#27;[0m Keep reports forever: &amp#27;[4m&amp#27;[1m&amp#27;[36mhttps://reports.cucumber.io/profile&amp#27;[0m                &amp#27;[32m&amp#27;[1m│&amp#27;[0m
&amp#27;[32m&amp#27;[1m└──────────────────────────────────────────────────────────────────────────┘&amp#27;[0mStarting ChromeDriver 116.0.5845.96 (1a391816688002153ef791ffe60d9e899a71a037-refs/branch-heads/5845@{#1382}) on port 16890
Only local connections are allowed.
Please see https://chromedriver.chromium.org/security-considerations for suggestions on keeping ChromeDriver safe.
ChromeDriver was started successfully.
Jan 08, 2024 4:34:10 PM org.openqa.selenium.remote.ProtocolHandshake createSession
INFO: Detected dialect: W3C
]]></system-err>
  </testcase>
  <testcase name="runScenario[&quot;Edit a Product&quot;, &quot;Products Test&quot;](2)" classname="org.example.Runner.ProductsTestRunner" time="0">
    <failure message="The step &apos;login for editing a Product&apos; is undefined.&#10;You can implement this step using the snippet(s) below:&#10;&#10;@Given(&quot;login for editing a Product&quot;)&#10;public void login_for_editing_a_product() {&#10;    // Write code here that turns the phrase above into concrete actions&#10;    throw new io.cucumber.java.PendingException();&#10;}&#10;" type="io.cucumber.testng.UndefinedStepException"><![CDATA[io.cucumber.testng.UndefinedStepException: 
The step 'login for editing a Product' is undefined.
You can implement this step using the snippet(s) below:

@Given("login for editing a Product")
public void login_for_editing_a_product() {
    // Write code here that turns the phrase above into concrete actions
    throw new io.cucumber.java.PendingException();
}

]]></failure>
    <system-out><![CDATA[
Scenario: Edit a Product                &amp#27;[90m# ///G:/Abul Hossain Chowdhury/Projects/Cucumber_For_AIR/src/test/resources/Features/Products.feature:10&amp#27;[0m
  &amp#27;[33mGiven &amp#27;[0m&amp#27;[33mlogin for editing a Product&amp#27;[0m
  &amp#27;[36mWhen &amp#27;[0m&amp#27;[36medit the Product&amp#27;[0m                 &amp#27;[90m# org.example.StepDefinitions.Products.edit_the_product()&amp#27;[0m
  &amp#27;[36mThen &amp#27;[0m&amp#27;[36mclose driver for editing Product&amp#27;[0m &amp#27;[90m# org.example.StepDefinitions.Products.close_driver_for_editing_product()&amp#27;[0m
]]></system-out>
  </testcase>
  <testcase name="runScenario[&quot;check if the Product is found while ordering&quot;, &quot;Products Test&quot;](3)" classname="org.example.Runner.ProductsTestRunner" time="0.002">
    <failure message="The step &apos;login to check if the Product is available for order&apos; is undefined.&#10;You can implement this step using the snippet(s) below:&#10;&#10;@Given(&quot;login to check if the Product is available for order&quot;)&#10;public void login_to_check_if_the_product_is_available_for_order() {&#10;    // Write code here that turns the phrase above into concrete actions&#10;    throw new io.cucumber.java.PendingException();&#10;}&#10;" type="io.cucumber.testng.UndefinedStepException"><![CDATA[io.cucumber.testng.UndefinedStepException: 
The step 'login to check if the Product is available for order' is undefined.
You can implement this step using the snippet(s) below:

@Given("login to check if the Product is available for order")
public void login_to_check_if_the_product_is_available_for_order() {
    // Write code here that turns the phrase above into concrete actions
    throw new io.cucumber.java.PendingException();
}

]]></failure>
    <system-out><![CDATA[
Scenario: check if the Product is found while ordering                      &amp#27;[90m# ///G:/Abul Hossain Chowdhury/Projects/Cucumber_For_AIR/src/test/resources/Features/Products.feature:15&amp#27;[0m
  &amp#27;[33mGiven &amp#27;[0m&amp#27;[33mlogin to check if the Product is available for order&amp#27;[0m
  &amp#27;[36mWhen &amp#27;[0m&amp#27;[36mcheck if the product is available for order&amp#27;[0m                          &amp#27;[90m# org.example.StepDefinitions.Products.check_if_the_product_is_available_for_order()&amp#27;[0m
  &amp#27;[36mThen &amp#27;[0m&amp#27;[36mClose the driver for checking if the Product is found while ordering&amp#27;[0m &amp#27;[90m# org.example.StepDefinitions.Products.close_the_driver_for_checking_if_the_product_is_found_while_ordering()&amp#27;[0m
]]></system-out>
  </testcase>
  <testcase name="tearDownClass" classname="org.example.Runner.ProductsTestRunner" time="0.002">
    <failure type="java.lang.NullPointerException"><![CDATA[java.lang.NullPointerException
]]></failure>
  </testcase>
</testsuite>